[7.981s] Invoking command in '/home/group1/create3_examples_ws/build/create3_republisher': AMENT_PREFIX_PATH=/home/group1/create3_examples_ws/install/irobot_create_msgs:${AMENT_PREFIX_PATH} CMAKE_PREFIX_PATH=/home/group1/create3_examples_ws/install/irobot_create_msgs:/opt/ros/humble LD_LIBRARY_PATH=/home/group1/create3_examples_ws/install/irobot_create_msgs/lib:${LD_LIBRARY_PATH} PYTHONPATH=/home/group1/create3_examples_ws/install/irobot_create_msgs/local/lib/python3.10/dist-packages:${PYTHONPATH} /usr/bin/cmake /home/group1/create3_examples_ws/src/create3_examples/create3_republisher -DCMAKE_INSTALL_PREFIX=/home/group1/create3_examples_ws/install/create3_republisher
[9.141s] -- The C compiler identification is GNU 11.4.0
[10.421s] -- The CXX compiler identification is GNU 11.4.0
[10.558s] -- Detecting C compiler ABI info
[12.111s] -- Detecting C compiler ABI info - done
[12.275s] -- Check for working C compiler: /usr/bin/cc - skipped
[12.283s] -- Detecting C compile features
[12.291s] -- Detecting C compile features - done
[12.350s] -- Detecting CXX compiler ABI info
[14.174s] -- Detecting CXX compiler ABI info - done
[14.371s] -- Check for working CXX compiler: /usr/bin/c++ - skipped
[14.376s] -- Detecting CXX compile features
[14.385s] -- Detecting CXX compile features - done
[14.522s] -- Found ament_cmake: 1.3.8 (/opt/ros/humble/share/ament_cmake/cmake)
[18.209s] -- Found Python3: /usr/bin/python3 (found version "3.10.12") found components: Interpreter 
[20.973s] -- Found irobot_create_msgs: 2.1.0 (/home/group1/create3_examples_ws/install/irobot_create_msgs/share/irobot_create_msgs/cmake)
[22.540s] -- Found rosidl_generator_c: 3.1.5 (/opt/ros/humble/share/rosidl_generator_c/cmake)
[22.770s] -- Found rosidl_adapter: 3.1.5 (/opt/ros/humble/share/rosidl_adapter/cmake)
[23.095s] -- Found rosidl_generator_cpp: 3.1.5 (/opt/ros/humble/share/rosidl_generator_cpp/cmake)
[23.513s] -- Using all available rosidl_typesupport_c: rosidl_typesupport_fastrtps_c;rosidl_typesupport_introspection_c
[24.137s] -- Using all available rosidl_typesupport_cpp: rosidl_typesupport_fastrtps_cpp;rosidl_typesupport_introspection_cpp
[31.091s] -- Found rclcpp: 16.0.8 (/opt/ros/humble/share/rclcpp/cmake)
[32.727s] -- Found rmw_implementation_cmake: 6.1.1 (/opt/ros/humble/share/rmw_implementation_cmake/cmake)
[32.827s] -- Found rmw_fastrtps_cpp: 6.2.6 (/opt/ros/humble/share/rmw_fastrtps_cpp/cmake)
[35.305s] -- Found OpenSSL: /usr/lib/aarch64-linux-gnu/libcrypto.so (found version "3.0.2")  
[36.368s] -- Found FastRTPS: /opt/ros/humble/include  
[38.206s] -- Using RMW implementation 'rmw_fastrtps_cpp' as default
[38.551s] -- Looking for pthread.h
[39.885s] -- Looking for pthread.h - found
[39.890s] -- Performing Test CMAKE_HAVE_LIBC_PTHREAD
[41.218s] -- Performing Test CMAKE_HAVE_LIBC_PTHREAD - Success
[41.236s] -- Found Threads: TRUE  
[44.046s] -- Found rclcpp_action: 16.0.8 (/opt/ros/humble/share/rclcpp_action/cmake)
[45.925s] -- Configuring done
[46.233s] -- Generating done
[46.270s] -- Build files have been written to: /home/group1/create3_examples_ws/build/create3_republisher
[46.439s] Invoked command in '/home/group1/create3_examples_ws/build/create3_republisher' returned '0': AMENT_PREFIX_PATH=/home/group1/create3_examples_ws/install/irobot_create_msgs:${AMENT_PREFIX_PATH} CMAKE_PREFIX_PATH=/home/group1/create3_examples_ws/install/irobot_create_msgs:/opt/ros/humble LD_LIBRARY_PATH=/home/group1/create3_examples_ws/install/irobot_create_msgs/lib:${LD_LIBRARY_PATH} PYTHONPATH=/home/group1/create3_examples_ws/install/irobot_create_msgs/local/lib/python3.10/dist-packages:${PYTHONPATH} /usr/bin/cmake /home/group1/create3_examples_ws/src/create3_examples/create3_republisher -DCMAKE_INSTALL_PREFIX=/home/group1/create3_examples_ws/install/create3_republisher
[46.454s] Invoking command in '/home/group1/create3_examples_ws/build/create3_republisher': AMENT_PREFIX_PATH=/home/group1/create3_examples_ws/install/irobot_create_msgs:${AMENT_PREFIX_PATH} CMAKE_PREFIX_PATH=/home/group1/create3_examples_ws/install/irobot_create_msgs:/opt/ros/humble LD_LIBRARY_PATH=/home/group1/create3_examples_ws/install/irobot_create_msgs/lib:${LD_LIBRARY_PATH} PYTHONPATH=/home/group1/create3_examples_ws/install/irobot_create_msgs/local/lib/python3.10/dist-packages:${PYTHONPATH} /usr/bin/cmake --build /home/group1/create3_examples_ws/build/create3_republisher -- -j4 -l4
[47.275s] [ 50%] [32mBuilding CXX object CMakeFiles/create3_republisher.dir/republisher.cpp.o[0m
