[25.480s] Invoking command in '/home/group1/create3_examples_ws/src/py_pubsub': PYTHONPATH=/home/group1/create3_examples_ws/build/py_pubsub/prefix_override:/home/group1/create3_examples_ws/install/py_pubsub/lib/python3.10/site-packages:${PYTHONPATH} /usr/bin/python3 -W ignore:setup.py install is deprecated setup.py egg_info --egg-base ../../build/py_pubsub build --build-base /home/group1/create3_examples_ws/build/py_pubsub/build install --record /home/group1/create3_examples_ws/build/py_pubsub/install.log --single-version-externally-managed install_data
[36.968s] running egg_info
[36.986s] writing ../../build/py_pubsub/py_pubsub.egg-info/PKG-INFO
[36.993s] writing dependency_links to ../../build/py_pubsub/py_pubsub.egg-info/dependency_links.txt
[36.999s] writing entry points to ../../build/py_pubsub/py_pubsub.egg-info/entry_points.txt
[37.002s] writing requirements to ../../build/py_pubsub/py_pubsub.egg-info/requires.txt
[37.006s] writing top-level names to ../../build/py_pubsub/py_pubsub.egg-info/top_level.txt
[37.049s] reading manifest file '../../build/py_pubsub/py_pubsub.egg-info/SOURCES.txt'
[37.070s] writing manifest file '../../build/py_pubsub/py_pubsub.egg-info/SOURCES.txt'
[37.073s] running build
[37.076s] running build_py
[37.083s] copying py_pubsub/pubserial.py -> /home/group1/create3_examples_ws/build/py_pubsub/build/lib/py_pubsub
[37.095s] running install
[37.101s] running install_lib
[37.126s] copying /home/group1/create3_examples_ws/build/py_pubsub/build/lib/py_pubsub/pubserial.py -> /home/group1/create3_examples_ws/install/py_pubsub/lib/python3.10/site-packages/py_pubsub
[37.147s] byte-compiling /home/group1/create3_examples_ws/install/py_pubsub/lib/python3.10/site-packages/py_pubsub/pubserial.py to pubserial.cpython-310.pyc
[37.163s] running install_data
[37.173s] running install_egg_info
[37.216s] removing '/home/group1/create3_examples_ws/install/py_pubsub/lib/python3.10/site-packages/py_pubsub-0.0.0-py3.10.egg-info' (and everything under it)
[37.226s] Copying ../../build/py_pubsub/py_pubsub.egg-info to /home/group1/create3_examples_ws/install/py_pubsub/lib/python3.10/site-packages/py_pubsub-0.0.0-py3.10.egg-info
[37.270s] running install_scripts
[37.743s] Installing listener script to /home/group1/create3_examples_ws/install/py_pubsub/lib/py_pubsub
[37.749s] Installing talker script to /home/group1/create3_examples_ws/install/py_pubsub/lib/py_pubsub
[37.759s] writing list of installed files to '/home/group1/create3_examples_ws/build/py_pubsub/install.log'
[38.237s] Invoked command in '/home/group1/create3_examples_ws/src/py_pubsub' returned '0': PYTHONPATH=/home/group1/create3_examples_ws/build/py_pubsub/prefix_override:/home/group1/create3_examples_ws/install/py_pubsub/lib/python3.10/site-packages:${PYTHONPATH} /usr/bin/python3 -W ignore:setup.py install is deprecated setup.py egg_info --egg-base ../../build/py_pubsub build --build-base /home/group1/create3_examples_ws/build/py_pubsub/build install --record /home/group1/create3_examples_ws/build/py_pubsub/install.log --single-version-externally-managed install_data
