[13.384s] Invoking command in '/home/group1/create3_examples_ws/src/py_pubsub': PYTHONPATH=/home/group1/create3_examples_ws/build/py_pubsub/prefix_override:/home/group1/create3_examples_ws/install/py_pubsub/lib/python3.10/site-packages:${PYTHONPATH} /usr/bin/python3 -W ignore:setup.py install is deprecated setup.py egg_info --egg-base ../../build/py_pubsub build --build-base /home/group1/create3_examples_ws/build/py_pubsub/build install --record /home/group1/create3_examples_ws/build/py_pubsub/install.log --single-version-externally-managed install_data
[18.975s] running egg_info
[18.989s] writing ../../build/py_pubsub/py_pubsub.egg-info/PKG-INFO
[18.993s] writing dependency_links to ../../build/py_pubsub/py_pubsub.egg-info/dependency_links.txt
[18.997s] writing entry points to ../../build/py_pubsub/py_pubsub.egg-info/entry_points.txt
[19.000s] writing requirements to ../../build/py_pubsub/py_pubsub.egg-info/requires.txt
[19.003s] writing top-level names to ../../build/py_pubsub/py_pubsub.egg-info/top_level.txt
[19.035s] reading manifest file '../../build/py_pubsub/py_pubsub.egg-info/SOURCES.txt'
[19.060s] writing manifest file '../../build/py_pubsub/py_pubsub.egg-info/SOURCES.txt'
[19.062s] running build
[19.064s] running build_py
[19.069s] running install
[19.074s] running install_lib
[19.089s] copying /home/group1/create3_examples_ws/build/py_pubsub/build/lib/py_pubsub/subscriber_member_function.py -> /home/group1/create3_examples_ws/install/py_pubsub/lib/python3.10/site-packages/py_pubsub
[19.102s] byte-compiling /home/group1/create3_examples_ws/install/py_pubsub/lib/python3.10/site-packages/py_pubsub/subscriber_member_function.py to subscriber_member_function.cpython-310.pyc
[19.111s] running install_data
[19.116s] running install_egg_info
[19.144s] removing '/home/group1/create3_examples_ws/install/py_pubsub/lib/python3.10/site-packages/py_pubsub-0.0.0-py3.10.egg-info' (and everything under it)
[19.151s] Copying ../../build/py_pubsub/py_pubsub.egg-info to /home/group1/create3_examples_ws/install/py_pubsub/lib/python3.10/site-packages/py_pubsub-0.0.0-py3.10.egg-info
[19.177s] running install_scripts
[19.535s] Installing listener script to /home/group1/create3_examples_ws/install/py_pubsub/lib/py_pubsub
[19.539s] Installing talker script to /home/group1/create3_examples_ws/install/py_pubsub/lib/py_pubsub
[19.548s] writing list of installed files to '/home/group1/create3_examples_ws/build/py_pubsub/install.log'
[19.945s] Invoked command in '/home/group1/create3_examples_ws/src/py_pubsub' returned '0': PYTHONPATH=/home/group1/create3_examples_ws/build/py_pubsub/prefix_override:/home/group1/create3_examples_ws/install/py_pubsub/lib/python3.10/site-packages:${PYTHONPATH} /usr/bin/python3 -W ignore:setup.py install is deprecated setup.py egg_info --egg-base ../../build/py_pubsub build --build-base /home/group1/create3_examples_ws/build/py_pubsub/build install --record /home/group1/create3_examples_ws/build/py_pubsub/install.log --single-version-externally-managed install_data
