running egg_info
creating ../../../build/create3_teleop/create3_teleop.egg-info
writing ../../../build/create3_teleop/create3_teleop.egg-info/PKG-INFO
writing dependency_links to ../../../build/create3_teleop/create3_teleop.egg-info/dependency_links.txt
writing requirements to ../../../build/create3_teleop/create3_teleop.egg-info/requires.txt
writing top-level names to ../../../build/create3_teleop/create3_teleop.egg-info/top_level.txt
writing manifest file '../../../build/create3_teleop/create3_teleop.egg-info/SOURCES.txt'
reading manifest file '../../../build/create3_teleop/create3_teleop.egg-info/SOURCES.txt'
writing manifest file '../../../build/create3_teleop/create3_teleop.egg-info/SOURCES.txt'
running build
running install
running install_data
creating /home/group1/create3_examples_ws/install/create3_teleop/share/ament_index
creating /home/group1/create3_examples_ws/install/create3_teleop/share/ament_index/resource_index
creating /home/group1/create3_examples_ws/install/create3_teleop/share/ament_index/resource_index/packages
copying resource/create3_teleop -> /home/group1/create3_examples_ws/install/create3_teleop/share/ament_index/resource_index/packages
copying package.xml -> /home/group1/create3_examples_ws/install/create3_teleop/share/create3_teleop
creating /home/group1/create3_examples_ws/install/create3_teleop/share/create3_teleop/launch
copying launch/teleop_joystick_launch.py -> /home/group1/create3_examples_ws/install/create3_teleop/share/create3_teleop/launch
running install_egg_info
Copying ../../../build/create3_teleop/create3_teleop.egg-info to /home/group1/create3_examples_ws/install/create3_teleop/lib/python3.10/site-packages/create3_teleop-0.0.1-py3.10.egg-info
running install_scripts
writing list of installed files to '/home/group1/create3_examples_ws/build/create3_teleop/install.log'
