[5.617s] DEBUG:colcon:Command line arguments: ['/usr/bin/colcon', 'build', '--packages-select', 'py_pubsub']
[5.619s] DEBUG:colcon:Parsed command line arguments: Namespace(log_base=None, log_level=None, verb_name='build', build_base='build', install_base='install', merge_install=False, symlink_install=False, test_result_base=None, continue_on_error=False, executor='parallel', parallel_workers=4, event_handlers=None, ignore_user_meta=False, metas=['./colcon.meta'], base_paths=['.'], packages_ignore=None, packages_ignore_regex=None, paths=None, packages_up_to=None, packages_up_to_regex=None, packages_above=None, packages_above_and_dependencies=None, packages_above_depth=None, packages_select_by_dep=None, packages_skip_by_dep=None, packages_skip_up_to=None, packages_select_build_failed=False, packages_skip_build_finished=False, packages_select_test_failures=False, packages_skip_test_passed=False, packages_select=['py_pubsub'], packages_skip=None, packages_select_regex=None, packages_skip_regex=None, packages_start=None, packages_end=None, allow_overriding=[], cmake_args=None, cmake_target=None, cmake_target_skip_unavailable=False, cmake_clean_cache=False, cmake_clean_first=False, cmake_force_configure=False, ament_cmake_args=None, catkin_cmake_args=None, catkin_skip_building_tests=False, verb_parser=<colcon_defaults.argument_parser.defaults.DefaultArgumentsDecorator object at 0xffffb2c13be0>, verb_extension=<colcon_core.verb.build.BuildVerb object at 0xffffb2b5c820>, main=<bound method BuildVerb.main of <colcon_core.verb.build.BuildVerb object at 0xffffb2b5c820>>)
[13.981s] Level 1:colcon.colcon_core.package_discovery:discover_packages(colcon_meta) check parameters
[13.985s] Level 1:colcon.colcon_core.package_discovery:discover_packages(recursive) check parameters
[13.986s] Level 1:colcon.colcon_core.package_discovery:discover_packages(ignore) check parameters
[13.987s] Level 1:colcon.colcon_core.package_discovery:discover_packages(path) check parameters
[13.988s] Level 1:colcon.colcon_core.package_discovery:discover_packages(colcon_meta) discover
[13.990s] Level 1:colcon.colcon_core.package_discovery:discover_packages(recursive) discover
[13.991s] INFO:colcon.colcon_core.package_discovery:Crawling recursively for packages in '/home/group1/create3_examples_ws'
[13.994s] Level 1:colcon.colcon_core.package_identification:_identify(.) by extensions ['ignore', 'ignore_ament_install']
[13.997s] Level 1:colcon.colcon_core.package_identification:_identify(.) by extension 'ignore'
[13.999s] Level 1:colcon.colcon_core.package_identification:_identify(.) by extension 'ignore_ament_install'
[14.001s] Level 1:colcon.colcon_core.package_identification:_identify(.) by extensions ['colcon_pkg']
[14.002s] Level 1:colcon.colcon_core.package_identification:_identify(.) by extension 'colcon_pkg'
[14.004s] Level 1:colcon.colcon_core.package_identification:_identify(.) by extensions ['colcon_meta']
[14.005s] Level 1:colcon.colcon_core.package_identification:_identify(.) by extension 'colcon_meta'
[14.006s] Level 1:colcon.colcon_core.package_identification:_identify(.) by extensions ['ros']
[14.007s] Level 1:colcon.colcon_core.package_identification:_identify(.) by extension 'ros'
[14.378s] Level 1:colcon.colcon_core.package_identification:_identify(.) by extensions ['cmake', 'python']
[14.380s] Level 1:colcon.colcon_core.package_identification:_identify(.) by extension 'cmake'
[14.383s] Level 1:colcon.colcon_core.package_identification:_identify(.) by extension 'python'
[14.385s] Level 1:colcon.colcon_core.package_identification:_identify(.) by extensions ['python_setup_py']
[14.387s] Level 1:colcon.colcon_core.package_identification:_identify(.) by extension 'python_setup_py'
[14.391s] Level 1:colcon.colcon_core.package_identification:_identify(build) by extensions ['ignore', 'ignore_ament_install']
[14.396s] Level 1:colcon.colcon_core.package_identification:_identify(build) by extension 'ignore'
[14.398s] Level 1:colcon.colcon_core.package_identification:_identify(build) ignored
[14.402s] Level 1:colcon.colcon_core.package_identification:_identify(install) by extensions ['ignore', 'ignore_ament_install']
[14.405s] Level 1:colcon.colcon_core.package_identification:_identify(install) by extension 'ignore'
[14.407s] Level 1:colcon.colcon_core.package_identification:_identify(install) ignored
[14.410s] Level 1:colcon.colcon_core.package_identification:_identify(log) by extensions ['ignore', 'ignore_ament_install']
[14.413s] Level 1:colcon.colcon_core.package_identification:_identify(log) by extension 'ignore'
[14.415s] Level 1:colcon.colcon_core.package_identification:_identify(log) ignored
[14.418s] Level 1:colcon.colcon_core.package_identification:_identify(src) by extensions ['ignore', 'ignore_ament_install']
[14.421s] Level 1:colcon.colcon_core.package_identification:_identify(src) by extension 'ignore'
[14.423s] Level 1:colcon.colcon_core.package_identification:_identify(src) by extension 'ignore_ament_install'
[14.426s] Level 1:colcon.colcon_core.package_identification:_identify(src) by extensions ['colcon_pkg']
[14.427s] Level 1:colcon.colcon_core.package_identification:_identify(src) by extension 'colcon_pkg'
[14.429s] Level 1:colcon.colcon_core.package_identification:_identify(src) by extensions ['colcon_meta']
[14.430s] Level 1:colcon.colcon_core.package_identification:_identify(src) by extension 'colcon_meta'
[14.432s] Level 1:colcon.colcon_core.package_identification:_identify(src) by extensions ['ros']
[14.434s] Level 1:colcon.colcon_core.package_identification:_identify(src) by extension 'ros'
[14.437s] Level 1:colcon.colcon_core.package_identification:_identify(src) by extensions ['cmake', 'python']
[14.438s] Level 1:colcon.colcon_core.package_identification:_identify(src) by extension 'cmake'
[14.440s] Level 1:colcon.colcon_core.package_identification:_identify(src) by extension 'python'
[14.442s] Level 1:colcon.colcon_core.package_identification:_identify(src) by extensions ['python_setup_py']
[14.443s] Level 1:colcon.colcon_core.package_identification:_identify(src) by extension 'python_setup_py'
[14.451s] Level 1:colcon.colcon_core.package_identification:_identify(src/create3_examples) by extensions ['ignore', 'ignore_ament_install']
[14.454s] Level 1:colcon.colcon_core.package_identification:_identify(src/create3_examples) by extension 'ignore'
[14.459s] Level 1:colcon.colcon_core.package_identification:_identify(src/create3_examples) by extension 'ignore_ament_install'
[14.461s] Level 1:colcon.colcon_core.package_identification:_identify(src/create3_examples) by extensions ['colcon_pkg']
[14.463s] Level 1:colcon.colcon_core.package_identification:_identify(src/create3_examples) by extension 'colcon_pkg'
[14.465s] Level 1:colcon.colcon_core.package_identification:_identify(src/create3_examples) by extensions ['colcon_meta']
[14.466s] Level 1:colcon.colcon_core.package_identification:_identify(src/create3_examples) by extension 'colcon_meta'
[14.468s] Level 1:colcon.colcon_core.package_identification:_identify(src/create3_examples) by extensions ['ros']
[14.469s] Level 1:colcon.colcon_core.package_identification:_identify(src/create3_examples) by extension 'ros'
[14.472s] Level 1:colcon.colcon_core.package_identification:_identify(src/create3_examples) by extensions ['cmake', 'python']
[14.473s] Level 1:colcon.colcon_core.package_identification:_identify(src/create3_examples) by extension 'cmake'
[14.475s] Level 1:colcon.colcon_core.package_identification:_identify(src/create3_examples) by extension 'python'
[14.477s] Level 1:colcon.colcon_core.package_identification:_identify(src/create3_examples) by extensions ['python_setup_py']
[14.478s] Level 1:colcon.colcon_core.package_identification:_identify(src/create3_examples) by extension 'python_setup_py'
[14.486s] Level 1:colcon.colcon_core.package_identification:_identify(src/create3_examples/create3_coverage) by extensions ['ignore', 'ignore_ament_install']
[14.489s] Level 1:colcon.colcon_core.package_identification:_identify(src/create3_examples/create3_coverage) by extension 'ignore'
[14.491s] Level 1:colcon.colcon_core.package_identification:_identify(src/create3_examples/create3_coverage) by extension 'ignore_ament_install'
[14.494s] Level 1:colcon.colcon_core.package_identification:_identify(src/create3_examples/create3_coverage) by extensions ['colcon_pkg']
[14.495s] Level 1:colcon.colcon_core.package_identification:_identify(src/create3_examples/create3_coverage) by extension 'colcon_pkg'
[14.497s] Level 1:colcon.colcon_core.package_identification:_identify(src/create3_examples/create3_coverage) by extensions ['colcon_meta']
[14.499s] Level 1:colcon.colcon_core.package_identification:_identify(src/create3_examples/create3_coverage) by extension 'colcon_meta'
[14.501s] Level 1:colcon.colcon_core.package_identification:_identify(src/create3_examples/create3_coverage) by extensions ['ros']
[14.502s] Level 1:colcon.colcon_core.package_identification:_identify(src/create3_examples/create3_coverage) by extension 'ros'
[14.589s] DEBUG:colcon.colcon_core.package_identification:Package 'src/create3_examples/create3_coverage' with type 'ros.ament_cmake' and name 'create3_coverage'
[14.596s] Level 1:colcon.colcon_core.package_identification:_identify(src/create3_examples/create3_examples_msgs) by extensions ['ignore', 'ignore_ament_install']
[14.598s] Level 1:colcon.colcon_core.package_identification:_identify(src/create3_examples/create3_examples_msgs) by extension 'ignore'
[14.600s] Level 1:colcon.colcon_core.package_identification:_identify(src/create3_examples/create3_examples_msgs) by extension 'ignore_ament_install'
[14.602s] Level 1:colcon.colcon_core.package_identification:_identify(src/create3_examples/create3_examples_msgs) by extensions ['colcon_pkg']
[14.604s] Level 1:colcon.colcon_core.package_identification:_identify(src/create3_examples/create3_examples_msgs) by extension 'colcon_pkg'
[14.606s] Level 1:colcon.colcon_core.package_identification:_identify(src/create3_examples/create3_examples_msgs) by extensions ['colcon_meta']
[14.607s] Level 1:colcon.colcon_core.package_identification:_identify(src/create3_examples/create3_examples_msgs) by extension 'colcon_meta'
[14.609s] Level 1:colcon.colcon_core.package_identification:_identify(src/create3_examples/create3_examples_msgs) by extensions ['ros']
[14.611s] Level 1:colcon.colcon_core.package_identification:_identify(src/create3_examples/create3_examples_msgs) by extension 'ros'
[14.629s] DEBUG:colcon.colcon_core.package_identification:Package 'src/create3_examples/create3_examples_msgs' with type 'ros.ament_cmake' and name 'create3_examples_msgs'
[14.637s] Level 1:colcon.colcon_core.package_identification:_identify(src/create3_examples/create3_examples_py) by extensions ['ignore', 'ignore_ament_install']
[14.643s] Level 1:colcon.colcon_core.package_identification:_identify(src/create3_examples/create3_examples_py) by extension 'ignore'
[14.647s] Level 1:colcon.colcon_core.package_identification:_identify(src/create3_examples/create3_examples_py) by extension 'ignore_ament_install'
[14.653s] Level 1:colcon.colcon_core.package_identification:_identify(src/create3_examples/create3_examples_py) by extensions ['colcon_pkg']
[14.655s] Level 1:colcon.colcon_core.package_identification:_identify(src/create3_examples/create3_examples_py) by extension 'colcon_pkg'
[14.657s] Level 1:colcon.colcon_core.package_identification:_identify(src/create3_examples/create3_examples_py) by extensions ['colcon_meta']
[14.659s] Level 1:colcon.colcon_core.package_identification:_identify(src/create3_examples/create3_examples_py) by extension 'colcon_meta'
[14.661s] Level 1:colcon.colcon_core.package_identification:_identify(src/create3_examples/create3_examples_py) by extensions ['ros']
[14.662s] Level 1:colcon.colcon_core.package_identification:_identify(src/create3_examples/create3_examples_py) by extension 'ros'
[14.686s] DEBUG:colcon.colcon_core.package_identification:Package 'src/create3_examples/create3_examples_py' with type 'ros.ament_python' and name 'create3_examples_py'
[14.692s] Level 1:colcon.colcon_core.package_identification:_identify(src/create3_examples/create3_lidar_slam) by extensions ['ignore', 'ignore_ament_install']
[14.694s] Level 1:colcon.colcon_core.package_identification:_identify(src/create3_examples/create3_lidar_slam) by extension 'ignore'
[14.697s] Level 1:colcon.colcon_core.package_identification:_identify(src/create3_examples/create3_lidar_slam) by extension 'ignore_ament_install'
[14.699s] Level 1:colcon.colcon_core.package_identification:_identify(src/create3_examples/create3_lidar_slam) by extensions ['colcon_pkg']
[14.701s] Level 1:colcon.colcon_core.package_identification:_identify(src/create3_examples/create3_lidar_slam) by extension 'colcon_pkg'
[14.704s] Level 1:colcon.colcon_core.package_identification:_identify(src/create3_examples/create3_lidar_slam) by extensions ['colcon_meta']
[14.705s] Level 1:colcon.colcon_core.package_identification:_identify(src/create3_examples/create3_lidar_slam) by extension 'colcon_meta'
[14.707s] Level 1:colcon.colcon_core.package_identification:_identify(src/create3_examples/create3_lidar_slam) by extensions ['ros']
[14.708s] Level 1:colcon.colcon_core.package_identification:_identify(src/create3_examples/create3_lidar_slam) by extension 'ros'
[14.727s] DEBUG:colcon.colcon_core.package_identification:Package 'src/create3_examples/create3_lidar_slam' with type 'ros.ament_cmake' and name 'create3_lidar_slam'
[14.733s] Level 1:colcon.colcon_core.package_identification:_identify(src/create3_examples/create3_republisher) by extensions ['ignore', 'ignore_ament_install']
[14.737s] Level 1:colcon.colcon_core.package_identification:_identify(src/create3_examples/create3_republisher) by extension 'ignore'
[14.739s] Level 1:colcon.colcon_core.package_identification:_identify(src/create3_examples/create3_republisher) by extension 'ignore_ament_install'
[14.741s] Level 1:colcon.colcon_core.package_identification:_identify(src/create3_examples/create3_republisher) by extensions ['colcon_pkg']
[14.743s] Level 1:colcon.colcon_core.package_identification:_identify(src/create3_examples/create3_republisher) by extension 'colcon_pkg'
[14.745s] Level 1:colcon.colcon_core.package_identification:_identify(src/create3_examples/create3_republisher) by extensions ['colcon_meta']
[14.746s] Level 1:colcon.colcon_core.package_identification:_identify(src/create3_examples/create3_republisher) by extension 'colcon_meta'
[14.749s] Level 1:colcon.colcon_core.package_identification:_identify(src/create3_examples/create3_republisher) by extensions ['ros']
[14.750s] Level 1:colcon.colcon_core.package_identification:_identify(src/create3_examples/create3_republisher) by extension 'ros'
[14.795s] DEBUG:colcon.colcon_core.package_identification:Package 'src/create3_examples/create3_republisher' with type 'ros.ament_cmake' and name 'create3_republisher'
[14.804s] Level 1:colcon.colcon_core.package_identification:_identify(src/create3_examples/create3_teleop) by extensions ['ignore', 'ignore_ament_install']
[14.810s] Level 1:colcon.colcon_core.package_identification:_identify(src/create3_examples/create3_teleop) by extension 'ignore'
[14.814s] Level 1:colcon.colcon_core.package_identification:_identify(src/create3_examples/create3_teleop) by extension 'ignore_ament_install'
[14.819s] Level 1:colcon.colcon_core.package_identification:_identify(src/create3_examples/create3_teleop) by extensions ['colcon_pkg']
[14.822s] Level 1:colcon.colcon_core.package_identification:_identify(src/create3_examples/create3_teleop) by extension 'colcon_pkg'
[14.825s] Level 1:colcon.colcon_core.package_identification:_identify(src/create3_examples/create3_teleop) by extensions ['colcon_meta']
[14.828s] Level 1:colcon.colcon_core.package_identification:_identify(src/create3_examples/create3_teleop) by extension 'colcon_meta'
[14.832s] Level 1:colcon.colcon_core.package_identification:_identify(src/create3_examples/create3_teleop) by extensions ['ros']
[14.835s] Level 1:colcon.colcon_core.package_identification:_identify(src/create3_examples/create3_teleop) by extension 'ros'
[14.863s] DEBUG:colcon.colcon_core.package_identification:Package 'src/create3_examples/create3_teleop' with type 'ros.ament_python' and name 'create3_teleop'
[14.871s] Level 1:colcon.colcon_core.package_identification:_identify(src/irobot_create_msgs) by extensions ['ignore', 'ignore_ament_install']
[14.874s] Level 1:colcon.colcon_core.package_identification:_identify(src/irobot_create_msgs) by extension 'ignore'
[14.877s] Level 1:colcon.colcon_core.package_identification:_identify(src/irobot_create_msgs) by extension 'ignore_ament_install'
[14.880s] Level 1:colcon.colcon_core.package_identification:_identify(src/irobot_create_msgs) by extensions ['colcon_pkg']
[14.881s] Level 1:colcon.colcon_core.package_identification:_identify(src/irobot_create_msgs) by extension 'colcon_pkg'
[14.883s] Level 1:colcon.colcon_core.package_identification:_identify(src/irobot_create_msgs) by extensions ['colcon_meta']
[14.885s] Level 1:colcon.colcon_core.package_identification:_identify(src/irobot_create_msgs) by extension 'colcon_meta'
[14.886s] Level 1:colcon.colcon_core.package_identification:_identify(src/irobot_create_msgs) by extensions ['ros']
[14.887s] Level 1:colcon.colcon_core.package_identification:_identify(src/irobot_create_msgs) by extension 'ros'
[14.908s] DEBUG:colcon.colcon_core.package_identification:Package 'src/irobot_create_msgs' with type 'ros.ament_cmake' and name 'irobot_create_msgs'
[14.911s] Level 1:colcon.colcon_core.package_identification:_identify(src/py_pubsub) by extensions ['ignore', 'ignore_ament_install']
[14.914s] Level 1:colcon.colcon_core.package_identification:_identify(src/py_pubsub) by extension 'ignore'
[14.917s] Level 1:colcon.colcon_core.package_identification:_identify(src/py_pubsub) by extension 'ignore_ament_install'
[14.919s] Level 1:colcon.colcon_core.package_identification:_identify(src/py_pubsub) by extensions ['colcon_pkg']
[14.920s] Level 1:colcon.colcon_core.package_identification:_identify(src/py_pubsub) by extension 'colcon_pkg'
[14.922s] Level 1:colcon.colcon_core.package_identification:_identify(src/py_pubsub) by extensions ['colcon_meta']
[14.923s] Level 1:colcon.colcon_core.package_identification:_identify(src/py_pubsub) by extension 'colcon_meta'
[14.926s] Level 1:colcon.colcon_core.package_identification:_identify(src/py_pubsub) by extensions ['ros']
[14.932s] Level 1:colcon.colcon_core.package_identification:_identify(src/py_pubsub) by extension 'ros'
[14.950s] DEBUG:colcon.colcon_core.package_identification:Package 'src/py_pubsub' with type 'ros.ament_python' and name 'py_pubsub'
[14.952s] Level 1:colcon.colcon_core.package_discovery:discover_packages(recursive) using defaults
[14.953s] Level 1:colcon.colcon_core.package_discovery:discover_packages(ignore) discover
[14.954s] Level 1:colcon.colcon_core.package_discovery:discover_packages(ignore) using defaults
[14.955s] Level 1:colcon.colcon_core.package_discovery:discover_packages(path) discover
[14.957s] Level 1:colcon.colcon_core.package_discovery:discover_packages(path) using defaults
[15.775s] INFO:colcon.colcon_core.package_selection:Skipping not selected package 'create3_examples_msgs' in 'src/create3_examples/create3_examples_msgs'
[15.776s] INFO:colcon.colcon_core.package_selection:Skipping not selected package 'create3_teleop' in 'src/create3_examples/create3_teleop'
[15.777s] INFO:colcon.colcon_core.package_selection:Skipping not selected package 'irobot_create_msgs' in 'src/irobot_create_msgs'
[15.779s] INFO:colcon.colcon_core.package_selection:Skipping not selected package 'create3_coverage' in 'src/create3_examples/create3_coverage'
[15.780s] INFO:colcon.colcon_core.package_selection:Skipping not selected package 'create3_examples_py' in 'src/create3_examples/create3_examples_py'
[15.781s] INFO:colcon.colcon_core.package_selection:Skipping not selected package 'create3_lidar_slam' in 'src/create3_examples/create3_lidar_slam'
[15.782s] INFO:colcon.colcon_core.package_selection:Skipping not selected package 'create3_republisher' in 'src/create3_examples/create3_republisher'
[15.799s] Level 1:colcon.colcon_core.package_discovery:discover_packages(prefix_path) check parameters
[15.800s] Level 1:colcon.colcon_core.package_discovery:discover_packages(prefix_path) discover
[16.974s] DEBUG:colcon.colcon_installed_package_information.package_discovery:Found 6 installed packages in /home/group1/create3_examples_ws/install
[17.350s] DEBUG:colcon.colcon_installed_package_information.package_discovery:Found 280 installed packages in /opt/ros/humble
[17.523s] Level 1:colcon.colcon_core.package_discovery:discover_packages(prefix_path) using defaults
[20.598s] Level 5:colcon.colcon_core.verb:set package 'py_pubsub' build argument 'cmake_args' from command line to 'None'
[20.600s] Level 5:colcon.colcon_core.verb:set package 'py_pubsub' build argument 'cmake_target' from command line to 'None'
[20.601s] Level 5:colcon.colcon_core.verb:set package 'py_pubsub' build argument 'cmake_target_skip_unavailable' from command line to 'False'
[20.605s] Level 5:colcon.colcon_core.verb:set package 'py_pubsub' build argument 'cmake_clean_cache' from command line to 'False'
[20.607s] Level 5:colcon.colcon_core.verb:set package 'py_pubsub' build argument 'cmake_clean_first' from command line to 'False'
[20.610s] Level 5:colcon.colcon_core.verb:set package 'py_pubsub' build argument 'cmake_force_configure' from command line to 'False'
[20.611s] Level 5:colcon.colcon_core.verb:set package 'py_pubsub' build argument 'ament_cmake_args' from command line to 'None'
[20.612s] Level 5:colcon.colcon_core.verb:set package 'py_pubsub' build argument 'catkin_cmake_args' from command line to 'None'
[20.613s] Level 5:colcon.colcon_core.verb:set package 'py_pubsub' build argument 'catkin_skip_building_tests' from command line to 'False'
[20.615s] DEBUG:colcon.colcon_core.verb:Building package 'py_pubsub' with the following arguments: {'ament_cmake_args': None, 'build_base': '/home/group1/create3_examples_ws/build/py_pubsub', 'catkin_cmake_args': None, 'catkin_skip_building_tests': False, 'cmake_args': None, 'cmake_clean_cache': False, 'cmake_clean_first': False, 'cmake_force_configure': False, 'cmake_target': None, 'cmake_target_skip_unavailable': False, 'install_base': '/home/group1/create3_examples_ws/install/py_pubsub', 'merge_install': False, 'path': '/home/group1/create3_examples_ws/src/py_pubsub', 'symlink_install': False, 'test_result_base': None}
[20.619s] INFO:colcon.colcon_core.executor:Executing jobs using 'parallel' executor
[20.641s] DEBUG:colcon.colcon_parallel_executor.executor.parallel:run_until_complete
[20.645s] INFO:colcon.colcon_ros.task.ament_python.build:Building ROS package in '/home/group1/create3_examples_ws/src/py_pubsub' with build type 'ament_python'
[20.647s] Level 1:colcon.colcon_core.shell:create_environment_hook('py_pubsub', 'ament_prefix_path')
[21.094s] INFO:colcon.colcon_core.plugin_system:Skipping extension 'colcon_core.shell.bat': Not used on non-Windows systems
[21.102s] INFO:colcon.colcon_core.shell:Creating environment hook '/home/group1/create3_examples_ws/install/py_pubsub/share/py_pubsub/hook/ament_prefix_path.ps1'
[21.140s] INFO:colcon.colcon_core.shell:Creating environment descriptor '/home/group1/create3_examples_ws/install/py_pubsub/share/py_pubsub/hook/ament_prefix_path.dsv'
[21.160s] INFO:colcon.colcon_core.shell:Creating environment hook '/home/group1/create3_examples_ws/install/py_pubsub/share/py_pubsub/hook/ament_prefix_path.sh'
[21.183s] INFO:colcon.colcon_core.shell:Skip shell extension 'powershell' for command environment: Not usable outside of PowerShell
[21.185s] DEBUG:colcon.colcon_core.shell:Skip shell extension 'dsv' for command environment
[29.290s] INFO:colcon.colcon_core.task.python.build:Building Python package in '/home/group1/create3_examples_ws/src/py_pubsub'
[29.297s] INFO:colcon.colcon_core.shell:Skip shell extension 'powershell' for command environment: Not usable outside of PowerShell
[29.298s] DEBUG:colcon.colcon_core.shell:Skip shell extension 'dsv' for command environment
[38.191s] DEBUG:colcon.colcon_core.event_handler.log_command:Invoking command in '/home/group1/create3_examples_ws/src/py_pubsub': PYTHONPATH=/home/group1/create3_examples_ws/build/py_pubsub/prefix_override:/home/group1/create3_examples_ws/install/py_pubsub/lib/python3.10/site-packages:${PYTHONPATH} /usr/bin/python3 -W ignore:setup.py install is deprecated setup.py egg_info --egg-base ../../build/py_pubsub build --build-base /home/group1/create3_examples_ws/build/py_pubsub/build install --record /home/group1/create3_examples_ws/build/py_pubsub/install.log --single-version-externally-managed install_data
[45.770s] DEBUG:colcon.colcon_core.event_handler.log_command:Invoked command in '/home/group1/create3_examples_ws/src/py_pubsub' returned '0': PYTHONPATH=/home/group1/create3_examples_ws/build/py_pubsub/prefix_override:/home/group1/create3_examples_ws/install/py_pubsub/lib/python3.10/site-packages:${PYTHONPATH} /usr/bin/python3 -W ignore:setup.py install is deprecated setup.py egg_info --egg-base ../../build/py_pubsub build --build-base /home/group1/create3_examples_ws/build/py_pubsub/build install --record /home/group1/create3_examples_ws/build/py_pubsub/install.log --single-version-externally-managed install_data
[45.877s] Level 1:colcon.colcon_core.environment:checking '/home/group1/create3_examples_ws/install/py_pubsub' for CMake module files
[45.898s] Level 1:colcon.colcon_core.environment:checking '/home/group1/create3_examples_ws/install/py_pubsub' for CMake config files
[45.929s] Level 1:colcon.colcon_core.environment:checking '/home/group1/create3_examples_ws/install/py_pubsub/lib'
[45.933s] Level 1:colcon.colcon_core.environment:checking '/home/group1/create3_examples_ws/install/py_pubsub/bin'
[45.935s] Level 1:colcon.colcon_core.environment:checking '/home/group1/create3_examples_ws/install/py_pubsub/lib/pkgconfig/py_pubsub.pc'
[45.941s] Level 1:colcon.colcon_core.environment:checking '/home/group1/create3_examples_ws/install/py_pubsub/lib/python3.10/site-packages'
[45.943s] Level 1:colcon.colcon_core.shell:create_environment_hook('py_pubsub', 'pythonpath')
[45.949s] INFO:colcon.colcon_core.shell:Creating environment hook '/home/group1/create3_examples_ws/install/py_pubsub/share/py_pubsub/hook/pythonpath.ps1'
[45.958s] INFO:colcon.colcon_core.shell:Creating environment descriptor '/home/group1/create3_examples_ws/install/py_pubsub/share/py_pubsub/hook/pythonpath.dsv'
[45.966s] INFO:colcon.colcon_core.shell:Creating environment hook '/home/group1/create3_examples_ws/install/py_pubsub/share/py_pubsub/hook/pythonpath.sh'
[45.980s] Level 1:colcon.colcon_core.environment:checking '/home/group1/create3_examples_ws/install/py_pubsub/bin'
[45.982s] Level 1:colcon.colcon_core.environment:create_environment_scripts_only(py_pubsub)
[45.989s] INFO:colcon.colcon_core.shell:Creating package script '/home/group1/create3_examples_ws/install/py_pubsub/share/py_pubsub/package.ps1'
[46.008s] INFO:colcon.colcon_core.shell:Creating package descriptor '/home/group1/create3_examples_ws/install/py_pubsub/share/py_pubsub/package.dsv'
[46.023s] INFO:colcon.colcon_core.shell:Creating package script '/home/group1/create3_examples_ws/install/py_pubsub/share/py_pubsub/package.sh'
[46.046s] INFO:colcon.colcon_core.shell:Creating package script '/home/group1/create3_examples_ws/install/py_pubsub/share/py_pubsub/package.bash'
[46.070s] INFO:colcon.colcon_core.shell:Creating package script '/home/group1/create3_examples_ws/install/py_pubsub/share/py_pubsub/package.zsh'
[46.088s] Level 1:colcon.colcon_core.environment:create_file_with_runtime_dependencies(/home/group1/create3_examples_ws/install/py_pubsub/share/colcon-core/packages/py_pubsub)
[46.094s] DEBUG:colcon.colcon_parallel_executor.executor.parallel:closing loop
[46.104s] DEBUG:colcon.colcon_parallel_executor.executor.parallel:loop closed
[46.106s] DEBUG:colcon.colcon_parallel_executor.executor.parallel:run_until_complete finished with '0'
[46.107s] DEBUG:colcon.colcon_core.event_reactor:joining thread
[46.419s] INFO:colcon.colcon_core.plugin_system:Skipping extension 'colcon_notification.desktop_notification.terminal_notifier': Not used on non-Darwin systems
[46.421s] INFO:colcon.colcon_core.plugin_system:Skipping extension 'colcon_notification.desktop_notification.win32': Not used on non-Windows systems
[46.430s] INFO:colcon.colcon_notification.desktop_notification:Sending desktop notification using 'notify2'
[46.575s] DEBUG:colcon.colcon_notification.desktop_notification.notify2:Failed to initialize notify2: org.freedesktop.DBus.Error.ServiceUnknown: The name org.freedesktop.Notifications was not provided by any .service files
[46.577s] DEBUG:colcon.colcon_core.event_reactor:joined thread
[46.583s] INFO:colcon.colcon_core.shell:Creating prefix script '/home/group1/create3_examples_ws/install/local_setup.ps1'
[46.608s] INFO:colcon.colcon_core.shell:Creating prefix util module '/home/group1/create3_examples_ws/install/_local_setup_util_ps1.py'
[46.645s] INFO:colcon.colcon_core.shell:Creating prefix chain script '/home/group1/create3_examples_ws/install/setup.ps1'
[46.677s] INFO:colcon.colcon_core.shell:Creating prefix script '/home/group1/create3_examples_ws/install/local_setup.sh'
[46.691s] INFO:colcon.colcon_core.shell:Creating prefix util module '/home/group1/create3_examples_ws/install/_local_setup_util_sh.py'
[46.700s] INFO:colcon.colcon_core.shell:Creating prefix chain script '/home/group1/create3_examples_ws/install/setup.sh'
[46.731s] INFO:colcon.colcon_core.shell:Creating prefix script '/home/group1/create3_examples_ws/install/local_setup.bash'
[46.743s] INFO:colcon.colcon_core.shell:Creating prefix chain script '/home/group1/create3_examples_ws/install/setup.bash'
[46.775s] INFO:colcon.colcon_core.shell:Creating prefix script '/home/group1/create3_examples_ws/install/local_setup.zsh'
[46.787s] INFO:colcon.colcon_core.shell:Creating prefix chain script '/home/group1/create3_examples_ws/install/setup.zsh'
