[24.097s] Invoking command in '/home/group1/create3_examples_ws/src/py_pubsub': PYTHONPATH=/home/group1/create3_examples_ws/build/py_pubsub/prefix_override:/home/group1/create3_examples_ws/install/py_pubsub/lib/python3.10/site-packages:${PYTHONPATH} /usr/bin/python3 -W ignore:setup.py install is deprecated setup.py egg_info --egg-base ../../build/py_pubsub build --build-base /home/group1/create3_examples_ws/build/py_pubsub/build install --record /home/group1/create3_examples_ws/build/py_pubsub/install.log --single-version-externally-managed install_data
[30.637s] running egg_info
[30.651s] writing ../../build/py_pubsub/py_pubsub.egg-info/PKG-INFO
[30.659s] writing dependency_links to ../../build/py_pubsub/py_pubsub.egg-info/dependency_links.txt
[30.666s] writing entry points to ../../build/py_pubsub/py_pubsub.egg-info/entry_points.txt
[30.676s] writing requirements to ../../build/py_pubsub/py_pubsub.egg-info/requires.txt
[30.680s] writing top-level names to ../../build/py_pubsub/py_pubsub.egg-info/top_level.txt
[30.718s] reading manifest file '../../build/py_pubsub/py_pubsub.egg-info/SOURCES.txt'
[30.744s] writing manifest file '../../build/py_pubsub/py_pubsub.egg-info/SOURCES.txt'
[30.750s] running build
[30.754s] running build_py
[30.770s] running install
[30.780s] running install_lib
[30.814s] running install_data
[30.823s] running install_egg_info
[30.854s] removing '/home/group1/create3_examples_ws/install/py_pubsub/lib/python3.10/site-packages/py_pubsub-0.0.0-py3.10.egg-info' (and everything under it)
[30.862s] Copying ../../build/py_pubsub/py_pubsub.egg-info to /home/group1/create3_examples_ws/install/py_pubsub/lib/python3.10/site-packages/py_pubsub-0.0.0-py3.10.egg-info
[30.891s] running install_scripts
[31.304s] Installing listener script to /home/group1/create3_examples_ws/install/py_pubsub/lib/py_pubsub
[31.310s] Installing talker script to /home/group1/create3_examples_ws/install/py_pubsub/lib/py_pubsub
[31.318s] writing list of installed files to '/home/group1/create3_examples_ws/build/py_pubsub/install.log'
[31.766s] Invoked command in '/home/group1/create3_examples_ws/src/py_pubsub' returned '0': PYTHONPATH=/home/group1/create3_examples_ws/build/py_pubsub/prefix_override:/home/group1/create3_examples_ws/install/py_pubsub/lib/python3.10/site-packages:${PYTHONPATH} /usr/bin/python3 -W ignore:setup.py install is deprecated setup.py egg_info --egg-base ../../build/py_pubsub build --build-base /home/group1/create3_examples_ws/build/py_pubsub/build install --record /home/group1/create3_examples_ws/build/py_pubsub/install.log --single-version-externally-managed install_data
