[3.455s] DEBUG:colcon:Command line arguments: ['/usr/bin/colcon', 'build']
[3.457s] DEBUG:colcon:Parsed command line arguments: Namespace(log_base=None, log_level=None, verb_name='build', build_base='build', install_base='install', merge_install=False, symlink_install=False, test_result_base=None, continue_on_error=False, executor='parallel', parallel_workers=4, event_handlers=None, ignore_user_meta=False, metas=['./colcon.meta'], base_paths=['.'], packages_ignore=None, packages_ignore_regex=None, paths=None, packages_up_to=None, packages_up_to_regex=None, packages_above=None, packages_above_and_dependencies=None, packages_above_depth=None, packages_select_by_dep=None, packages_skip_by_dep=None, packages_skip_up_to=None, packages_select_build_failed=False, packages_skip_build_finished=False, packages_select_test_failures=False, packages_skip_test_passed=False, packages_select=None, packages_skip=None, packages_select_regex=None, packages_skip_regex=None, packages_start=None, packages_end=None, allow_overriding=[], cmake_args=None, cmake_target=None, cmake_target_skip_unavailable=False, cmake_clean_cache=False, cmake_clean_first=False, cmake_force_configure=False, ament_cmake_args=None, catkin_cmake_args=None, catkin_skip_building_tests=False, verb_parser=<colcon_defaults.argument_parser.defaults.DefaultArgumentsDecorator object at 0xffffa5467430>, verb_extension=<colcon_core.verb.build.BuildVerb object at 0xffffa55ec040>, main=<bound method BuildVerb.main of <colcon_core.verb.build.BuildVerb object at 0xffffa55ec040>>)
[8.059s] Level 1:colcon.colcon_core.package_discovery:discover_packages(colcon_meta) check parameters
[8.061s] Level 1:colcon.colcon_core.package_discovery:discover_packages(recursive) check parameters
[8.062s] Level 1:colcon.colcon_core.package_discovery:discover_packages(ignore) check parameters
[8.062s] Level 1:colcon.colcon_core.package_discovery:discover_packages(path) check parameters
[8.063s] Level 1:colcon.colcon_core.package_discovery:discover_packages(colcon_meta) discover
[8.064s] Level 1:colcon.colcon_core.package_discovery:discover_packages(recursive) discover
[8.064s] INFO:colcon.colcon_core.package_discovery:Crawling recursively for packages in '/home/group1/create3_examples_ws'
[8.066s] Level 1:colcon.colcon_core.package_identification:_identify(.) by extensions ['ignore', 'ignore_ament_install']
[8.067s] Level 1:colcon.colcon_core.package_identification:_identify(.) by extension 'ignore'
[8.068s] Level 1:colcon.colcon_core.package_identification:_identify(.) by extension 'ignore_ament_install'
[8.069s] Level 1:colcon.colcon_core.package_identification:_identify(.) by extensions ['colcon_pkg']
[8.070s] Level 1:colcon.colcon_core.package_identification:_identify(.) by extension 'colcon_pkg'
[8.071s] Level 1:colcon.colcon_core.package_identification:_identify(.) by extensions ['colcon_meta']
[8.072s] Level 1:colcon.colcon_core.package_identification:_identify(.) by extension 'colcon_meta'
[8.073s] Level 1:colcon.colcon_core.package_identification:_identify(.) by extensions ['ros']
[8.073s] Level 1:colcon.colcon_core.package_identification:_identify(.) by extension 'ros'
[8.332s] Level 1:colcon.colcon_core.package_identification:_identify(.) by extensions ['cmake', 'python']
[8.332s] Level 1:colcon.colcon_core.package_identification:_identify(.) by extension 'cmake'
[8.333s] Level 1:colcon.colcon_core.package_identification:_identify(.) by extension 'python'
[8.334s] Level 1:colcon.colcon_core.package_identification:_identify(.) by extensions ['python_setup_py']
[8.335s] Level 1:colcon.colcon_core.package_identification:_identify(.) by extension 'python_setup_py'
[8.337s] Level 1:colcon.colcon_core.package_identification:_identify(build) by extensions ['ignore', 'ignore_ament_install']
[8.338s] Level 1:colcon.colcon_core.package_identification:_identify(build) by extension 'ignore'
[8.339s] Level 1:colcon.colcon_core.package_identification:_identify(build) ignored
[8.341s] Level 1:colcon.colcon_core.package_identification:_identify(install) by extensions ['ignore', 'ignore_ament_install']
[8.342s] Level 1:colcon.colcon_core.package_identification:_identify(install) by extension 'ignore'
[8.344s] Level 1:colcon.colcon_core.package_identification:_identify(install) ignored
[8.346s] Level 1:colcon.colcon_core.package_identification:_identify(log) by extensions ['ignore', 'ignore_ament_install']
[8.347s] Level 1:colcon.colcon_core.package_identification:_identify(log) by extension 'ignore'
[8.348s] Level 1:colcon.colcon_core.package_identification:_identify(log) ignored
[8.351s] Level 1:colcon.colcon_core.package_identification:_identify(src) by extensions ['ignore', 'ignore_ament_install']
[8.353s] Level 1:colcon.colcon_core.package_identification:_identify(src) by extension 'ignore'
[8.354s] Level 1:colcon.colcon_core.package_identification:_identify(src) by extension 'ignore_ament_install'
[8.355s] Level 1:colcon.colcon_core.package_identification:_identify(src) by extensions ['colcon_pkg']
[8.356s] Level 1:colcon.colcon_core.package_identification:_identify(src) by extension 'colcon_pkg'
[8.356s] Level 1:colcon.colcon_core.package_identification:_identify(src) by extensions ['colcon_meta']
[8.357s] Level 1:colcon.colcon_core.package_identification:_identify(src) by extension 'colcon_meta'
[8.358s] Level 1:colcon.colcon_core.package_identification:_identify(src) by extensions ['ros']
[8.358s] Level 1:colcon.colcon_core.package_identification:_identify(src) by extension 'ros'
[8.360s] Level 1:colcon.colcon_core.package_identification:_identify(src) by extensions ['cmake', 'python']
[8.361s] Level 1:colcon.colcon_core.package_identification:_identify(src) by extension 'cmake'
[8.362s] Level 1:colcon.colcon_core.package_identification:_identify(src) by extension 'python'
[8.363s] Level 1:colcon.colcon_core.package_identification:_identify(src) by extensions ['python_setup_py']
[8.364s] Level 1:colcon.colcon_core.package_identification:_identify(src) by extension 'python_setup_py'
[8.368s] Level 1:colcon.colcon_core.package_identification:_identify(src/create3_examples) by extensions ['ignore', 'ignore_ament_install']
[8.369s] Level 1:colcon.colcon_core.package_identification:_identify(src/create3_examples) by extension 'ignore'
[8.370s] Level 1:colcon.colcon_core.package_identification:_identify(src/create3_examples) by extension 'ignore_ament_install'
[8.371s] Level 1:colcon.colcon_core.package_identification:_identify(src/create3_examples) by extensions ['colcon_pkg']
[8.372s] Level 1:colcon.colcon_core.package_identification:_identify(src/create3_examples) by extension 'colcon_pkg'
[8.373s] Level 1:colcon.colcon_core.package_identification:_identify(src/create3_examples) by extensions ['colcon_meta']
[8.373s] Level 1:colcon.colcon_core.package_identification:_identify(src/create3_examples) by extension 'colcon_meta'
[8.374s] Level 1:colcon.colcon_core.package_identification:_identify(src/create3_examples) by extensions ['ros']
[8.375s] Level 1:colcon.colcon_core.package_identification:_identify(src/create3_examples) by extension 'ros'
[8.377s] Level 1:colcon.colcon_core.package_identification:_identify(src/create3_examples) by extensions ['cmake', 'python']
[8.377s] Level 1:colcon.colcon_core.package_identification:_identify(src/create3_examples) by extension 'cmake'
[8.378s] Level 1:colcon.colcon_core.package_identification:_identify(src/create3_examples) by extension 'python'
[8.379s] Level 1:colcon.colcon_core.package_identification:_identify(src/create3_examples) by extensions ['python_setup_py']
[8.380s] Level 1:colcon.colcon_core.package_identification:_identify(src/create3_examples) by extension 'python_setup_py'
[8.384s] Level 1:colcon.colcon_core.package_identification:_identify(src/create3_examples/create3_coverage) by extensions ['ignore', 'ignore_ament_install']
[8.385s] Level 1:colcon.colcon_core.package_identification:_identify(src/create3_examples/create3_coverage) by extension 'ignore'
[8.386s] Level 1:colcon.colcon_core.package_identification:_identify(src/create3_examples/create3_coverage) by extension 'ignore_ament_install'
[8.388s] Level 1:colcon.colcon_core.package_identification:_identify(src/create3_examples/create3_coverage) by extensions ['colcon_pkg']
[8.389s] Level 1:colcon.colcon_core.package_identification:_identify(src/create3_examples/create3_coverage) by extension 'colcon_pkg'
[8.389s] Level 1:colcon.colcon_core.package_identification:_identify(src/create3_examples/create3_coverage) by extensions ['colcon_meta']
[8.390s] Level 1:colcon.colcon_core.package_identification:_identify(src/create3_examples/create3_coverage) by extension 'colcon_meta'
[8.391s] Level 1:colcon.colcon_core.package_identification:_identify(src/create3_examples/create3_coverage) by extensions ['ros']
[8.392s] Level 1:colcon.colcon_core.package_identification:_identify(src/create3_examples/create3_coverage) by extension 'ros'
[8.453s] DEBUG:colcon.colcon_core.package_identification:Package 'src/create3_examples/create3_coverage' with type 'ros.ament_cmake' and name 'create3_coverage'
[8.457s] Level 1:colcon.colcon_core.package_identification:_identify(src/create3_examples/create3_examples_msgs) by extensions ['ignore', 'ignore_ament_install']
[8.459s] Level 1:colcon.colcon_core.package_identification:_identify(src/create3_examples/create3_examples_msgs) by extension 'ignore'
[8.460s] Level 1:colcon.colcon_core.package_identification:_identify(src/create3_examples/create3_examples_msgs) by extension 'ignore_ament_install'
[8.461s] Level 1:colcon.colcon_core.package_identification:_identify(src/create3_examples/create3_examples_msgs) by extensions ['colcon_pkg']
[8.462s] Level 1:colcon.colcon_core.package_identification:_identify(src/create3_examples/create3_examples_msgs) by extension 'colcon_pkg'
[8.462s] Level 1:colcon.colcon_core.package_identification:_identify(src/create3_examples/create3_examples_msgs) by extensions ['colcon_meta']
[8.463s] Level 1:colcon.colcon_core.package_identification:_identify(src/create3_examples/create3_examples_msgs) by extension 'colcon_meta'
[8.465s] Level 1:colcon.colcon_core.package_identification:_identify(src/create3_examples/create3_examples_msgs) by extensions ['ros']
[8.465s] Level 1:colcon.colcon_core.package_identification:_identify(src/create3_examples/create3_examples_msgs) by extension 'ros'
[8.479s] DEBUG:colcon.colcon_core.package_identification:Package 'src/create3_examples/create3_examples_msgs' with type 'ros.ament_cmake' and name 'create3_examples_msgs'
[8.483s] Level 1:colcon.colcon_core.package_identification:_identify(src/create3_examples/create3_examples_py) by extensions ['ignore', 'ignore_ament_install']
[8.484s] Level 1:colcon.colcon_core.package_identification:_identify(src/create3_examples/create3_examples_py) by extension 'ignore'
[8.485s] Level 1:colcon.colcon_core.package_identification:_identify(src/create3_examples/create3_examples_py) by extension 'ignore_ament_install'
[8.487s] Level 1:colcon.colcon_core.package_identification:_identify(src/create3_examples/create3_examples_py) by extensions ['colcon_pkg']
[8.488s] Level 1:colcon.colcon_core.package_identification:_identify(src/create3_examples/create3_examples_py) by extension 'colcon_pkg'
[8.489s] Level 1:colcon.colcon_core.package_identification:_identify(src/create3_examples/create3_examples_py) by extensions ['colcon_meta']
[8.489s] Level 1:colcon.colcon_core.package_identification:_identify(src/create3_examples/create3_examples_py) by extension 'colcon_meta'
[8.490s] Level 1:colcon.colcon_core.package_identification:_identify(src/create3_examples/create3_examples_py) by extensions ['ros']
[8.491s] Level 1:colcon.colcon_core.package_identification:_identify(src/create3_examples/create3_examples_py) by extension 'ros'
[8.505s] DEBUG:colcon.colcon_core.package_identification:Package 'src/create3_examples/create3_examples_py' with type 'ros.ament_python' and name 'create3_examples_py'
[8.509s] Level 1:colcon.colcon_core.package_identification:_identify(src/create3_examples/create3_lidar_slam) by extensions ['ignore', 'ignore_ament_install']
[8.511s] Level 1:colcon.colcon_core.package_identification:_identify(src/create3_examples/create3_lidar_slam) by extension 'ignore'
[8.512s] Level 1:colcon.colcon_core.package_identification:_identify(src/create3_examples/create3_lidar_slam) by extension 'ignore_ament_install'
[8.513s] Level 1:colcon.colcon_core.package_identification:_identify(src/create3_examples/create3_lidar_slam) by extensions ['colcon_pkg']
[8.514s] Level 1:colcon.colcon_core.package_identification:_identify(src/create3_examples/create3_lidar_slam) by extension 'colcon_pkg'
[8.515s] Level 1:colcon.colcon_core.package_identification:_identify(src/create3_examples/create3_lidar_slam) by extensions ['colcon_meta']
[8.515s] Level 1:colcon.colcon_core.package_identification:_identify(src/create3_examples/create3_lidar_slam) by extension 'colcon_meta'
[8.517s] Level 1:colcon.colcon_core.package_identification:_identify(src/create3_examples/create3_lidar_slam) by extensions ['ros']
[8.517s] Level 1:colcon.colcon_core.package_identification:_identify(src/create3_examples/create3_lidar_slam) by extension 'ros'
[8.529s] DEBUG:colcon.colcon_core.package_identification:Package 'src/create3_examples/create3_lidar_slam' with type 'ros.ament_cmake' and name 'create3_lidar_slam'
[8.533s] Level 1:colcon.colcon_core.package_identification:_identify(src/create3_examples/create3_republisher) by extensions ['ignore', 'ignore_ament_install']
[8.535s] Level 1:colcon.colcon_core.package_identification:_identify(src/create3_examples/create3_republisher) by extension 'ignore'
[8.536s] Level 1:colcon.colcon_core.package_identification:_identify(src/create3_examples/create3_republisher) by extension 'ignore_ament_install'
[8.537s] Level 1:colcon.colcon_core.package_identification:_identify(src/create3_examples/create3_republisher) by extensions ['colcon_pkg']
[8.538s] Level 1:colcon.colcon_core.package_identification:_identify(src/create3_examples/create3_republisher) by extension 'colcon_pkg'
[8.539s] Level 1:colcon.colcon_core.package_identification:_identify(src/create3_examples/create3_republisher) by extensions ['colcon_meta']
[8.539s] Level 1:colcon.colcon_core.package_identification:_identify(src/create3_examples/create3_republisher) by extension 'colcon_meta'
[8.541s] Level 1:colcon.colcon_core.package_identification:_identify(src/create3_examples/create3_republisher) by extensions ['ros']
[8.541s] Level 1:colcon.colcon_core.package_identification:_identify(src/create3_examples/create3_republisher) by extension 'ros'
[8.560s] DEBUG:colcon.colcon_core.package_identification:Package 'src/create3_examples/create3_republisher' with type 'ros.ament_cmake' and name 'create3_republisher'
[8.564s] Level 1:colcon.colcon_core.package_identification:_identify(src/create3_examples/create3_teleop) by extensions ['ignore', 'ignore_ament_install']
[8.566s] Level 1:colcon.colcon_core.package_identification:_identify(src/create3_examples/create3_teleop) by extension 'ignore'
[8.567s] Level 1:colcon.colcon_core.package_identification:_identify(src/create3_examples/create3_teleop) by extension 'ignore_ament_install'
[8.568s] Level 1:colcon.colcon_core.package_identification:_identify(src/create3_examples/create3_teleop) by extensions ['colcon_pkg']
[8.569s] Level 1:colcon.colcon_core.package_identification:_identify(src/create3_examples/create3_teleop) by extension 'colcon_pkg'
[8.570s] Level 1:colcon.colcon_core.package_identification:_identify(src/create3_examples/create3_teleop) by extensions ['colcon_meta']
[8.570s] Level 1:colcon.colcon_core.package_identification:_identify(src/create3_examples/create3_teleop) by extension 'colcon_meta'
[8.571s] Level 1:colcon.colcon_core.package_identification:_identify(src/create3_examples/create3_teleop) by extensions ['ros']
[8.572s] Level 1:colcon.colcon_core.package_identification:_identify(src/create3_examples/create3_teleop) by extension 'ros'
[8.582s] DEBUG:colcon.colcon_core.package_identification:Package 'src/create3_examples/create3_teleop' with type 'ros.ament_python' and name 'create3_teleop'
[8.586s] Level 1:colcon.colcon_core.package_identification:_identify(src/irobot_create_msgs) by extensions ['ignore', 'ignore_ament_install']
[8.587s] Level 1:colcon.colcon_core.package_identification:_identify(src/irobot_create_msgs) by extension 'ignore'
[8.589s] Level 1:colcon.colcon_core.package_identification:_identify(src/irobot_create_msgs) by extension 'ignore_ament_install'
[8.590s] Level 1:colcon.colcon_core.package_identification:_identify(src/irobot_create_msgs) by extensions ['colcon_pkg']
[8.590s] Level 1:colcon.colcon_core.package_identification:_identify(src/irobot_create_msgs) by extension 'colcon_pkg'
[8.592s] Level 1:colcon.colcon_core.package_identification:_identify(src/irobot_create_msgs) by extensions ['colcon_meta']
[8.592s] Level 1:colcon.colcon_core.package_identification:_identify(src/irobot_create_msgs) by extension 'colcon_meta'
[8.593s] Level 1:colcon.colcon_core.package_identification:_identify(src/irobot_create_msgs) by extensions ['ros']
[8.594s] Level 1:colcon.colcon_core.package_identification:_identify(src/irobot_create_msgs) by extension 'ros'
[8.609s] DEBUG:colcon.colcon_core.package_identification:Package 'src/irobot_create_msgs' with type 'ros.ament_cmake' and name 'irobot_create_msgs'
[8.609s] Level 1:colcon.colcon_core.package_discovery:discover_packages(recursive) using defaults
[8.610s] Level 1:colcon.colcon_core.package_discovery:discover_packages(ignore) discover
[8.611s] Level 1:colcon.colcon_core.package_discovery:discover_packages(ignore) using defaults
[8.611s] Level 1:colcon.colcon_core.package_discovery:discover_packages(path) discover
[8.612s] Level 1:colcon.colcon_core.package_discovery:discover_packages(path) using defaults
[9.069s] Level 1:colcon.colcon_core.package_discovery:discover_packages(prefix_path) check parameters
[9.069s] Level 1:colcon.colcon_core.package_discovery:discover_packages(prefix_path) discover
[9.139s] DEBUG:colcon.colcon_installed_package_information.package_discovery:Found 280 installed packages in /opt/ros/humble
[9.185s] Level 1:colcon.colcon_core.package_discovery:discover_packages(prefix_path) using defaults
[10.597s] Level 5:colcon.colcon_core.verb:set package 'create3_examples_msgs' build argument 'cmake_args' from command line to 'None'
[10.598s] Level 5:colcon.colcon_core.verb:set package 'create3_examples_msgs' build argument 'cmake_target' from command line to 'None'
[10.598s] Level 5:colcon.colcon_core.verb:set package 'create3_examples_msgs' build argument 'cmake_target_skip_unavailable' from command line to 'False'
[10.599s] Level 5:colcon.colcon_core.verb:set package 'create3_examples_msgs' build argument 'cmake_clean_cache' from command line to 'False'
[10.599s] Level 5:colcon.colcon_core.verb:set package 'create3_examples_msgs' build argument 'cmake_clean_first' from command line to 'False'
[10.600s] Level 5:colcon.colcon_core.verb:set package 'create3_examples_msgs' build argument 'cmake_force_configure' from command line to 'False'
[10.600s] Level 5:colcon.colcon_core.verb:set package 'create3_examples_msgs' build argument 'ament_cmake_args' from command line to 'None'
[10.601s] Level 5:colcon.colcon_core.verb:set package 'create3_examples_msgs' build argument 'catkin_cmake_args' from command line to 'None'
[10.601s] Level 5:colcon.colcon_core.verb:set package 'create3_examples_msgs' build argument 'catkin_skip_building_tests' from command line to 'False'
[10.602s] DEBUG:colcon.colcon_core.verb:Building package 'create3_examples_msgs' with the following arguments: {'ament_cmake_args': None, 'build_base': '/home/group1/create3_examples_ws/build/create3_examples_msgs', 'catkin_cmake_args': None, 'catkin_skip_building_tests': False, 'cmake_args': None, 'cmake_clean_cache': False, 'cmake_clean_first': False, 'cmake_force_configure': False, 'cmake_target': None, 'cmake_target_skip_unavailable': False, 'install_base': '/home/group1/create3_examples_ws/install/create3_examples_msgs', 'merge_install': False, 'path': '/home/group1/create3_examples_ws/src/create3_examples/create3_examples_msgs', 'symlink_install': False, 'test_result_base': None}
[10.609s] Level 5:colcon.colcon_core.verb:set package 'create3_teleop' build argument 'cmake_args' from command line to 'None'
[10.610s] Level 5:colcon.colcon_core.verb:set package 'create3_teleop' build argument 'cmake_target' from command line to 'None'
[10.610s] Level 5:colcon.colcon_core.verb:set package 'create3_teleop' build argument 'cmake_target_skip_unavailable' from command line to 'False'
[10.611s] Level 5:colcon.colcon_core.verb:set package 'create3_teleop' build argument 'cmake_clean_cache' from command line to 'False'
[10.611s] Level 5:colcon.colcon_core.verb:set package 'create3_teleop' build argument 'cmake_clean_first' from command line to 'False'
[10.612s] Level 5:colcon.colcon_core.verb:set package 'create3_teleop' build argument 'cmake_force_configure' from command line to 'False'
[10.612s] Level 5:colcon.colcon_core.verb:set package 'create3_teleop' build argument 'ament_cmake_args' from command line to 'None'
[10.613s] Level 5:colcon.colcon_core.verb:set package 'create3_teleop' build argument 'catkin_cmake_args' from command line to 'None'
[10.613s] Level 5:colcon.colcon_core.verb:set package 'create3_teleop' build argument 'catkin_skip_building_tests' from command line to 'False'
[10.614s] DEBUG:colcon.colcon_core.verb:Building package 'create3_teleop' with the following arguments: {'ament_cmake_args': None, 'build_base': '/home/group1/create3_examples_ws/build/create3_teleop', 'catkin_cmake_args': None, 'catkin_skip_building_tests': False, 'cmake_args': None, 'cmake_clean_cache': False, 'cmake_clean_first': False, 'cmake_force_configure': False, 'cmake_target': None, 'cmake_target_skip_unavailable': False, 'install_base': '/home/group1/create3_examples_ws/install/create3_teleop', 'merge_install': False, 'path': '/home/group1/create3_examples_ws/src/create3_examples/create3_teleop', 'symlink_install': False, 'test_result_base': None}
[10.621s] Level 5:colcon.colcon_core.verb:set package 'irobot_create_msgs' build argument 'cmake_args' from command line to 'None'
[10.622s] Level 5:colcon.colcon_core.verb:set package 'irobot_create_msgs' build argument 'cmake_target' from command line to 'None'
[10.622s] Level 5:colcon.colcon_core.verb:set package 'irobot_create_msgs' build argument 'cmake_target_skip_unavailable' from command line to 'False'
[10.623s] Level 5:colcon.colcon_core.verb:set package 'irobot_create_msgs' build argument 'cmake_clean_cache' from command line to 'False'
[10.623s] Level 5:colcon.colcon_core.verb:set package 'irobot_create_msgs' build argument 'cmake_clean_first' from command line to 'False'
[10.624s] Level 5:colcon.colcon_core.verb:set package 'irobot_create_msgs' build argument 'cmake_force_configure' from command line to 'False'
[10.624s] Level 5:colcon.colcon_core.verb:set package 'irobot_create_msgs' build argument 'ament_cmake_args' from command line to 'None'
[10.624s] Level 5:colcon.colcon_core.verb:set package 'irobot_create_msgs' build argument 'catkin_cmake_args' from command line to 'None'
[10.625s] Level 5:colcon.colcon_core.verb:set package 'irobot_create_msgs' build argument 'catkin_skip_building_tests' from command line to 'False'
[10.626s] DEBUG:colcon.colcon_core.verb:Building package 'irobot_create_msgs' with the following arguments: {'ament_cmake_args': None, 'build_base': '/home/group1/create3_examples_ws/build/irobot_create_msgs', 'catkin_cmake_args': None, 'catkin_skip_building_tests': False, 'cmake_args': None, 'cmake_clean_cache': False, 'cmake_clean_first': False, 'cmake_force_configure': False, 'cmake_target': None, 'cmake_target_skip_unavailable': False, 'install_base': '/home/group1/create3_examples_ws/install/irobot_create_msgs', 'merge_install': False, 'path': '/home/group1/create3_examples_ws/src/irobot_create_msgs', 'symlink_install': False, 'test_result_base': None}
[10.633s] Level 5:colcon.colcon_core.verb:set package 'create3_coverage' build argument 'cmake_args' from command line to 'None'
[10.633s] Level 5:colcon.colcon_core.verb:set package 'create3_coverage' build argument 'cmake_target' from command line to 'None'
[10.634s] Level 5:colcon.colcon_core.verb:set package 'create3_coverage' build argument 'cmake_target_skip_unavailable' from command line to 'False'
[10.635s] Level 5:colcon.colcon_core.verb:set package 'create3_coverage' build argument 'cmake_clean_cache' from command line to 'False'
[10.636s] Level 5:colcon.colcon_core.verb:set package 'create3_coverage' build argument 'cmake_clean_first' from command line to 'False'
[10.637s] Level 5:colcon.colcon_core.verb:set package 'create3_coverage' build argument 'cmake_force_configure' from command line to 'False'
[10.637s] Level 5:colcon.colcon_core.verb:set package 'create3_coverage' build argument 'ament_cmake_args' from command line to 'None'
[10.638s] Level 5:colcon.colcon_core.verb:set package 'create3_coverage' build argument 'catkin_cmake_args' from command line to 'None'
[10.638s] Level 5:colcon.colcon_core.verb:set package 'create3_coverage' build argument 'catkin_skip_building_tests' from command line to 'False'
[10.639s] DEBUG:colcon.colcon_core.verb:Building package 'create3_coverage' with the following arguments: {'ament_cmake_args': None, 'build_base': '/home/group1/create3_examples_ws/build/create3_coverage', 'catkin_cmake_args': None, 'catkin_skip_building_tests': False, 'cmake_args': None, 'cmake_clean_cache': False, 'cmake_clean_first': False, 'cmake_force_configure': False, 'cmake_target': None, 'cmake_target_skip_unavailable': False, 'install_base': '/home/group1/create3_examples_ws/install/create3_coverage', 'merge_install': False, 'path': '/home/group1/create3_examples_ws/src/create3_examples/create3_coverage', 'symlink_install': False, 'test_result_base': None}
[10.646s] Level 5:colcon.colcon_core.verb:set package 'create3_examples_py' build argument 'cmake_args' from command line to 'None'
[10.648s] Level 5:colcon.colcon_core.verb:set package 'create3_examples_py' build argument 'cmake_target' from command line to 'None'
[10.648s] Level 5:colcon.colcon_core.verb:set package 'create3_examples_py' build argument 'cmake_target_skip_unavailable' from command line to 'False'
[10.648s] Level 5:colcon.colcon_core.verb:set package 'create3_examples_py' build argument 'cmake_clean_cache' from command line to 'False'
[10.649s] Level 5:colcon.colcon_core.verb:set package 'create3_examples_py' build argument 'cmake_clean_first' from command line to 'False'
[10.649s] Level 5:colcon.colcon_core.verb:set package 'create3_examples_py' build argument 'cmake_force_configure' from command line to 'False'
[10.650s] Level 5:colcon.colcon_core.verb:set package 'create3_examples_py' build argument 'ament_cmake_args' from command line to 'None'
[10.650s] Level 5:colcon.colcon_core.verb:set package 'create3_examples_py' build argument 'catkin_cmake_args' from command line to 'None'
[10.651s] Level 5:colcon.colcon_core.verb:set package 'create3_examples_py' build argument 'catkin_skip_building_tests' from command line to 'False'
[10.651s] DEBUG:colcon.colcon_core.verb:Building package 'create3_examples_py' with the following arguments: {'ament_cmake_args': None, 'build_base': '/home/group1/create3_examples_ws/build/create3_examples_py', 'catkin_cmake_args': None, 'catkin_skip_building_tests': False, 'cmake_args': None, 'cmake_clean_cache': False, 'cmake_clean_first': False, 'cmake_force_configure': False, 'cmake_target': None, 'cmake_target_skip_unavailable': False, 'install_base': '/home/group1/create3_examples_ws/install/create3_examples_py', 'merge_install': False, 'path': '/home/group1/create3_examples_ws/src/create3_examples/create3_examples_py', 'symlink_install': False, 'test_result_base': None}
[10.658s] Level 5:colcon.colcon_core.verb:set package 'create3_lidar_slam' build argument 'cmake_args' from command line to 'None'
[10.659s] Level 5:colcon.colcon_core.verb:set package 'create3_lidar_slam' build argument 'cmake_target' from command line to 'None'
[10.660s] Level 5:colcon.colcon_core.verb:set package 'create3_lidar_slam' build argument 'cmake_target_skip_unavailable' from command line to 'False'
[10.660s] Level 5:colcon.colcon_core.verb:set package 'create3_lidar_slam' build argument 'cmake_clean_cache' from command line to 'False'
[10.661s] Level 5:colcon.colcon_core.verb:set package 'create3_lidar_slam' build argument 'cmake_clean_first' from command line to 'False'
[10.661s] Level 5:colcon.colcon_core.verb:set package 'create3_lidar_slam' build argument 'cmake_force_configure' from command line to 'False'
[10.662s] Level 5:colcon.colcon_core.verb:set package 'create3_lidar_slam' build argument 'ament_cmake_args' from command line to 'None'
[10.662s] Level 5:colcon.colcon_core.verb:set package 'create3_lidar_slam' build argument 'catkin_cmake_args' from command line to 'None'
[10.663s] Level 5:colcon.colcon_core.verb:set package 'create3_lidar_slam' build argument 'catkin_skip_building_tests' from command line to 'False'
[10.663s] DEBUG:colcon.colcon_core.verb:Building package 'create3_lidar_slam' with the following arguments: {'ament_cmake_args': None, 'build_base': '/home/group1/create3_examples_ws/build/create3_lidar_slam', 'catkin_cmake_args': None, 'catkin_skip_building_tests': False, 'cmake_args': None, 'cmake_clean_cache': False, 'cmake_clean_first': False, 'cmake_force_configure': False, 'cmake_target': None, 'cmake_target_skip_unavailable': False, 'install_base': '/home/group1/create3_examples_ws/install/create3_lidar_slam', 'merge_install': False, 'path': '/home/group1/create3_examples_ws/src/create3_examples/create3_lidar_slam', 'symlink_install': False, 'test_result_base': None}
[10.670s] Level 5:colcon.colcon_core.verb:set package 'create3_republisher' build argument 'cmake_args' from command line to 'None'
[10.671s] Level 5:colcon.colcon_core.verb:set package 'create3_republisher' build argument 'cmake_target' from command line to 'None'
[10.672s] Level 5:colcon.colcon_core.verb:set package 'create3_republisher' build argument 'cmake_target_skip_unavailable' from command line to 'False'
[10.672s] Level 5:colcon.colcon_core.verb:set package 'create3_republisher' build argument 'cmake_clean_cache' from command line to 'False'
[10.673s] Level 5:colcon.colcon_core.verb:set package 'create3_republisher' build argument 'cmake_clean_first' from command line to 'False'
[10.673s] Level 5:colcon.colcon_core.verb:set package 'create3_republisher' build argument 'cmake_force_configure' from command line to 'False'
[10.674s] Level 5:colcon.colcon_core.verb:set package 'create3_republisher' build argument 'ament_cmake_args' from command line to 'None'
[10.674s] Level 5:colcon.colcon_core.verb:set package 'create3_republisher' build argument 'catkin_cmake_args' from command line to 'None'
[10.675s] Level 5:colcon.colcon_core.verb:set package 'create3_republisher' build argument 'catkin_skip_building_tests' from command line to 'False'
[10.675s] DEBUG:colcon.colcon_core.verb:Building package 'create3_republisher' with the following arguments: {'ament_cmake_args': None, 'build_base': '/home/group1/create3_examples_ws/build/create3_republisher', 'catkin_cmake_args': None, 'catkin_skip_building_tests': False, 'cmake_args': None, 'cmake_clean_cache': False, 'cmake_clean_first': False, 'cmake_force_configure': False, 'cmake_target': None, 'cmake_target_skip_unavailable': False, 'install_base': '/home/group1/create3_examples_ws/install/create3_republisher', 'merge_install': False, 'path': '/home/group1/create3_examples_ws/src/create3_examples/create3_republisher', 'symlink_install': False, 'test_result_base': None}
[10.677s] INFO:colcon.colcon_core.executor:Executing jobs using 'parallel' executor
[10.690s] DEBUG:colcon.colcon_parallel_executor.executor.parallel:run_until_complete
[10.693s] INFO:colcon.colcon_ros.task.ament_cmake.build:Building ROS package in '/home/group1/create3_examples_ws/src/irobot_create_msgs' with build type 'ament_cmake'
[10.695s] INFO:colcon.colcon_cmake.task.cmake.build:Building CMake package in '/home/group1/create3_examples_ws/src/irobot_create_msgs'
[10.745s] INFO:colcon.colcon_core.plugin_system:Skipping extension 'colcon_core.shell.bat': Not used on non-Windows systems
[10.749s] INFO:colcon.colcon_core.shell:Skip shell extension 'powershell' for command environment: Not usable outside of PowerShell
[10.750s] DEBUG:colcon.colcon_core.shell:Skip shell extension 'dsv' for command environment
[10.820s] INFO:colcon.colcon_ros.task.ament_cmake.build:Building ROS package in '/home/group1/create3_examples_ws/src/create3_examples/create3_examples_msgs' with build type 'ament_cmake'
[10.822s] INFO:colcon.colcon_cmake.task.cmake.build:Building CMake package in '/home/group1/create3_examples_ws/src/create3_examples/create3_examples_msgs'
[10.827s] INFO:colcon.colcon_core.shell:Skip shell extension 'powershell' for command environment: Not usable outside of PowerShell
[10.828s] DEBUG:colcon.colcon_core.shell:Skip shell extension 'dsv' for command environment
[10.890s] INFO:colcon.colcon_ros.task.ament_python.build:Building ROS package in '/home/group1/create3_examples_ws/src/create3_examples/create3_teleop' with build type 'ament_python'
[10.892s] Level 1:colcon.colcon_core.shell:create_environment_hook('create3_teleop', 'ament_prefix_path')
[10.897s] INFO:colcon.colcon_core.shell:Creating environment hook '/home/group1/create3_examples_ws/install/create3_teleop/share/create3_teleop/hook/ament_prefix_path.ps1'
[10.912s] INFO:colcon.colcon_core.shell:Creating environment descriptor '/home/group1/create3_examples_ws/install/create3_teleop/share/create3_teleop/hook/ament_prefix_path.dsv'
[10.921s] INFO:colcon.colcon_core.shell:Creating environment hook '/home/group1/create3_examples_ws/install/create3_teleop/share/create3_teleop/hook/ament_prefix_path.sh'
[10.935s] INFO:colcon.colcon_core.shell:Skip shell extension 'powershell' for command environment: Not usable outside of PowerShell
[10.936s] DEBUG:colcon.colcon_core.shell:Skip shell extension 'dsv' for command environment
[11.036s] DEBUG:colcon.colcon_core.event_handler.log_command:Invoking command in '/home/group1/create3_examples_ws/build/irobot_create_msgs': CMAKE_PREFIX_PATH=/opt/ros/humble /usr/bin/cmake /home/group1/create3_examples_ws/src/irobot_create_msgs -DCMAKE_INSTALL_PREFIX=/home/group1/create3_examples_ws/install/irobot_create_msgs
[11.129s] DEBUG:colcon.colcon_core.event_handler.log_command:Invoking command in '/home/group1/create3_examples_ws/build/create3_examples_msgs': CMAKE_PREFIX_PATH=/opt/ros/humble /usr/bin/cmake /home/group1/create3_examples_ws/src/create3_examples/create3_examples_msgs -DCMAKE_INSTALL_PREFIX=/home/group1/create3_examples_ws/install/create3_examples_msgs
[17.250s] INFO:colcon.colcon_core.task.python.build:Building Python package in '/home/group1/create3_examples_ws/src/create3_examples/create3_teleop'
[17.257s] INFO:colcon.colcon_core.shell:Skip shell extension 'powershell' for command environment: Not usable outside of PowerShell
[17.258s] DEBUG:colcon.colcon_core.shell:Skip shell extension 'dsv' for command environment
[25.303s] DEBUG:colcon.colcon_core.event_handler.log_command:Invoking command in '/home/group1/create3_examples_ws/src/create3_examples/create3_teleop': PYTHONPATH=/home/group1/create3_examples_ws/build/create3_teleop/prefix_override:/home/group1/create3_examples_ws/install/create3_teleop/lib/python3.10/site-packages:${PYTHONPATH} /usr/bin/python3 -W ignore:setup.py install is deprecated setup.py egg_info --egg-base ../../../build/create3_teleop build --build-base /home/group1/create3_examples_ws/build/create3_teleop/build install --record /home/group1/create3_examples_ws/build/create3_teleop/install.log --single-version-externally-managed install_data
[31.667s] DEBUG:colcon.colcon_core.event_handler.log_command:Invoked command in '/home/group1/create3_examples_ws/src/create3_examples/create3_teleop' returned '0': PYTHONPATH=/home/group1/create3_examples_ws/build/create3_teleop/prefix_override:/home/group1/create3_examples_ws/install/create3_teleop/lib/python3.10/site-packages:${PYTHONPATH} /usr/bin/python3 -W ignore:setup.py install is deprecated setup.py egg_info --egg-base ../../../build/create3_teleop build --build-base /home/group1/create3_examples_ws/build/create3_teleop/build install --record /home/group1/create3_examples_ws/build/create3_teleop/install.log --single-version-externally-managed install_data
[31.743s] Level 1:colcon.colcon_core.environment:checking '/home/group1/create3_examples_ws/install/create3_teleop' for CMake module files
[31.752s] Level 1:colcon.colcon_core.environment:checking '/home/group1/create3_examples_ws/install/create3_teleop' for CMake config files
[31.769s] Level 1:colcon.colcon_core.environment:checking '/home/group1/create3_examples_ws/install/create3_teleop/lib'
[31.773s] Level 1:colcon.colcon_core.environment:checking '/home/group1/create3_examples_ws/install/create3_teleop/bin'
[31.774s] Level 1:colcon.colcon_core.environment:checking '/home/group1/create3_examples_ws/install/create3_teleop/lib/pkgconfig/create3_teleop.pc'
[31.780s] Level 1:colcon.colcon_core.environment:checking '/home/group1/create3_examples_ws/install/create3_teleop/lib/python3.10/site-packages'
[31.781s] Level 1:colcon.colcon_core.shell:create_environment_hook('create3_teleop', 'pythonpath')
[31.786s] INFO:colcon.colcon_core.shell:Creating environment hook '/home/group1/create3_examples_ws/install/create3_teleop/share/create3_teleop/hook/pythonpath.ps1'
[31.796s] INFO:colcon.colcon_core.shell:Creating environment descriptor '/home/group1/create3_examples_ws/install/create3_teleop/share/create3_teleop/hook/pythonpath.dsv'
[31.804s] INFO:colcon.colcon_core.shell:Creating environment hook '/home/group1/create3_examples_ws/install/create3_teleop/share/create3_teleop/hook/pythonpath.sh'
[31.813s] Level 1:colcon.colcon_core.environment:checking '/home/group1/create3_examples_ws/install/create3_teleop/bin'
[31.814s] Level 1:colcon.colcon_core.environment:create_environment_scripts_only(create3_teleop)
[31.821s] INFO:colcon.colcon_core.shell:Creating package script '/home/group1/create3_examples_ws/install/create3_teleop/share/create3_teleop/package.ps1'
[31.840s] INFO:colcon.colcon_core.shell:Creating package descriptor '/home/group1/create3_examples_ws/install/create3_teleop/share/create3_teleop/package.dsv'
[31.854s] INFO:colcon.colcon_core.shell:Creating package script '/home/group1/create3_examples_ws/install/create3_teleop/share/create3_teleop/package.sh'
[31.870s] INFO:colcon.colcon_core.shell:Creating package script '/home/group1/create3_examples_ws/install/create3_teleop/share/create3_teleop/package.bash'
[31.888s] INFO:colcon.colcon_core.shell:Creating package script '/home/group1/create3_examples_ws/install/create3_teleop/share/create3_teleop/package.zsh'
[31.906s] Level 1:colcon.colcon_core.environment:create_file_with_runtime_dependencies(/home/group1/create3_examples_ws/install/create3_teleop/share/colcon-core/packages/create3_teleop)
[49.647s] DEBUG:colcon.colcon_core.event_handler.log_command:Invoked command in '/home/group1/create3_examples_ws/build/create3_examples_msgs' returned '0': CMAKE_PREFIX_PATH=/opt/ros/humble /usr/bin/cmake /home/group1/create3_examples_ws/src/create3_examples/create3_examples_msgs -DCMAKE_INSTALL_PREFIX=/home/group1/create3_examples_ws/install/create3_examples_msgs
[49.658s] DEBUG:colcon.colcon_core.event_handler.log_command:Invoking command in '/home/group1/create3_examples_ws/build/create3_examples_msgs': CMAKE_PREFIX_PATH=/opt/ros/humble /usr/bin/cmake --build /home/group1/create3_examples_ws/build/create3_examples_msgs -- -j4 -l4
[69.954s] DEBUG:colcon.colcon_core.event_handler.log_command:Invoked command in '/home/group1/create3_examples_ws/build/irobot_create_msgs' returned '0': CMAKE_PREFIX_PATH=/opt/ros/humble /usr/bin/cmake /home/group1/create3_examples_ws/src/irobot_create_msgs -DCMAKE_INSTALL_PREFIX=/home/group1/create3_examples_ws/install/irobot_create_msgs
[69.973s] DEBUG:colcon.colcon_core.event_handler.log_command:Invoking command in '/home/group1/create3_examples_ws/build/irobot_create_msgs': CMAKE_PREFIX_PATH=/opt/ros/humble /usr/bin/cmake --build /home/group1/create3_examples_ws/build/irobot_create_msgs -- -j4 -l4
[166.233s] DEBUG:colcon.colcon_core.event_handler.log_command:Invoked command in '/home/group1/create3_examples_ws/build/create3_examples_msgs' returned '0': CMAKE_PREFIX_PATH=/opt/ros/humble /usr/bin/cmake --build /home/group1/create3_examples_ws/build/create3_examples_msgs -- -j4 -l4
[167.727s] DEBUG:colcon.colcon_core.event_handler.log_command:Invoking command in '/home/group1/create3_examples_ws/build/create3_examples_msgs': CMAKE_PREFIX_PATH=/opt/ros/humble /usr/bin/cmake --install /home/group1/create3_examples_ws/build/create3_examples_msgs
[169.752s] Level 1:colcon.colcon_core.environment:create_environment_scripts_only(create3_examples_msgs)
[169.769s] DEBUG:colcon.colcon_core.event_handler.log_command:Invoked command in '/home/group1/create3_examples_ws/build/create3_examples_msgs' returned '0': CMAKE_PREFIX_PATH=/opt/ros/humble /usr/bin/cmake --install /home/group1/create3_examples_ws/build/create3_examples_msgs
[169.785s] Level 1:colcon.colcon_core.environment:checking '/home/group1/create3_examples_ws/install/create3_examples_msgs' for CMake module files
[169.810s] Level 1:colcon.colcon_core.environment:checking '/home/group1/create3_examples_ws/install/create3_examples_msgs' for CMake config files
[169.823s] Level 1:colcon.colcon_core.shell:create_environment_hook('create3_examples_msgs', 'cmake_prefix_path')
[169.833s] INFO:colcon.colcon_core.shell:Creating environment hook '/home/group1/create3_examples_ws/install/create3_examples_msgs/share/create3_examples_msgs/hook/cmake_prefix_path.ps1'
[169.863s] INFO:colcon.colcon_core.shell:Creating environment descriptor '/home/group1/create3_examples_ws/install/create3_examples_msgs/share/create3_examples_msgs/hook/cmake_prefix_path.dsv'
[169.886s] INFO:colcon.colcon_core.shell:Creating environment hook '/home/group1/create3_examples_ws/install/create3_examples_msgs/share/create3_examples_msgs/hook/cmake_prefix_path.sh'
[169.907s] Level 1:colcon.colcon_core.environment:checking '/home/group1/create3_examples_ws/install/create3_examples_msgs/lib'
[169.913s] Level 1:colcon.colcon_core.shell:create_environment_hook('create3_examples_msgs', 'ld_library_path_lib')
[169.918s] INFO:colcon.colcon_core.shell:Creating environment hook '/home/group1/create3_examples_ws/install/create3_examples_msgs/share/create3_examples_msgs/hook/ld_library_path_lib.ps1'
[169.925s] INFO:colcon.colcon_core.shell:Creating environment descriptor '/home/group1/create3_examples_ws/install/create3_examples_msgs/share/create3_examples_msgs/hook/ld_library_path_lib.dsv'
[169.932s] INFO:colcon.colcon_core.shell:Creating environment hook '/home/group1/create3_examples_ws/install/create3_examples_msgs/share/create3_examples_msgs/hook/ld_library_path_lib.sh'
[169.941s] Level 1:colcon.colcon_core.environment:checking '/home/group1/create3_examples_ws/install/create3_examples_msgs/bin'
[169.943s] Level 1:colcon.colcon_core.environment:checking '/home/group1/create3_examples_ws/install/create3_examples_msgs/lib/pkgconfig/create3_examples_msgs.pc'
[169.957s] Level 1:colcon.colcon_core.environment:checking '/home/group1/create3_examples_ws/install/create3_examples_msgs/lib/python3.10/site-packages'
[169.962s] Level 1:colcon.colcon_core.environment:checking '/home/group1/create3_examples_ws/install/create3_examples_msgs/bin'
[169.970s] INFO:colcon.colcon_core.shell:Creating package script '/home/group1/create3_examples_ws/install/create3_examples_msgs/share/create3_examples_msgs/package.ps1'
[169.985s] INFO:colcon.colcon_core.shell:Creating package descriptor '/home/group1/create3_examples_ws/install/create3_examples_msgs/share/create3_examples_msgs/package.dsv'
[169.996s] INFO:colcon.colcon_core.shell:Creating package script '/home/group1/create3_examples_ws/install/create3_examples_msgs/share/create3_examples_msgs/package.sh'
[170.006s] INFO:colcon.colcon_core.shell:Creating package script '/home/group1/create3_examples_ws/install/create3_examples_msgs/share/create3_examples_msgs/package.bash'
[170.020s] INFO:colcon.colcon_core.shell:Creating package script '/home/group1/create3_examples_ws/install/create3_examples_msgs/share/create3_examples_msgs/package.zsh'
[170.032s] Level 1:colcon.colcon_core.environment:create_file_with_runtime_dependencies(/home/group1/create3_examples_ws/install/create3_examples_msgs/share/colcon-core/packages/create3_examples_msgs)
[171.255s] Level 1:colcon.colcon_core.environment:create_environment_scripts_only(create3_examples_msgs)
[171.261s] Level 1:colcon.colcon_core.environment:checking '/home/group1/create3_examples_ws/install/create3_examples_msgs' for CMake module files
[171.283s] Level 1:colcon.colcon_core.environment:checking '/home/group1/create3_examples_ws/install/create3_examples_msgs' for CMake config files
[171.293s] Level 1:colcon.colcon_core.shell:create_environment_hook('create3_examples_msgs', 'cmake_prefix_path')
[171.298s] INFO:colcon.colcon_core.shell:Creating environment hook '/home/group1/create3_examples_ws/install/create3_examples_msgs/share/create3_examples_msgs/hook/cmake_prefix_path.ps1'
[171.305s] INFO:colcon.colcon_core.shell:Creating environment descriptor '/home/group1/create3_examples_ws/install/create3_examples_msgs/share/create3_examples_msgs/hook/cmake_prefix_path.dsv'
[171.314s] INFO:colcon.colcon_core.shell:Creating environment hook '/home/group1/create3_examples_ws/install/create3_examples_msgs/share/create3_examples_msgs/hook/cmake_prefix_path.sh'
[171.324s] Level 1:colcon.colcon_core.environment:checking '/home/group1/create3_examples_ws/install/create3_examples_msgs/lib'
[171.327s] Level 1:colcon.colcon_core.shell:create_environment_hook('create3_examples_msgs', 'ld_library_path_lib')
[171.331s] INFO:colcon.colcon_core.shell:Creating environment hook '/home/group1/create3_examples_ws/install/create3_examples_msgs/share/create3_examples_msgs/hook/ld_library_path_lib.ps1'
[171.338s] INFO:colcon.colcon_core.shell:Creating environment descriptor '/home/group1/create3_examples_ws/install/create3_examples_msgs/share/create3_examples_msgs/hook/ld_library_path_lib.dsv'
[171.346s] INFO:colcon.colcon_core.shell:Creating environment hook '/home/group1/create3_examples_ws/install/create3_examples_msgs/share/create3_examples_msgs/hook/ld_library_path_lib.sh'
[171.354s] Level 1:colcon.colcon_core.environment:checking '/home/group1/create3_examples_ws/install/create3_examples_msgs/bin'
[171.356s] Level 1:colcon.colcon_core.environment:checking '/home/group1/create3_examples_ws/install/create3_examples_msgs/lib/pkgconfig/create3_examples_msgs.pc'
[171.360s] Level 1:colcon.colcon_core.environment:checking '/home/group1/create3_examples_ws/install/create3_examples_msgs/lib/python3.10/site-packages'
[171.365s] Level 1:colcon.colcon_core.environment:checking '/home/group1/create3_examples_ws/install/create3_examples_msgs/bin'
[171.372s] INFO:colcon.colcon_core.shell:Creating package script '/home/group1/create3_examples_ws/install/create3_examples_msgs/share/create3_examples_msgs/package.ps1'
[171.385s] INFO:colcon.colcon_core.shell:Creating package descriptor '/home/group1/create3_examples_ws/install/create3_examples_msgs/share/create3_examples_msgs/package.dsv'
[171.396s] INFO:colcon.colcon_core.shell:Creating package script '/home/group1/create3_examples_ws/install/create3_examples_msgs/share/create3_examples_msgs/package.sh'
[171.406s] INFO:colcon.colcon_core.shell:Creating package script '/home/group1/create3_examples_ws/install/create3_examples_msgs/share/create3_examples_msgs/package.bash'
[171.415s] INFO:colcon.colcon_core.shell:Creating package script '/home/group1/create3_examples_ws/install/create3_examples_msgs/share/create3_examples_msgs/package.zsh'
[171.423s] Level 1:colcon.colcon_core.environment:create_file_with_runtime_dependencies(/home/group1/create3_examples_ws/install/create3_examples_msgs/share/colcon-core/packages/create3_examples_msgs)
[982.086s] DEBUG:colcon.colcon_core.event_handler.log_command:Invoked command in '/home/group1/create3_examples_ws/build/irobot_create_msgs' returned '0': CMAKE_PREFIX_PATH=/opt/ros/humble /usr/bin/cmake --build /home/group1/create3_examples_ws/build/irobot_create_msgs -- -j4 -l4
[994.120s] DEBUG:colcon.colcon_core.event_handler.log_command:Invoking command in '/home/group1/create3_examples_ws/build/irobot_create_msgs': CMAKE_PREFIX_PATH=/opt/ros/humble /usr/bin/cmake --install /home/group1/create3_examples_ws/build/irobot_create_msgs
[1001.068s] Level 1:colcon.colcon_core.environment:create_environment_scripts_only(irobot_create_msgs)
[1001.090s] DEBUG:colcon.colcon_core.event_handler.log_command:Invoked command in '/home/group1/create3_examples_ws/build/irobot_create_msgs' returned '0': CMAKE_PREFIX_PATH=/opt/ros/humble /usr/bin/cmake --install /home/group1/create3_examples_ws/build/irobot_create_msgs
[1001.095s] Level 1:colcon.colcon_core.environment:checking '/home/group1/create3_examples_ws/install/irobot_create_msgs' for CMake module files
[1001.117s] Level 1:colcon.colcon_core.environment:checking '/home/group1/create3_examples_ws/install/irobot_create_msgs' for CMake config files
[1001.136s] Level 1:colcon.colcon_core.shell:create_environment_hook('irobot_create_msgs', 'cmake_prefix_path')
[1001.143s] INFO:colcon.colcon_core.shell:Creating environment hook '/home/group1/create3_examples_ws/install/irobot_create_msgs/share/irobot_create_msgs/hook/cmake_prefix_path.ps1'
[1001.164s] INFO:colcon.colcon_core.shell:Creating environment descriptor '/home/group1/create3_examples_ws/install/irobot_create_msgs/share/irobot_create_msgs/hook/cmake_prefix_path.dsv'
[1001.188s] INFO:colcon.colcon_core.shell:Creating environment hook '/home/group1/create3_examples_ws/install/irobot_create_msgs/share/irobot_create_msgs/hook/cmake_prefix_path.sh'
[1001.204s] Level 1:colcon.colcon_core.environment:checking '/home/group1/create3_examples_ws/install/irobot_create_msgs/lib'
[1001.206s] Level 1:colcon.colcon_core.shell:create_environment_hook('irobot_create_msgs', 'ld_library_path_lib')
[1001.211s] INFO:colcon.colcon_core.shell:Creating environment hook '/home/group1/create3_examples_ws/install/irobot_create_msgs/share/irobot_create_msgs/hook/ld_library_path_lib.ps1'
[1001.217s] INFO:colcon.colcon_core.shell:Creating environment descriptor '/home/group1/create3_examples_ws/install/irobot_create_msgs/share/irobot_create_msgs/hook/ld_library_path_lib.dsv'
[1001.223s] INFO:colcon.colcon_core.shell:Creating environment hook '/home/group1/create3_examples_ws/install/irobot_create_msgs/share/irobot_create_msgs/hook/ld_library_path_lib.sh'
[1001.230s] Level 1:colcon.colcon_core.environment:checking '/home/group1/create3_examples_ws/install/irobot_create_msgs/bin'
[1001.231s] Level 1:colcon.colcon_core.environment:checking '/home/group1/create3_examples_ws/install/irobot_create_msgs/lib/pkgconfig/irobot_create_msgs.pc'
[1001.242s] Level 1:colcon.colcon_core.environment:checking '/home/group1/create3_examples_ws/install/irobot_create_msgs/lib/python3.10/site-packages'
[1001.248s] Level 1:colcon.colcon_core.environment:checking '/home/group1/create3_examples_ws/install/irobot_create_msgs/bin'
[1001.256s] INFO:colcon.colcon_core.shell:Creating package script '/home/group1/create3_examples_ws/install/irobot_create_msgs/share/irobot_create_msgs/package.ps1'
[1001.267s] INFO:colcon.colcon_core.shell:Creating package descriptor '/home/group1/create3_examples_ws/install/irobot_create_msgs/share/irobot_create_msgs/package.dsv'
[1001.278s] INFO:colcon.colcon_core.shell:Creating package script '/home/group1/create3_examples_ws/install/irobot_create_msgs/share/irobot_create_msgs/package.sh'
[1001.307s] INFO:colcon.colcon_core.shell:Creating package script '/home/group1/create3_examples_ws/install/irobot_create_msgs/share/irobot_create_msgs/package.bash'
[1001.318s] INFO:colcon.colcon_core.shell:Creating package script '/home/group1/create3_examples_ws/install/irobot_create_msgs/share/irobot_create_msgs/package.zsh'
[1001.330s] Level 1:colcon.colcon_core.environment:create_file_with_runtime_dependencies(/home/group1/create3_examples_ws/install/irobot_create_msgs/share/colcon-core/packages/irobot_create_msgs)
[1013.300s] Level 1:colcon.colcon_core.environment:create_environment_scripts_only(irobot_create_msgs)
[1013.305s] Level 1:colcon.colcon_core.environment:checking '/home/group1/create3_examples_ws/install/irobot_create_msgs' for CMake module files
[1013.326s] Level 1:colcon.colcon_core.environment:checking '/home/group1/create3_examples_ws/install/irobot_create_msgs' for CMake config files
[1013.342s] Level 1:colcon.colcon_core.shell:create_environment_hook('irobot_create_msgs', 'cmake_prefix_path')
[1013.346s] INFO:colcon.colcon_core.shell:Creating environment hook '/home/group1/create3_examples_ws/install/irobot_create_msgs/share/irobot_create_msgs/hook/cmake_prefix_path.ps1'
[1013.352s] INFO:colcon.colcon_core.shell:Creating environment descriptor '/home/group1/create3_examples_ws/install/irobot_create_msgs/share/irobot_create_msgs/hook/cmake_prefix_path.dsv'
[1013.359s] INFO:colcon.colcon_core.shell:Creating environment hook '/home/group1/create3_examples_ws/install/irobot_create_msgs/share/irobot_create_msgs/hook/cmake_prefix_path.sh'
[1013.369s] Level 1:colcon.colcon_core.environment:checking '/home/group1/create3_examples_ws/install/irobot_create_msgs/lib'
[1013.371s] Level 1:colcon.colcon_core.shell:create_environment_hook('irobot_create_msgs', 'ld_library_path_lib')
[1013.375s] INFO:colcon.colcon_core.shell:Creating environment hook '/home/group1/create3_examples_ws/install/irobot_create_msgs/share/irobot_create_msgs/hook/ld_library_path_lib.ps1'
[1013.381s] INFO:colcon.colcon_core.shell:Creating environment descriptor '/home/group1/create3_examples_ws/install/irobot_create_msgs/share/irobot_create_msgs/hook/ld_library_path_lib.dsv'
[1013.388s] INFO:colcon.colcon_core.shell:Creating environment hook '/home/group1/create3_examples_ws/install/irobot_create_msgs/share/irobot_create_msgs/hook/ld_library_path_lib.sh'
[1013.397s] Level 1:colcon.colcon_core.environment:checking '/home/group1/create3_examples_ws/install/irobot_create_msgs/bin'
[1013.399s] Level 1:colcon.colcon_core.environment:checking '/home/group1/create3_examples_ws/install/irobot_create_msgs/lib/pkgconfig/irobot_create_msgs.pc'
[1013.403s] Level 1:colcon.colcon_core.environment:checking '/home/group1/create3_examples_ws/install/irobot_create_msgs/lib/python3.10/site-packages'
[1013.408s] Level 1:colcon.colcon_core.environment:checking '/home/group1/create3_examples_ws/install/irobot_create_msgs/bin'
[1013.414s] INFO:colcon.colcon_core.shell:Creating package script '/home/group1/create3_examples_ws/install/irobot_create_msgs/share/irobot_create_msgs/package.ps1'
[1013.424s] INFO:colcon.colcon_core.shell:Creating package descriptor '/home/group1/create3_examples_ws/install/irobot_create_msgs/share/irobot_create_msgs/package.dsv'
[1013.434s] INFO:colcon.colcon_core.shell:Creating package script '/home/group1/create3_examples_ws/install/irobot_create_msgs/share/irobot_create_msgs/package.sh'
[1013.442s] INFO:colcon.colcon_core.shell:Creating package script '/home/group1/create3_examples_ws/install/irobot_create_msgs/share/irobot_create_msgs/package.bash'
[1013.449s] INFO:colcon.colcon_core.shell:Creating package script '/home/group1/create3_examples_ws/install/irobot_create_msgs/share/irobot_create_msgs/package.zsh'
[1013.457s] Level 1:colcon.colcon_core.environment:create_file_with_runtime_dependencies(/home/group1/create3_examples_ws/install/irobot_create_msgs/share/colcon-core/packages/irobot_create_msgs)
[1013.466s] INFO:colcon.colcon_ros.task.ament_cmake.build:Building ROS package in '/home/group1/create3_examples_ws/src/create3_examples/create3_coverage' with build type 'ament_cmake'
[1013.470s] INFO:colcon.colcon_cmake.task.cmake.build:Building CMake package in '/home/group1/create3_examples_ws/src/create3_examples/create3_coverage'
[1013.476s] INFO:colcon.colcon_core.shell:Skip shell extension 'powershell' for command environment: Not usable outside of PowerShell
[1013.478s] DEBUG:colcon.colcon_core.shell:Skip shell extension 'dsv' for command environment
[1013.597s] INFO:colcon.colcon_ros.task.ament_python.build:Building ROS package in '/home/group1/create3_examples_ws/src/create3_examples/create3_examples_py' with build type 'ament_python'
[1013.601s] Level 1:colcon.colcon_core.shell:create_environment_hook('create3_examples_py', 'ament_prefix_path')
[1013.605s] INFO:colcon.colcon_core.shell:Creating environment hook '/home/group1/create3_examples_ws/install/create3_examples_py/share/create3_examples_py/hook/ament_prefix_path.ps1'
[1013.615s] INFO:colcon.colcon_core.shell:Creating environment descriptor '/home/group1/create3_examples_ws/install/create3_examples_py/share/create3_examples_py/hook/ament_prefix_path.dsv'
[1013.623s] INFO:colcon.colcon_core.shell:Creating environment hook '/home/group1/create3_examples_ws/install/create3_examples_py/share/create3_examples_py/hook/ament_prefix_path.sh'
[1013.633s] INFO:colcon.colcon_core.shell:Skip shell extension 'powershell' for command environment: Not usable outside of PowerShell
[1013.634s] DEBUG:colcon.colcon_core.shell:Skip shell extension 'dsv' for command environment
[1013.699s] INFO:colcon.colcon_ros.task.ament_cmake.build:Building ROS package in '/home/group1/create3_examples_ws/src/create3_examples/create3_lidar_slam' with build type 'ament_cmake'
[1013.701s] INFO:colcon.colcon_cmake.task.cmake.build:Building CMake package in '/home/group1/create3_examples_ws/src/create3_examples/create3_lidar_slam'
[1013.709s] INFO:colcon.colcon_core.shell:Skip shell extension 'powershell' for command environment: Not usable outside of PowerShell
[1013.710s] DEBUG:colcon.colcon_core.shell:Skip shell extension 'dsv' for command environment
[1013.775s] INFO:colcon.colcon_ros.task.ament_cmake.build:Building ROS package in '/home/group1/create3_examples_ws/src/create3_examples/create3_republisher' with build type 'ament_cmake'
[1013.778s] INFO:colcon.colcon_cmake.task.cmake.build:Building CMake package in '/home/group1/create3_examples_ws/src/create3_examples/create3_republisher'
[1013.783s] INFO:colcon.colcon_core.shell:Skip shell extension 'powershell' for command environment: Not usable outside of PowerShell
[1013.784s] DEBUG:colcon.colcon_core.shell:Skip shell extension 'dsv' for command environment
[1013.920s] DEBUG:colcon.colcon_core.event_handler.log_command:Invoking command in '/home/group1/create3_examples_ws/build/create3_coverage': AMENT_PREFIX_PATH=/home/group1/create3_examples_ws/install/irobot_create_msgs:/home/group1/create3_examples_ws/install/create3_examples_msgs:${AMENT_PREFIX_PATH} CMAKE_PREFIX_PATH=/home/group1/create3_examples_ws/install/irobot_create_msgs:/home/group1/create3_examples_ws/install/create3_examples_msgs:/opt/ros/humble LD_LIBRARY_PATH=/home/group1/create3_examples_ws/install/irobot_create_msgs/lib:/home/group1/create3_examples_ws/install/create3_examples_msgs/lib:${LD_LIBRARY_PATH} PYTHONPATH=/home/group1/create3_examples_ws/install/irobot_create_msgs/local/lib/python3.10/dist-packages:/home/group1/create3_examples_ws/install/create3_examples_msgs/local/lib/python3.10/dist-packages:${PYTHONPATH} /usr/bin/cmake /home/group1/create3_examples_ws/src/create3_examples/create3_coverage -DCMAKE_INSTALL_PREFIX=/home/group1/create3_examples_ws/install/create3_coverage
[1021.509s] INFO:colcon.colcon_core.task.python.build:Building Python package in '/home/group1/create3_examples_ws/src/create3_examples/create3_examples_py'
[1021.513s] INFO:colcon.colcon_core.shell:Skip shell extension 'powershell' for command environment: Not usable outside of PowerShell
[1021.514s] DEBUG:colcon.colcon_core.shell:Skip shell extension 'dsv' for command environment
[1021.628s] DEBUG:colcon.colcon_core.event_handler.log_command:Invoking command in '/home/group1/create3_examples_ws/build/create3_lidar_slam': AMENT_PREFIX_PATH=/home/group1/create3_examples_ws/install/irobot_create_msgs:${AMENT_PREFIX_PATH} CMAKE_PREFIX_PATH=/home/group1/create3_examples_ws/install/irobot_create_msgs:/opt/ros/humble LD_LIBRARY_PATH=/home/group1/create3_examples_ws/install/irobot_create_msgs/lib:${LD_LIBRARY_PATH} PYTHONPATH=/home/group1/create3_examples_ws/install/irobot_create_msgs/local/lib/python3.10/dist-packages:${PYTHONPATH} /usr/bin/cmake /home/group1/create3_examples_ws/src/create3_examples/create3_lidar_slam -DCMAKE_INSTALL_PREFIX=/home/group1/create3_examples_ws/install/create3_lidar_slam
[1021.761s] DEBUG:colcon.colcon_core.event_handler.log_command:Invoking command in '/home/group1/create3_examples_ws/build/create3_republisher': AMENT_PREFIX_PATH=/home/group1/create3_examples_ws/install/irobot_create_msgs:${AMENT_PREFIX_PATH} CMAKE_PREFIX_PATH=/home/group1/create3_examples_ws/install/irobot_create_msgs:/opt/ros/humble LD_LIBRARY_PATH=/home/group1/create3_examples_ws/install/irobot_create_msgs/lib:${LD_LIBRARY_PATH} PYTHONPATH=/home/group1/create3_examples_ws/install/irobot_create_msgs/local/lib/python3.10/dist-packages:${PYTHONPATH} /usr/bin/cmake /home/group1/create3_examples_ws/src/create3_examples/create3_republisher -DCMAKE_INSTALL_PREFIX=/home/group1/create3_examples_ws/install/create3_republisher
[1031.146s] DEBUG:colcon.colcon_core.event_handler.log_command:Invoking command in '/home/group1/create3_examples_ws/src/create3_examples/create3_examples_py': AMENT_PREFIX_PATH=/home/group1/create3_examples_ws/install/irobot_create_msgs:${AMENT_PREFIX_PATH} CMAKE_PREFIX_PATH=/home/group1/create3_examples_ws/install/irobot_create_msgs LD_LIBRARY_PATH=/home/group1/create3_examples_ws/install/irobot_create_msgs/lib:${LD_LIBRARY_PATH} PYTHONPATH=/home/group1/create3_examples_ws/build/create3_examples_py/prefix_override:/home/group1/create3_examples_ws/install/create3_examples_py/lib/python3.10/site-packages:/home/group1/create3_examples_ws/install/irobot_create_msgs/local/lib/python3.10/dist-packages:${PYTHONPATH} /usr/bin/python3 -W ignore:setup.py install is deprecated setup.py egg_info --egg-base ../../../build/create3_examples_py build --build-base /home/group1/create3_examples_ws/build/create3_examples_py/build install --record /home/group1/create3_examples_ws/build/create3_examples_py/install.log --single-version-externally-managed install_data
[1036.765s] DEBUG:colcon.colcon_core.event_handler.log_command:Invoked command in '/home/group1/create3_examples_ws/build/create3_lidar_slam' returned '0': AMENT_PREFIX_PATH=/home/group1/create3_examples_ws/install/irobot_create_msgs:${AMENT_PREFIX_PATH} CMAKE_PREFIX_PATH=/home/group1/create3_examples_ws/install/irobot_create_msgs:/opt/ros/humble LD_LIBRARY_PATH=/home/group1/create3_examples_ws/install/irobot_create_msgs/lib:${LD_LIBRARY_PATH} PYTHONPATH=/home/group1/create3_examples_ws/install/irobot_create_msgs/local/lib/python3.10/dist-packages:${PYTHONPATH} /usr/bin/cmake /home/group1/create3_examples_ws/src/create3_examples/create3_lidar_slam -DCMAKE_INSTALL_PREFIX=/home/group1/create3_examples_ws/install/create3_lidar_slam
[1036.782s] DEBUG:colcon.colcon_core.event_handler.log_command:Invoking command in '/home/group1/create3_examples_ws/build/create3_lidar_slam': AMENT_PREFIX_PATH=/home/group1/create3_examples_ws/install/irobot_create_msgs:${AMENT_PREFIX_PATH} CMAKE_PREFIX_PATH=/home/group1/create3_examples_ws/install/irobot_create_msgs:/opt/ros/humble LD_LIBRARY_PATH=/home/group1/create3_examples_ws/install/irobot_create_msgs/lib:${LD_LIBRARY_PATH} PYTHONPATH=/home/group1/create3_examples_ws/install/irobot_create_msgs/local/lib/python3.10/dist-packages:${PYTHONPATH} /usr/bin/cmake --build /home/group1/create3_examples_ws/build/create3_lidar_slam -- -j4 -l4
[1037.590s] DEBUG:colcon.colcon_core.event_handler.log_command:Invoked command in '/home/group1/create3_examples_ws/build/create3_lidar_slam' returned '0': AMENT_PREFIX_PATH=/home/group1/create3_examples_ws/install/irobot_create_msgs:${AMENT_PREFIX_PATH} CMAKE_PREFIX_PATH=/home/group1/create3_examples_ws/install/irobot_create_msgs:/opt/ros/humble LD_LIBRARY_PATH=/home/group1/create3_examples_ws/install/irobot_create_msgs/lib:${LD_LIBRARY_PATH} PYTHONPATH=/home/group1/create3_examples_ws/install/irobot_create_msgs/local/lib/python3.10/dist-packages:${PYTHONPATH} /usr/bin/cmake --build /home/group1/create3_examples_ws/build/create3_lidar_slam -- -j4 -l4
[1038.061s] DEBUG:colcon.colcon_core.event_handler.log_command:Invoking command in '/home/group1/create3_examples_ws/build/create3_lidar_slam': AMENT_PREFIX_PATH=/home/group1/create3_examples_ws/install/irobot_create_msgs:${AMENT_PREFIX_PATH} CMAKE_PREFIX_PATH=/home/group1/create3_examples_ws/install/irobot_create_msgs:/opt/ros/humble LD_LIBRARY_PATH=/home/group1/create3_examples_ws/install/irobot_create_msgs/lib:${LD_LIBRARY_PATH} PYTHONPATH=/home/group1/create3_examples_ws/install/irobot_create_msgs/local/lib/python3.10/dist-packages:${PYTHONPATH} /usr/bin/cmake --install /home/group1/create3_examples_ws/build/create3_lidar_slam
[1038.562s] Level 1:colcon.colcon_core.environment:create_environment_scripts_only(create3_lidar_slam)
[1038.568s] DEBUG:colcon.colcon_core.event_handler.log_command:Invoked command in '/home/group1/create3_examples_ws/build/create3_lidar_slam' returned '0': AMENT_PREFIX_PATH=/home/group1/create3_examples_ws/install/irobot_create_msgs:${AMENT_PREFIX_PATH} CMAKE_PREFIX_PATH=/home/group1/create3_examples_ws/install/irobot_create_msgs:/opt/ros/humble LD_LIBRARY_PATH=/home/group1/create3_examples_ws/install/irobot_create_msgs/lib:${LD_LIBRARY_PATH} PYTHONPATH=/home/group1/create3_examples_ws/install/irobot_create_msgs/local/lib/python3.10/dist-packages:${PYTHONPATH} /usr/bin/cmake --install /home/group1/create3_examples_ws/build/create3_lidar_slam
[1038.574s] Level 1:colcon.colcon_core.environment:checking '/home/group1/create3_examples_ws/install/create3_lidar_slam' for CMake module files
[1038.592s] Level 1:colcon.colcon_core.environment:checking '/home/group1/create3_examples_ws/install/create3_lidar_slam' for CMake config files
[1038.600s] Level 1:colcon.colcon_core.shell:create_environment_hook('create3_lidar_slam', 'cmake_prefix_path')
[1038.605s] INFO:colcon.colcon_core.shell:Creating environment hook '/home/group1/create3_examples_ws/install/create3_lidar_slam/share/create3_lidar_slam/hook/cmake_prefix_path.ps1'
[1038.612s] INFO:colcon.colcon_core.shell:Creating environment descriptor '/home/group1/create3_examples_ws/install/create3_lidar_slam/share/create3_lidar_slam/hook/cmake_prefix_path.dsv'
[1038.619s] INFO:colcon.colcon_core.shell:Creating environment hook '/home/group1/create3_examples_ws/install/create3_lidar_slam/share/create3_lidar_slam/hook/cmake_prefix_path.sh'
[1038.629s] Level 1:colcon.colcon_core.environment:checking '/home/group1/create3_examples_ws/install/create3_lidar_slam/bin'
[1038.631s] Level 1:colcon.colcon_core.environment:checking '/home/group1/create3_examples_ws/install/create3_lidar_slam/lib/pkgconfig/create3_lidar_slam.pc'
[1038.635s] Level 1:colcon.colcon_core.environment:checking '/home/group1/create3_examples_ws/install/create3_lidar_slam/lib/python3.10/site-packages'
[1038.640s] Level 1:colcon.colcon_core.environment:checking '/home/group1/create3_examples_ws/install/create3_lidar_slam/bin'
[1038.645s] INFO:colcon.colcon_core.shell:Creating package script '/home/group1/create3_examples_ws/install/create3_lidar_slam/share/create3_lidar_slam/package.ps1'
[1038.652s] INFO:colcon.colcon_core.shell:Creating package descriptor '/home/group1/create3_examples_ws/install/create3_lidar_slam/share/create3_lidar_slam/package.dsv'
[1038.661s] INFO:colcon.colcon_core.shell:Creating package script '/home/group1/create3_examples_ws/install/create3_lidar_slam/share/create3_lidar_slam/package.sh'
[1038.669s] INFO:colcon.colcon_core.shell:Creating package script '/home/group1/create3_examples_ws/install/create3_lidar_slam/share/create3_lidar_slam/package.bash'
[1038.676s] INFO:colcon.colcon_core.shell:Creating package script '/home/group1/create3_examples_ws/install/create3_lidar_slam/share/create3_lidar_slam/package.zsh'
[1038.691s] Level 1:colcon.colcon_core.environment:create_file_with_runtime_dependencies(/home/group1/create3_examples_ws/install/create3_lidar_slam/share/colcon-core/packages/create3_lidar_slam)
[1038.730s] Level 1:colcon.colcon_core.environment:checking '/home/group1/create3_examples_ws/install/create3_examples_py' for CMake module files
[1038.735s] DEBUG:colcon.colcon_core.event_handler.log_command:Invoked command in '/home/group1/create3_examples_ws/src/create3_examples/create3_examples_py' returned '0': AMENT_PREFIX_PATH=/home/group1/create3_examples_ws/install/irobot_create_msgs:${AMENT_PREFIX_PATH} CMAKE_PREFIX_PATH=/home/group1/create3_examples_ws/install/irobot_create_msgs LD_LIBRARY_PATH=/home/group1/create3_examples_ws/install/irobot_create_msgs/lib:${LD_LIBRARY_PATH} PYTHONPATH=/home/group1/create3_examples_ws/build/create3_examples_py/prefix_override:/home/group1/create3_examples_ws/install/create3_examples_py/lib/python3.10/site-packages:/home/group1/create3_examples_ws/install/irobot_create_msgs/local/lib/python3.10/dist-packages:${PYTHONPATH} /usr/bin/python3 -W ignore:setup.py install is deprecated setup.py egg_info --egg-base ../../../build/create3_examples_py build --build-base /home/group1/create3_examples_ws/build/create3_examples_py/build install --record /home/group1/create3_examples_ws/build/create3_examples_py/install.log --single-version-externally-managed install_data
[1038.747s] Level 1:colcon.colcon_core.environment:checking '/home/group1/create3_examples_ws/install/create3_examples_py' for CMake config files
[1038.773s] Level 1:colcon.colcon_core.environment:checking '/home/group1/create3_examples_ws/install/create3_examples_py/lib'
[1038.779s] Level 1:colcon.colcon_core.environment:checking '/home/group1/create3_examples_ws/install/create3_examples_py/bin'
[1038.782s] Level 1:colcon.colcon_core.environment:checking '/home/group1/create3_examples_ws/install/create3_examples_py/lib/pkgconfig/create3_examples_py.pc'
[1038.790s] Level 1:colcon.colcon_core.environment:checking '/home/group1/create3_examples_ws/install/create3_examples_py/lib/python3.10/site-packages'
[1038.792s] Level 1:colcon.colcon_core.shell:create_environment_hook('create3_examples_py', 'pythonpath')
[1038.799s] INFO:colcon.colcon_core.shell:Creating environment hook '/home/group1/create3_examples_ws/install/create3_examples_py/share/create3_examples_py/hook/pythonpath.ps1'
[1038.807s] INFO:colcon.colcon_core.shell:Creating environment descriptor '/home/group1/create3_examples_ws/install/create3_examples_py/share/create3_examples_py/hook/pythonpath.dsv'
[1038.814s] INFO:colcon.colcon_core.shell:Creating environment hook '/home/group1/create3_examples_ws/install/create3_examples_py/share/create3_examples_py/hook/pythonpath.sh'
[1038.824s] Level 1:colcon.colcon_core.environment:checking '/home/group1/create3_examples_ws/install/create3_examples_py/bin'
[1038.826s] Level 1:colcon.colcon_core.environment:create_environment_scripts_only(create3_examples_py)
[1038.833s] INFO:colcon.colcon_core.shell:Creating package script '/home/group1/create3_examples_ws/install/create3_examples_py/share/create3_examples_py/package.ps1'
[1038.841s] INFO:colcon.colcon_core.shell:Creating package descriptor '/home/group1/create3_examples_ws/install/create3_examples_py/share/create3_examples_py/package.dsv'
[1038.850s] INFO:colcon.colcon_core.shell:Creating package script '/home/group1/create3_examples_ws/install/create3_examples_py/share/create3_examples_py/package.sh'
[1038.860s] INFO:colcon.colcon_core.shell:Creating package script '/home/group1/create3_examples_ws/install/create3_examples_py/share/create3_examples_py/package.bash'
[1038.867s] INFO:colcon.colcon_core.shell:Creating package script '/home/group1/create3_examples_ws/install/create3_examples_py/share/create3_examples_py/package.zsh'
[1038.874s] Level 1:colcon.colcon_core.environment:create_file_with_runtime_dependencies(/home/group1/create3_examples_ws/install/create3_examples_py/share/colcon-core/packages/create3_examples_py)
[1039.107s] Level 1:colcon.colcon_core.environment:create_environment_scripts_only(create3_lidar_slam)
[1039.112s] Level 1:colcon.colcon_core.environment:checking '/home/group1/create3_examples_ws/install/create3_lidar_slam' for CMake module files
[1039.126s] Level 1:colcon.colcon_core.environment:checking '/home/group1/create3_examples_ws/install/create3_lidar_slam' for CMake config files
[1039.135s] Level 1:colcon.colcon_core.shell:create_environment_hook('create3_lidar_slam', 'cmake_prefix_path')
[1039.140s] INFO:colcon.colcon_core.shell:Creating environment hook '/home/group1/create3_examples_ws/install/create3_lidar_slam/share/create3_lidar_slam/hook/cmake_prefix_path.ps1'
[1039.153s] INFO:colcon.colcon_core.shell:Creating environment descriptor '/home/group1/create3_examples_ws/install/create3_lidar_slam/share/create3_lidar_slam/hook/cmake_prefix_path.dsv'
[1039.165s] INFO:colcon.colcon_core.shell:Creating environment hook '/home/group1/create3_examples_ws/install/create3_lidar_slam/share/create3_lidar_slam/hook/cmake_prefix_path.sh'
[1039.180s] Level 1:colcon.colcon_core.environment:checking '/home/group1/create3_examples_ws/install/create3_lidar_slam/bin'
[1039.182s] Level 1:colcon.colcon_core.environment:checking '/home/group1/create3_examples_ws/install/create3_lidar_slam/lib/pkgconfig/create3_lidar_slam.pc'
[1039.187s] Level 1:colcon.colcon_core.environment:checking '/home/group1/create3_examples_ws/install/create3_lidar_slam/lib/python3.10/site-packages'
[1039.191s] Level 1:colcon.colcon_core.environment:checking '/home/group1/create3_examples_ws/install/create3_lidar_slam/bin'
[1039.197s] INFO:colcon.colcon_core.shell:Creating package script '/home/group1/create3_examples_ws/install/create3_lidar_slam/share/create3_lidar_slam/package.ps1'
[1039.211s] INFO:colcon.colcon_core.shell:Creating package descriptor '/home/group1/create3_examples_ws/install/create3_lidar_slam/share/create3_lidar_slam/package.dsv'
[1039.221s] INFO:colcon.colcon_core.shell:Creating package script '/home/group1/create3_examples_ws/install/create3_lidar_slam/share/create3_lidar_slam/package.sh'
[1039.230s] INFO:colcon.colcon_core.shell:Creating package script '/home/group1/create3_examples_ws/install/create3_lidar_slam/share/create3_lidar_slam/package.bash'
[1039.238s] INFO:colcon.colcon_core.shell:Creating package script '/home/group1/create3_examples_ws/install/create3_lidar_slam/share/create3_lidar_slam/package.zsh'
[1039.246s] Level 1:colcon.colcon_core.environment:create_file_with_runtime_dependencies(/home/group1/create3_examples_ws/install/create3_lidar_slam/share/colcon-core/packages/create3_lidar_slam)
[1060.227s] DEBUG:colcon.colcon_core.event_handler.log_command:Invoked command in '/home/group1/create3_examples_ws/build/create3_republisher' returned '0': AMENT_PREFIX_PATH=/home/group1/create3_examples_ws/install/irobot_create_msgs:${AMENT_PREFIX_PATH} CMAKE_PREFIX_PATH=/home/group1/create3_examples_ws/install/irobot_create_msgs:/opt/ros/humble LD_LIBRARY_PATH=/home/group1/create3_examples_ws/install/irobot_create_msgs/lib:${LD_LIBRARY_PATH} PYTHONPATH=/home/group1/create3_examples_ws/install/irobot_create_msgs/local/lib/python3.10/dist-packages:${PYTHONPATH} /usr/bin/cmake /home/group1/create3_examples_ws/src/create3_examples/create3_republisher -DCMAKE_INSTALL_PREFIX=/home/group1/create3_examples_ws/install/create3_republisher
[1060.234s] DEBUG:colcon.colcon_core.event_handler.log_command:Invoking command in '/home/group1/create3_examples_ws/build/create3_republisher': AMENT_PREFIX_PATH=/home/group1/create3_examples_ws/install/irobot_create_msgs:${AMENT_PREFIX_PATH} CMAKE_PREFIX_PATH=/home/group1/create3_examples_ws/install/irobot_create_msgs:/opt/ros/humble LD_LIBRARY_PATH=/home/group1/create3_examples_ws/install/irobot_create_msgs/lib:${LD_LIBRARY_PATH} PYTHONPATH=/home/group1/create3_examples_ws/install/irobot_create_msgs/local/lib/python3.10/dist-packages:${PYTHONPATH} /usr/bin/cmake --build /home/group1/create3_examples_ws/build/create3_republisher -- -j4 -l4
[1067.931s] DEBUG:colcon.colcon_core.event_handler.log_command:Invoked command in '/home/group1/create3_examples_ws/build/create3_coverage' returned '0': AMENT_PREFIX_PATH=/home/group1/create3_examples_ws/install/irobot_create_msgs:/home/group1/create3_examples_ws/install/create3_examples_msgs:${AMENT_PREFIX_PATH} CMAKE_PREFIX_PATH=/home/group1/create3_examples_ws/install/irobot_create_msgs:/home/group1/create3_examples_ws/install/create3_examples_msgs:/opt/ros/humble LD_LIBRARY_PATH=/home/group1/create3_examples_ws/install/irobot_create_msgs/lib:/home/group1/create3_examples_ws/install/create3_examples_msgs/lib:${LD_LIBRARY_PATH} PYTHONPATH=/home/group1/create3_examples_ws/install/irobot_create_msgs/local/lib/python3.10/dist-packages:/home/group1/create3_examples_ws/install/create3_examples_msgs/local/lib/python3.10/dist-packages:${PYTHONPATH} /usr/bin/cmake /home/group1/create3_examples_ws/src/create3_examples/create3_coverage -DCMAKE_INSTALL_PREFIX=/home/group1/create3_examples_ws/install/create3_coverage
[1067.971s] DEBUG:colcon.colcon_core.event_handler.log_command:Invoking command in '/home/group1/create3_examples_ws/build/create3_coverage': AMENT_PREFIX_PATH=/home/group1/create3_examples_ws/install/irobot_create_msgs:/home/group1/create3_examples_ws/install/create3_examples_msgs:${AMENT_PREFIX_PATH} CMAKE_PREFIX_PATH=/home/group1/create3_examples_ws/install/irobot_create_msgs:/home/group1/create3_examples_ws/install/create3_examples_msgs:/opt/ros/humble LD_LIBRARY_PATH=/home/group1/create3_examples_ws/install/irobot_create_msgs/lib:/home/group1/create3_examples_ws/install/create3_examples_msgs/lib:${LD_LIBRARY_PATH} PYTHONPATH=/home/group1/create3_examples_ws/install/irobot_create_msgs/local/lib/python3.10/dist-packages:/home/group1/create3_examples_ws/install/create3_examples_msgs/local/lib/python3.10/dist-packages:${PYTHONPATH} /usr/bin/cmake --build /home/group1/create3_examples_ws/build/create3_coverage -- -j4 -l4
