[2.043s] DEBUG:colcon:Command line arguments: ['/usr/bin/colcon', 'build', '--packages-select', 'py_pubsub']
[2.044s] DEBUG:colcon:Parsed command line arguments: Namespace(log_base=None, log_level=None, verb_name='build', build_base='build', install_base='install', merge_install=False, symlink_install=False, test_result_base=None, continue_on_error=False, executor='parallel', parallel_workers=4, event_handlers=None, ignore_user_meta=False, metas=['./colcon.meta'], base_paths=['.'], packages_ignore=None, packages_ignore_regex=None, paths=None, packages_up_to=None, packages_up_to_regex=None, packages_above=None, packages_above_and_dependencies=None, packages_above_depth=None, packages_select_by_dep=None, packages_skip_by_dep=None, packages_skip_up_to=None, packages_select_build_failed=False, packages_skip_build_finished=False, packages_select_test_failures=False, packages_skip_test_passed=False, packages_select=['py_pubsub'], packages_skip=None, packages_select_regex=None, packages_skip_regex=None, packages_start=None, packages_end=None, allow_overriding=[], cmake_args=None, cmake_target=None, cmake_target_skip_unavailable=False, cmake_clean_cache=False, cmake_clean_first=False, cmake_force_configure=False, ament_cmake_args=None, catkin_cmake_args=None, catkin_skip_building_tests=False, verb_parser=<colcon_defaults.argument_parser.defaults.DefaultArgumentsDecorator object at 0xffff919c7a30>, verb_extension=<colcon_core.verb.build.BuildVerb object at 0xffff91b4c670>, main=<bound method BuildVerb.main of <colcon_core.verb.build.BuildVerb object at 0xffff91b4c670>>)
[6.531s] Level 1:colcon.colcon_core.package_discovery:discover_packages(colcon_meta) check parameters
[6.532s] Level 1:colcon.colcon_core.package_discovery:discover_packages(recursive) check parameters
[6.533s] Level 1:colcon.colcon_core.package_discovery:discover_packages(ignore) check parameters
[6.534s] Level 1:colcon.colcon_core.package_discovery:discover_packages(path) check parameters
[6.534s] Level 1:colcon.colcon_core.package_discovery:discover_packages(colcon_meta) discover
[6.535s] Level 1:colcon.colcon_core.package_discovery:discover_packages(recursive) discover
[6.535s] INFO:colcon.colcon_core.package_discovery:Crawling recursively for packages in '/home/group1/create3_examples_ws'
[6.536s] Level 1:colcon.colcon_core.package_identification:_identify(.) by extensions ['ignore', 'ignore_ament_install']
[6.537s] Level 1:colcon.colcon_core.package_identification:_identify(.) by extension 'ignore'
[6.539s] Level 1:colcon.colcon_core.package_identification:_identify(.) by extension 'ignore_ament_install'
[6.540s] Level 1:colcon.colcon_core.package_identification:_identify(.) by extensions ['colcon_pkg']
[6.541s] Level 1:colcon.colcon_core.package_identification:_identify(.) by extension 'colcon_pkg'
[6.542s] Level 1:colcon.colcon_core.package_identification:_identify(.) by extensions ['colcon_meta']
[6.543s] Level 1:colcon.colcon_core.package_identification:_identify(.) by extension 'colcon_meta'
[6.543s] Level 1:colcon.colcon_core.package_identification:_identify(.) by extensions ['ros']
[6.544s] Level 1:colcon.colcon_core.package_identification:_identify(.) by extension 'ros'
[6.795s] Level 1:colcon.colcon_core.package_identification:_identify(.) by extensions ['cmake', 'python']
[6.796s] Level 1:colcon.colcon_core.package_identification:_identify(.) by extension 'cmake'
[6.797s] Level 1:colcon.colcon_core.package_identification:_identify(.) by extension 'python'
[6.798s] Level 1:colcon.colcon_core.package_identification:_identify(.) by extensions ['python_setup_py']
[6.798s] Level 1:colcon.colcon_core.package_identification:_identify(.) by extension 'python_setup_py'
[6.801s] Level 1:colcon.colcon_core.package_identification:_identify(build) by extensions ['ignore', 'ignore_ament_install']
[6.803s] Level 1:colcon.colcon_core.package_identification:_identify(build) by extension 'ignore'
[6.804s] Level 1:colcon.colcon_core.package_identification:_identify(build) ignored
[6.807s] Level 1:colcon.colcon_core.package_identification:_identify(install) by extensions ['ignore', 'ignore_ament_install']
[6.808s] Level 1:colcon.colcon_core.package_identification:_identify(install) by extension 'ignore'
[6.809s] Level 1:colcon.colcon_core.package_identification:_identify(install) ignored
[6.812s] Level 1:colcon.colcon_core.package_identification:_identify(log) by extensions ['ignore', 'ignore_ament_install']
[6.814s] Level 1:colcon.colcon_core.package_identification:_identify(log) by extension 'ignore'
[6.815s] Level 1:colcon.colcon_core.package_identification:_identify(log) ignored
[6.817s] Level 1:colcon.colcon_core.package_identification:_identify(src) by extensions ['ignore', 'ignore_ament_install']
[6.818s] Level 1:colcon.colcon_core.package_identification:_identify(src) by extension 'ignore'
[6.819s] Level 1:colcon.colcon_core.package_identification:_identify(src) by extension 'ignore_ament_install'
[6.821s] Level 1:colcon.colcon_core.package_identification:_identify(src) by extensions ['colcon_pkg']
[6.822s] Level 1:colcon.colcon_core.package_identification:_identify(src) by extension 'colcon_pkg'
[6.823s] Level 1:colcon.colcon_core.package_identification:_identify(src) by extensions ['colcon_meta']
[6.823s] Level 1:colcon.colcon_core.package_identification:_identify(src) by extension 'colcon_meta'
[6.824s] Level 1:colcon.colcon_core.package_identification:_identify(src) by extensions ['ros']
[6.825s] Level 1:colcon.colcon_core.package_identification:_identify(src) by extension 'ros'
[6.827s] Level 1:colcon.colcon_core.package_identification:_identify(src) by extensions ['cmake', 'python']
[6.828s] Level 1:colcon.colcon_core.package_identification:_identify(src) by extension 'cmake'
[6.829s] Level 1:colcon.colcon_core.package_identification:_identify(src) by extension 'python'
[6.830s] Level 1:colcon.colcon_core.package_identification:_identify(src) by extensions ['python_setup_py']
[6.831s] Level 1:colcon.colcon_core.package_identification:_identify(src) by extension 'python_setup_py'
[6.833s] Level 1:colcon.colcon_core.package_identification:_identify(src/create3_examples) by extensions ['ignore', 'ignore_ament_install']
[6.835s] Level 1:colcon.colcon_core.package_identification:_identify(src/create3_examples) by extension 'ignore'
[6.836s] Level 1:colcon.colcon_core.package_identification:_identify(src/create3_examples) by extension 'ignore_ament_install'
[6.838s] Level 1:colcon.colcon_core.package_identification:_identify(src/create3_examples) by extensions ['colcon_pkg']
[6.839s] Level 1:colcon.colcon_core.package_identification:_identify(src/create3_examples) by extension 'colcon_pkg'
[6.840s] Level 1:colcon.colcon_core.package_identification:_identify(src/create3_examples) by extensions ['colcon_meta']
[6.840s] Level 1:colcon.colcon_core.package_identification:_identify(src/create3_examples) by extension 'colcon_meta'
[6.842s] Level 1:colcon.colcon_core.package_identification:_identify(src/create3_examples) by extensions ['ros']
[6.842s] Level 1:colcon.colcon_core.package_identification:_identify(src/create3_examples) by extension 'ros'
[6.844s] Level 1:colcon.colcon_core.package_identification:_identify(src/create3_examples) by extensions ['cmake', 'python']
[6.845s] Level 1:colcon.colcon_core.package_identification:_identify(src/create3_examples) by extension 'cmake'
[6.846s] Level 1:colcon.colcon_core.package_identification:_identify(src/create3_examples) by extension 'python'
[6.847s] Level 1:colcon.colcon_core.package_identification:_identify(src/create3_examples) by extensions ['python_setup_py']
[6.848s] Level 1:colcon.colcon_core.package_identification:_identify(src/create3_examples) by extension 'python_setup_py'
[6.850s] Level 1:colcon.colcon_core.package_identification:_identify(src/create3_examples/create3_coverage) by extensions ['ignore', 'ignore_ament_install']
[6.852s] Level 1:colcon.colcon_core.package_identification:_identify(src/create3_examples/create3_coverage) by extension 'ignore'
[6.853s] Level 1:colcon.colcon_core.package_identification:_identify(src/create3_examples/create3_coverage) by extension 'ignore_ament_install'
[6.855s] Level 1:colcon.colcon_core.package_identification:_identify(src/create3_examples/create3_coverage) by extensions ['colcon_pkg']
[6.856s] Level 1:colcon.colcon_core.package_identification:_identify(src/create3_examples/create3_coverage) by extension 'colcon_pkg'
[6.857s] Level 1:colcon.colcon_core.package_identification:_identify(src/create3_examples/create3_coverage) by extensions ['colcon_meta']
[6.858s] Level 1:colcon.colcon_core.package_identification:_identify(src/create3_examples/create3_coverage) by extension 'colcon_meta'
[6.859s] Level 1:colcon.colcon_core.package_identification:_identify(src/create3_examples/create3_coverage) by extensions ['ros']
[6.860s] Level 1:colcon.colcon_core.package_identification:_identify(src/create3_examples/create3_coverage) by extension 'ros'
[6.911s] DEBUG:colcon.colcon_core.package_identification:Package 'src/create3_examples/create3_coverage' with type 'ros.ament_cmake' and name 'create3_coverage'
[6.914s] Level 1:colcon.colcon_core.package_identification:_identify(src/create3_examples/create3_examples_msgs) by extensions ['ignore', 'ignore_ament_install']
[6.916s] Level 1:colcon.colcon_core.package_identification:_identify(src/create3_examples/create3_examples_msgs) by extension 'ignore'
[6.917s] Level 1:colcon.colcon_core.package_identification:_identify(src/create3_examples/create3_examples_msgs) by extension 'ignore_ament_install'
[6.919s] Level 1:colcon.colcon_core.package_identification:_identify(src/create3_examples/create3_examples_msgs) by extensions ['colcon_pkg']
[6.919s] Level 1:colcon.colcon_core.package_identification:_identify(src/create3_examples/create3_examples_msgs) by extension 'colcon_pkg'
[6.920s] Level 1:colcon.colcon_core.package_identification:_identify(src/create3_examples/create3_examples_msgs) by extensions ['colcon_meta']
[6.921s] Level 1:colcon.colcon_core.package_identification:_identify(src/create3_examples/create3_examples_msgs) by extension 'colcon_meta'
[6.923s] Level 1:colcon.colcon_core.package_identification:_identify(src/create3_examples/create3_examples_msgs) by extensions ['ros']
[6.923s] Level 1:colcon.colcon_core.package_identification:_identify(src/create3_examples/create3_examples_msgs) by extension 'ros'
[6.935s] DEBUG:colcon.colcon_core.package_identification:Package 'src/create3_examples/create3_examples_msgs' with type 'ros.ament_cmake' and name 'create3_examples_msgs'
[6.938s] Level 1:colcon.colcon_core.package_identification:_identify(src/create3_examples/create3_examples_py) by extensions ['ignore', 'ignore_ament_install']
[6.940s] Level 1:colcon.colcon_core.package_identification:_identify(src/create3_examples/create3_examples_py) by extension 'ignore'
[6.941s] Level 1:colcon.colcon_core.package_identification:_identify(src/create3_examples/create3_examples_py) by extension 'ignore_ament_install'
[6.943s] Level 1:colcon.colcon_core.package_identification:_identify(src/create3_examples/create3_examples_py) by extensions ['colcon_pkg']
[6.943s] Level 1:colcon.colcon_core.package_identification:_identify(src/create3_examples/create3_examples_py) by extension 'colcon_pkg'
[6.944s] Level 1:colcon.colcon_core.package_identification:_identify(src/create3_examples/create3_examples_py) by extensions ['colcon_meta']
[6.945s] Level 1:colcon.colcon_core.package_identification:_identify(src/create3_examples/create3_examples_py) by extension 'colcon_meta'
[6.946s] Level 1:colcon.colcon_core.package_identification:_identify(src/create3_examples/create3_examples_py) by extensions ['ros']
[6.947s] Level 1:colcon.colcon_core.package_identification:_identify(src/create3_examples/create3_examples_py) by extension 'ros'
[6.963s] DEBUG:colcon.colcon_core.package_identification:Package 'src/create3_examples/create3_examples_py' with type 'ros.ament_python' and name 'create3_examples_py'
[6.966s] Level 1:colcon.colcon_core.package_identification:_identify(src/create3_examples/create3_lidar_slam) by extensions ['ignore', 'ignore_ament_install']
[6.967s] Level 1:colcon.colcon_core.package_identification:_identify(src/create3_examples/create3_lidar_slam) by extension 'ignore'
[6.969s] Level 1:colcon.colcon_core.package_identification:_identify(src/create3_examples/create3_lidar_slam) by extension 'ignore_ament_install'
[6.970s] Level 1:colcon.colcon_core.package_identification:_identify(src/create3_examples/create3_lidar_slam) by extensions ['colcon_pkg']
[6.971s] Level 1:colcon.colcon_core.package_identification:_identify(src/create3_examples/create3_lidar_slam) by extension 'colcon_pkg'
[6.972s] Level 1:colcon.colcon_core.package_identification:_identify(src/create3_examples/create3_lidar_slam) by extensions ['colcon_meta']
[6.973s] Level 1:colcon.colcon_core.package_identification:_identify(src/create3_examples/create3_lidar_slam) by extension 'colcon_meta'
[6.974s] Level 1:colcon.colcon_core.package_identification:_identify(src/create3_examples/create3_lidar_slam) by extensions ['ros']
[6.975s] Level 1:colcon.colcon_core.package_identification:_identify(src/create3_examples/create3_lidar_slam) by extension 'ros'
[6.987s] DEBUG:colcon.colcon_core.package_identification:Package 'src/create3_examples/create3_lidar_slam' with type 'ros.ament_cmake' and name 'create3_lidar_slam'
[6.991s] Level 1:colcon.colcon_core.package_identification:_identify(src/create3_examples/create3_republisher) by extensions ['ignore', 'ignore_ament_install']
[6.992s] Level 1:colcon.colcon_core.package_identification:_identify(src/create3_examples/create3_republisher) by extension 'ignore'
[6.994s] Level 1:colcon.colcon_core.package_identification:_identify(src/create3_examples/create3_republisher) by extension 'ignore_ament_install'
[6.996s] Level 1:colcon.colcon_core.package_identification:_identify(src/create3_examples/create3_republisher) by extensions ['colcon_pkg']
[6.997s] Level 1:colcon.colcon_core.package_identification:_identify(src/create3_examples/create3_republisher) by extension 'colcon_pkg'
[6.999s] Level 1:colcon.colcon_core.package_identification:_identify(src/create3_examples/create3_republisher) by extensions ['colcon_meta']
[7.000s] Level 1:colcon.colcon_core.package_identification:_identify(src/create3_examples/create3_republisher) by extension 'colcon_meta'
[7.001s] Level 1:colcon.colcon_core.package_identification:_identify(src/create3_examples/create3_republisher) by extensions ['ros']
[7.002s] Level 1:colcon.colcon_core.package_identification:_identify(src/create3_examples/create3_republisher) by extension 'ros'
[7.020s] DEBUG:colcon.colcon_core.package_identification:Package 'src/create3_examples/create3_republisher' with type 'ros.ament_cmake' and name 'create3_republisher'
[7.023s] Level 1:colcon.colcon_core.package_identification:_identify(src/create3_examples/create3_teleop) by extensions ['ignore', 'ignore_ament_install']
[7.025s] Level 1:colcon.colcon_core.package_identification:_identify(src/create3_examples/create3_teleop) by extension 'ignore'
[7.026s] Level 1:colcon.colcon_core.package_identification:_identify(src/create3_examples/create3_teleop) by extension 'ignore_ament_install'
[7.027s] Level 1:colcon.colcon_core.package_identification:_identify(src/create3_examples/create3_teleop) by extensions ['colcon_pkg']
[7.028s] Level 1:colcon.colcon_core.package_identification:_identify(src/create3_examples/create3_teleop) by extension 'colcon_pkg'
[7.029s] Level 1:colcon.colcon_core.package_identification:_identify(src/create3_examples/create3_teleop) by extensions ['colcon_meta']
[7.030s] Level 1:colcon.colcon_core.package_identification:_identify(src/create3_examples/create3_teleop) by extension 'colcon_meta'
[7.032s] Level 1:colcon.colcon_core.package_identification:_identify(src/create3_examples/create3_teleop) by extensions ['ros']
[7.032s] Level 1:colcon.colcon_core.package_identification:_identify(src/create3_examples/create3_teleop) by extension 'ros'
[7.043s] DEBUG:colcon.colcon_core.package_identification:Package 'src/create3_examples/create3_teleop' with type 'ros.ament_python' and name 'create3_teleop'
[7.046s] Level 1:colcon.colcon_core.package_identification:_identify(src/irobot_create_msgs) by extensions ['ignore', 'ignore_ament_install']
[7.048s] Level 1:colcon.colcon_core.package_identification:_identify(src/irobot_create_msgs) by extension 'ignore'
[7.050s] Level 1:colcon.colcon_core.package_identification:_identify(src/irobot_create_msgs) by extension 'ignore_ament_install'
[7.052s] Level 1:colcon.colcon_core.package_identification:_identify(src/irobot_create_msgs) by extensions ['colcon_pkg']
[7.053s] Level 1:colcon.colcon_core.package_identification:_identify(src/irobot_create_msgs) by extension 'colcon_pkg'
[7.054s] Level 1:colcon.colcon_core.package_identification:_identify(src/irobot_create_msgs) by extensions ['colcon_meta']
[7.055s] Level 1:colcon.colcon_core.package_identification:_identify(src/irobot_create_msgs) by extension 'colcon_meta'
[7.056s] Level 1:colcon.colcon_core.package_identification:_identify(src/irobot_create_msgs) by extensions ['ros']
[7.057s] Level 1:colcon.colcon_core.package_identification:_identify(src/irobot_create_msgs) by extension 'ros'
[7.071s] DEBUG:colcon.colcon_core.package_identification:Package 'src/irobot_create_msgs' with type 'ros.ament_cmake' and name 'irobot_create_msgs'
[7.074s] Level 1:colcon.colcon_core.package_identification:_identify(src/py_pubsub) by extensions ['ignore', 'ignore_ament_install']
[7.075s] Level 1:colcon.colcon_core.package_identification:_identify(src/py_pubsub) by extension 'ignore'
[7.076s] Level 1:colcon.colcon_core.package_identification:_identify(src/py_pubsub) by extension 'ignore_ament_install'
[7.078s] Level 1:colcon.colcon_core.package_identification:_identify(src/py_pubsub) by extensions ['colcon_pkg']
[7.079s] Level 1:colcon.colcon_core.package_identification:_identify(src/py_pubsub) by extension 'colcon_pkg'
[7.080s] Level 1:colcon.colcon_core.package_identification:_identify(src/py_pubsub) by extensions ['colcon_meta']
[7.080s] Level 1:colcon.colcon_core.package_identification:_identify(src/py_pubsub) by extension 'colcon_meta'
[7.082s] Level 1:colcon.colcon_core.package_identification:_identify(src/py_pubsub) by extensions ['ros']
[7.082s] Level 1:colcon.colcon_core.package_identification:_identify(src/py_pubsub) by extension 'ros'
[7.094s] DEBUG:colcon.colcon_core.package_identification:Package 'src/py_pubsub' with type 'ros.ament_python' and name 'py_pubsub'
[7.095s] Level 1:colcon.colcon_core.package_discovery:discover_packages(recursive) using defaults
[7.096s] Level 1:colcon.colcon_core.package_discovery:discover_packages(ignore) discover
[7.097s] Level 1:colcon.colcon_core.package_discovery:discover_packages(ignore) using defaults
[7.098s] Level 1:colcon.colcon_core.package_discovery:discover_packages(path) discover
[7.098s] Level 1:colcon.colcon_core.package_discovery:discover_packages(path) using defaults
[7.529s] INFO:colcon.colcon_core.package_selection:Skipping not selected package 'create3_examples_msgs' in 'src/create3_examples/create3_examples_msgs'
[7.530s] INFO:colcon.colcon_core.package_selection:Skipping not selected package 'create3_teleop' in 'src/create3_examples/create3_teleop'
[7.531s] INFO:colcon.colcon_core.package_selection:Skipping not selected package 'irobot_create_msgs' in 'src/irobot_create_msgs'
[7.531s] INFO:colcon.colcon_core.package_selection:Skipping not selected package 'create3_coverage' in 'src/create3_examples/create3_coverage'
[7.531s] INFO:colcon.colcon_core.package_selection:Skipping not selected package 'create3_examples_py' in 'src/create3_examples/create3_examples_py'
[7.532s] INFO:colcon.colcon_core.package_selection:Skipping not selected package 'create3_lidar_slam' in 'src/create3_examples/create3_lidar_slam'
[7.532s] INFO:colcon.colcon_core.package_selection:Skipping not selected package 'create3_republisher' in 'src/create3_examples/create3_republisher'
[7.538s] Level 1:colcon.colcon_core.package_discovery:discover_packages(prefix_path) check parameters
[7.538s] Level 1:colcon.colcon_core.package_discovery:discover_packages(prefix_path) discover
[7.581s] DEBUG:colcon.colcon_installed_package_information.package_discovery:Found 280 installed packages in /opt/ros/humble
[7.684s] Level 1:colcon.colcon_core.package_discovery:discover_packages(prefix_path) using defaults
[8.532s] Level 5:colcon.colcon_core.verb:set package 'py_pubsub' build argument 'cmake_args' from command line to 'None'
[8.533s] Level 5:colcon.colcon_core.verb:set package 'py_pubsub' build argument 'cmake_target' from command line to 'None'
[8.533s] Level 5:colcon.colcon_core.verb:set package 'py_pubsub' build argument 'cmake_target_skip_unavailable' from command line to 'False'
[8.534s] Level 5:colcon.colcon_core.verb:set package 'py_pubsub' build argument 'cmake_clean_cache' from command line to 'False'
[8.535s] Level 5:colcon.colcon_core.verb:set package 'py_pubsub' build argument 'cmake_clean_first' from command line to 'False'
[8.535s] Level 5:colcon.colcon_core.verb:set package 'py_pubsub' build argument 'cmake_force_configure' from command line to 'False'
[8.536s] Level 5:colcon.colcon_core.verb:set package 'py_pubsub' build argument 'ament_cmake_args' from command line to 'None'
[8.536s] Level 5:colcon.colcon_core.verb:set package 'py_pubsub' build argument 'catkin_cmake_args' from command line to 'None'
[8.537s] Level 5:colcon.colcon_core.verb:set package 'py_pubsub' build argument 'catkin_skip_building_tests' from command line to 'False'
[8.538s] DEBUG:colcon.colcon_core.verb:Building package 'py_pubsub' with the following arguments: {'ament_cmake_args': None, 'build_base': '/home/group1/create3_examples_ws/build/py_pubsub', 'catkin_cmake_args': None, 'catkin_skip_building_tests': False, 'cmake_args': None, 'cmake_clean_cache': False, 'cmake_clean_first': False, 'cmake_force_configure': False, 'cmake_target': None, 'cmake_target_skip_unavailable': False, 'install_base': '/home/group1/create3_examples_ws/install/py_pubsub', 'merge_install': False, 'path': '/home/group1/create3_examples_ws/src/py_pubsub', 'symlink_install': False, 'test_result_base': None}
[8.540s] INFO:colcon.colcon_core.executor:Executing jobs using 'parallel' executor
[8.553s] DEBUG:colcon.colcon_parallel_executor.executor.parallel:run_until_complete
[8.556s] INFO:colcon.colcon_ros.task.ament_python.build:Building ROS package in '/home/group1/create3_examples_ws/src/py_pubsub' with build type 'ament_python'
[8.558s] Level 1:colcon.colcon_core.shell:create_environment_hook('py_pubsub', 'ament_prefix_path')
[8.625s] INFO:colcon.colcon_core.plugin_system:Skipping extension 'colcon_core.shell.bat': Not used on non-Windows systems
[8.630s] INFO:colcon.colcon_core.shell:Creating environment hook '/home/group1/create3_examples_ws/install/py_pubsub/share/py_pubsub/hook/ament_prefix_path.ps1'
[8.643s] INFO:colcon.colcon_core.shell:Creating environment descriptor '/home/group1/create3_examples_ws/install/py_pubsub/share/py_pubsub/hook/ament_prefix_path.dsv'
[8.656s] INFO:colcon.colcon_core.shell:Creating environment hook '/home/group1/create3_examples_ws/install/py_pubsub/share/py_pubsub/hook/ament_prefix_path.sh'
[8.673s] INFO:colcon.colcon_core.shell:Skip shell extension 'powershell' for command environment: Not usable outside of PowerShell
[8.674s] DEBUG:colcon.colcon_core.shell:Skip shell extension 'dsv' for command environment
[14.371s] INFO:colcon.colcon_core.task.python.build:Building Python package in '/home/group1/create3_examples_ws/src/py_pubsub'
[14.375s] INFO:colcon.colcon_core.shell:Skip shell extension 'powershell' for command environment: Not usable outside of PowerShell
[14.376s] DEBUG:colcon.colcon_core.shell:Skip shell extension 'dsv' for command environment
[21.626s] DEBUG:colcon.colcon_core.event_handler.log_command:Invoking command in '/home/group1/create3_examples_ws/src/py_pubsub': PYTHONPATH=/home/group1/create3_examples_ws/build/py_pubsub/prefix_override:/home/group1/create3_examples_ws/install/py_pubsub/lib/python3.10/site-packages:${PYTHONPATH} /usr/bin/python3 -W ignore:setup.py install is deprecated setup.py egg_info --egg-base ../../build/py_pubsub build --build-base /home/group1/create3_examples_ws/build/py_pubsub/build install --record /home/group1/create3_examples_ws/build/py_pubsub/install.log --single-version-externally-managed install_data
[27.906s] DEBUG:colcon.colcon_core.event_handler.log_command:Invoked command in '/home/group1/create3_examples_ws/src/py_pubsub' returned '0': PYTHONPATH=/home/group1/create3_examples_ws/build/py_pubsub/prefix_override:/home/group1/create3_examples_ws/install/py_pubsub/lib/python3.10/site-packages:${PYTHONPATH} /usr/bin/python3 -W ignore:setup.py install is deprecated setup.py egg_info --egg-base ../../build/py_pubsub build --build-base /home/group1/create3_examples_ws/build/py_pubsub/build install --record /home/group1/create3_examples_ws/build/py_pubsub/install.log --single-version-externally-managed install_data
[27.981s] Level 1:colcon.colcon_core.environment:checking '/home/group1/create3_examples_ws/install/py_pubsub' for CMake module files
[27.994s] Level 1:colcon.colcon_core.environment:checking '/home/group1/create3_examples_ws/install/py_pubsub' for CMake config files
[28.012s] Level 1:colcon.colcon_core.environment:checking '/home/group1/create3_examples_ws/install/py_pubsub/lib'
[28.016s] Level 1:colcon.colcon_core.environment:checking '/home/group1/create3_examples_ws/install/py_pubsub/bin'
[28.017s] Level 1:colcon.colcon_core.environment:checking '/home/group1/create3_examples_ws/install/py_pubsub/lib/pkgconfig/py_pubsub.pc'
[28.022s] Level 1:colcon.colcon_core.environment:checking '/home/group1/create3_examples_ws/install/py_pubsub/lib/python3.10/site-packages'
[28.023s] Level 1:colcon.colcon_core.shell:create_environment_hook('py_pubsub', 'pythonpath')
[28.027s] INFO:colcon.colcon_core.shell:Creating environment hook '/home/group1/create3_examples_ws/install/py_pubsub/share/py_pubsub/hook/pythonpath.ps1'
[28.034s] INFO:colcon.colcon_core.shell:Creating environment descriptor '/home/group1/create3_examples_ws/install/py_pubsub/share/py_pubsub/hook/pythonpath.dsv'
[28.042s] INFO:colcon.colcon_core.shell:Creating environment hook '/home/group1/create3_examples_ws/install/py_pubsub/share/py_pubsub/hook/pythonpath.sh'
[28.052s] Level 1:colcon.colcon_core.environment:checking '/home/group1/create3_examples_ws/install/py_pubsub/bin'
[28.053s] Level 1:colcon.colcon_core.environment:create_environment_scripts_only(py_pubsub)
[28.059s] INFO:colcon.colcon_core.shell:Creating package script '/home/group1/create3_examples_ws/install/py_pubsub/share/py_pubsub/package.ps1'
[28.077s] INFO:colcon.colcon_core.shell:Creating package descriptor '/home/group1/create3_examples_ws/install/py_pubsub/share/py_pubsub/package.dsv'
[28.091s] INFO:colcon.colcon_core.shell:Creating package script '/home/group1/create3_examples_ws/install/py_pubsub/share/py_pubsub/package.sh'
[28.108s] INFO:colcon.colcon_core.shell:Creating package script '/home/group1/create3_examples_ws/install/py_pubsub/share/py_pubsub/package.bash'
[28.125s] INFO:colcon.colcon_core.shell:Creating package script '/home/group1/create3_examples_ws/install/py_pubsub/share/py_pubsub/package.zsh'
[28.140s] Level 1:colcon.colcon_core.environment:create_file_with_runtime_dependencies(/home/group1/create3_examples_ws/install/py_pubsub/share/colcon-core/packages/py_pubsub)
[28.145s] DEBUG:colcon.colcon_parallel_executor.executor.parallel:closing loop
[28.150s] DEBUG:colcon.colcon_parallel_executor.executor.parallel:loop closed
[28.152s] DEBUG:colcon.colcon_parallel_executor.executor.parallel:run_until_complete finished with '0'
[28.153s] DEBUG:colcon.colcon_core.event_reactor:joining thread
[28.314s] INFO:colcon.colcon_core.plugin_system:Skipping extension 'colcon_notification.desktop_notification.terminal_notifier': Not used on non-Darwin systems
[28.315s] INFO:colcon.colcon_core.plugin_system:Skipping extension 'colcon_notification.desktop_notification.win32': Not used on non-Windows systems
[28.317s] INFO:colcon.colcon_notification.desktop_notification:Sending desktop notification using 'notify2'
[28.352s] DEBUG:colcon.colcon_notification.desktop_notification.notify2:Failed to initialize notify2: org.freedesktop.DBus.Error.ServiceUnknown: The name org.freedesktop.Notifications was not provided by any .service files
[28.354s] DEBUG:colcon.colcon_core.event_reactor:joined thread
[28.358s] INFO:colcon.colcon_core.shell:Creating prefix script '/home/group1/create3_examples_ws/install/local_setup.ps1'
[28.376s] INFO:colcon.colcon_core.shell:Creating prefix util module '/home/group1/create3_examples_ws/install/_local_setup_util_ps1.py'
[28.394s] INFO:colcon.colcon_core.shell:Creating prefix chain script '/home/group1/create3_examples_ws/install/setup.ps1'
[28.404s] INFO:colcon.colcon_core.shell:Creating prefix script '/home/group1/create3_examples_ws/install/local_setup.sh'
[28.416s] INFO:colcon.colcon_core.shell:Creating prefix util module '/home/group1/create3_examples_ws/install/_local_setup_util_sh.py'
[28.424s] INFO:colcon.colcon_core.shell:Creating prefix chain script '/home/group1/create3_examples_ws/install/setup.sh'
[28.443s] INFO:colcon.colcon_core.shell:Creating prefix script '/home/group1/create3_examples_ws/install/local_setup.bash'
[28.455s] INFO:colcon.colcon_core.shell:Creating prefix chain script '/home/group1/create3_examples_ws/install/setup.bash'
[28.475s] INFO:colcon.colcon_core.shell:Creating prefix script '/home/group1/create3_examples_ws/install/local_setup.zsh'
[28.486s] INFO:colcon.colcon_core.shell:Creating prefix chain script '/home/group1/create3_examples_ws/install/setup.zsh'
