[7.924s] Invoking command in '/home/group1/create3_examples_ws/build/create3_lidar_slam': AMENT_PREFIX_PATH=/home/group1/create3_examples_ws/install/irobot_create_msgs:${AMENT_PREFIX_PATH} CMAKE_PREFIX_PATH=/home/group1/create3_examples_ws/install/irobot_create_msgs:/opt/ros/humble LD_LIBRARY_PATH=/home/group1/create3_examples_ws/install/irobot_create_msgs/lib:${LD_LIBRARY_PATH} PYTHONPATH=/home/group1/create3_examples_ws/install/irobot_create_msgs/local/lib/python3.10/dist-packages:${PYTHONPATH} /usr/bin/cmake /home/group1/create3_examples_ws/src/create3_examples/create3_lidar_slam -DCMAKE_INSTALL_PREFIX=/home/group1/create3_examples_ws/install/create3_lidar_slam
[9.185s] -- The C compiler identification is GNU 11.4.0
[10.414s] -- The CXX compiler identification is GNU 11.4.0
[10.599s] -- Detecting C compiler ABI info
[12.251s] -- Detecting C compiler ABI info - done
[12.450s] -- Check for working C compiler: /usr/bin/cc - skipped
[12.454s] -- Detecting C compile features
[12.460s] -- Detecting C compile features - done
[12.546s] -- Detecting CXX compiler ABI info
[14.267s] -- Detecting CXX compiler ABI info - done
[14.420s] -- Check for working CXX compiler: /usr/bin/c++ - skipped
[14.425s] -- Detecting CXX compile features
[14.433s] -- Detecting CXX compile features - done
[14.588s] -- Found ament_cmake: 1.3.8 (/opt/ros/humble/share/ament_cmake/cmake)
[18.159s] -- Found Python3: /usr/bin/python3 (found version "3.10.12") found components: Interpreter 
[22.574s] -- Configuring done
[22.906s] -- Generating done
[22.989s] -- Build files have been written to: /home/group1/create3_examples_ws/build/create3_lidar_slam
[23.061s] Invoked command in '/home/group1/create3_examples_ws/build/create3_lidar_slam' returned '0': AMENT_PREFIX_PATH=/home/group1/create3_examples_ws/install/irobot_create_msgs:${AMENT_PREFIX_PATH} CMAKE_PREFIX_PATH=/home/group1/create3_examples_ws/install/irobot_create_msgs:/opt/ros/humble LD_LIBRARY_PATH=/home/group1/create3_examples_ws/install/irobot_create_msgs/lib:${LD_LIBRARY_PATH} PYTHONPATH=/home/group1/create3_examples_ws/install/irobot_create_msgs/local/lib/python3.10/dist-packages:${PYTHONPATH} /usr/bin/cmake /home/group1/create3_examples_ws/src/create3_examples/create3_lidar_slam -DCMAKE_INSTALL_PREFIX=/home/group1/create3_examples_ws/install/create3_lidar_slam
[23.079s] Invoking command in '/home/group1/create3_examples_ws/build/create3_lidar_slam': AMENT_PREFIX_PATH=/home/group1/create3_examples_ws/install/irobot_create_msgs:${AMENT_PREFIX_PATH} CMAKE_PREFIX_PATH=/home/group1/create3_examples_ws/install/irobot_create_msgs:/opt/ros/humble LD_LIBRARY_PATH=/home/group1/create3_examples_ws/install/irobot_create_msgs/lib:${LD_LIBRARY_PATH} PYTHONPATH=/home/group1/create3_examples_ws/install/irobot_create_msgs/local/lib/python3.10/dist-packages:${PYTHONPATH} /usr/bin/cmake --build /home/group1/create3_examples_ws/build/create3_lidar_slam -- -j4 -l4
[23.886s] Invoked command in '/home/group1/create3_examples_ws/build/create3_lidar_slam' returned '0': AMENT_PREFIX_PATH=/home/group1/create3_examples_ws/install/irobot_create_msgs:${AMENT_PREFIX_PATH} CMAKE_PREFIX_PATH=/home/group1/create3_examples_ws/install/irobot_create_msgs:/opt/ros/humble LD_LIBRARY_PATH=/home/group1/create3_examples_ws/install/irobot_create_msgs/lib:${LD_LIBRARY_PATH} PYTHONPATH=/home/group1/create3_examples_ws/install/irobot_create_msgs/local/lib/python3.10/dist-packages:${PYTHONPATH} /usr/bin/cmake --build /home/group1/create3_examples_ws/build/create3_lidar_slam -- -j4 -l4
[24.358s] Invoking command in '/home/group1/create3_examples_ws/build/create3_lidar_slam': AMENT_PREFIX_PATH=/home/group1/create3_examples_ws/install/irobot_create_msgs:${AMENT_PREFIX_PATH} CMAKE_PREFIX_PATH=/home/group1/create3_examples_ws/install/irobot_create_msgs:/opt/ros/humble LD_LIBRARY_PATH=/home/group1/create3_examples_ws/install/irobot_create_msgs/lib:${LD_LIBRARY_PATH} PYTHONPATH=/home/group1/create3_examples_ws/install/irobot_create_msgs/local/lib/python3.10/dist-packages:${PYTHONPATH} /usr/bin/cmake --install /home/group1/create3_examples_ws/build/create3_lidar_slam
[24.539s] -- Install configuration: ""
[24.543s] -- Installing: /home/group1/create3_examples_ws/install/create3_lidar_slam/share/create3_lidar_slam/launch
[24.565s] -- Installing: /home/group1/create3_examples_ws/install/create3_lidar_slam/share/create3_lidar_slam/launch/rviz_launch.py
[24.588s] -- Installing: /home/group1/create3_examples_ws/install/create3_lidar_slam/share/create3_lidar_slam/launch/sensors_launch.py
[24.615s] -- Installing: /home/group1/create3_examples_ws/install/create3_lidar_slam/share/create3_lidar_slam/launch/slam_toolbox_launch.py
[24.643s] -- Installing: /home/group1/create3_examples_ws/install/create3_lidar_slam/share/create3_lidar_slam/config
[24.655s] -- Installing: /home/group1/create3_examples_ws/install/create3_lidar_slam/share/create3_lidar_slam/config/mapper_params_online_async.yaml
[24.671s] -- Installing: /home/group1/create3_examples_ws/install/create3_lidar_slam/share/create3_lidar_slam/config/rplidar_node.yaml
[24.682s] -- Installing: /home/group1/create3_examples_ws/install/create3_lidar_slam/share/create3_lidar_slam/rviz
[24.693s] -- Installing: /home/group1/create3_examples_ws/install/create3_lidar_slam/share/create3_lidar_slam/rviz/create3_lidar_slam.rviz
[24.709s] -- Installing: /home/group1/create3_examples_ws/install/create3_lidar_slam/share/ament_index/resource_index/package_run_dependencies/create3_lidar_slam
[24.717s] -- Installing: /home/group1/create3_examples_ws/install/create3_lidar_slam/share/ament_index/resource_index/parent_prefix_path/create3_lidar_slam
[24.725s] -- Installing: /home/group1/create3_examples_ws/install/create3_lidar_slam/share/create3_lidar_slam/environment/ament_prefix_path.sh
[24.743s] -- Installing: /home/group1/create3_examples_ws/install/create3_lidar_slam/share/create3_lidar_slam/environment/ament_prefix_path.dsv
[24.750s] -- Installing: /home/group1/create3_examples_ws/install/create3_lidar_slam/share/create3_lidar_slam/environment/path.sh
[24.765s] -- Installing: /home/group1/create3_examples_ws/install/create3_lidar_slam/share/create3_lidar_slam/environment/path.dsv
[24.771s] -- Installing: /home/group1/create3_examples_ws/install/create3_lidar_slam/share/create3_lidar_slam/local_setup.bash
[24.780s] -- Installing: /home/group1/create3_examples_ws/install/create3_lidar_slam/share/create3_lidar_slam/local_setup.sh
[24.783s] -- Installing: /home/group1/create3_examples_ws/install/create3_lidar_slam/share/create3_lidar_slam/local_setup.zsh
[24.801s] -- Installing: /home/group1/create3_examples_ws/install/create3_lidar_slam/share/create3_lidar_slam/local_setup.dsv
[24.808s] -- Installing: /home/group1/create3_examples_ws/install/create3_lidar_slam/share/create3_lidar_slam/package.dsv
[24.814s] -- Installing: /home/group1/create3_examples_ws/install/create3_lidar_slam/share/ament_index/resource_index/packages/create3_lidar_slam
[24.822s] -- Installing: /home/group1/create3_examples_ws/install/create3_lidar_slam/share/create3_lidar_slam/cmake/create3_lidar_slamConfig.cmake
[24.827s] -- Installing: /home/group1/create3_examples_ws/install/create3_lidar_slam/share/create3_lidar_slam/cmake/create3_lidar_slamConfig-version.cmake
[24.834s] -- Installing: /home/group1/create3_examples_ws/install/create3_lidar_slam/share/create3_lidar_slam/package.xml
[24.864s] Invoked command in '/home/group1/create3_examples_ws/build/create3_lidar_slam' returned '0': AMENT_PREFIX_PATH=/home/group1/create3_examples_ws/install/irobot_create_msgs:${AMENT_PREFIX_PATH} CMAKE_PREFIX_PATH=/home/group1/create3_examples_ws/install/irobot_create_msgs:/opt/ros/humble LD_LIBRARY_PATH=/home/group1/create3_examples_ws/install/irobot_create_msgs/lib:${LD_LIBRARY_PATH} PYTHONPATH=/home/group1/create3_examples_ws/install/irobot_create_msgs/local/lib/python3.10/dist-packages:${PYTHONPATH} /usr/bin/cmake --install /home/group1/create3_examples_ws/build/create3_lidar_slam
