running egg_info
creating ../../../build/create3_examples_py/create3_examples_py.egg-info
writing ../../../build/create3_examples_py/create3_examples_py.egg-info/PKG-INFO
writing dependency_links to ../../../build/create3_examples_py/create3_examples_py.egg-info/dependency_links.txt
writing entry points to ../../../build/create3_examples_py/create3_examples_py.egg-info/entry_points.txt
writing requirements to ../../../build/create3_examples_py/create3_examples_py.egg-info/requires.txt
writing top-level names to ../../../build/create3_examples_py/create3_examples_py.egg-info/top_level.txt
writing manifest file '../../../build/create3_examples_py/create3_examples_py.egg-info/SOURCES.txt'
reading manifest file '../../../build/create3_examples_py/create3_examples_py.egg-info/SOURCES.txt'
writing manifest file '../../../build/create3_examples_py/create3_examples_py.egg-info/SOURCES.txt'
running build
running build_py
creating /home/group1/create3_examples_ws/build/create3_examples_py/build
creating /home/group1/create3_examples_ws/build/create3_examples_py/build/lib
creating /home/group1/create3_examples_ws/build/create3_examples_py/build/lib/create3_examples_py
copying create3_examples_py/__init__.py -> /home/group1/create3_examples_ws/build/create3_examples_py/build/lib/create3_examples_py
creating /home/group1/create3_examples_ws/build/create3_examples_py/build/lib/create3_examples_py/dance
copying create3_examples_py/dance/dance_choreograph.py -> /home/group1/create3_examples_ws/build/create3_examples_py/build/lib/create3_examples_py/dance
copying create3_examples_py/dance/__init__.py -> /home/group1/create3_examples_ws/build/create3_examples_py/build/lib/create3_examples_py/dance
copying create3_examples_py/dance/create3_dance.py -> /home/group1/create3_examples_ws/build/create3_examples_py/build/lib/create3_examples_py/dance
running install
running install_lib
creating /home/group1/create3_examples_ws/install/create3_examples_py/lib/python3.10/site-packages/create3_examples_py
creating /home/group1/create3_examples_ws/install/create3_examples_py/lib/python3.10/site-packages/create3_examples_py/dance
copying /home/group1/create3_examples_ws/build/create3_examples_py/build/lib/create3_examples_py/dance/dance_choreograph.py -> /home/group1/create3_examples_ws/install/create3_examples_py/lib/python3.10/site-packages/create3_examples_py/dance
copying /home/group1/create3_examples_ws/build/create3_examples_py/build/lib/create3_examples_py/dance/__init__.py -> /home/group1/create3_examples_ws/install/create3_examples_py/lib/python3.10/site-packages/create3_examples_py/dance
copying /home/group1/create3_examples_ws/build/create3_examples_py/build/lib/create3_examples_py/dance/create3_dance.py -> /home/group1/create3_examples_ws/install/create3_examples_py/lib/python3.10/site-packages/create3_examples_py/dance
copying /home/group1/create3_examples_ws/build/create3_examples_py/build/lib/create3_examples_py/__init__.py -> /home/group1/create3_examples_ws/install/create3_examples_py/lib/python3.10/site-packages/create3_examples_py
byte-compiling /home/group1/create3_examples_ws/install/create3_examples_py/lib/python3.10/site-packages/create3_examples_py/dance/dance_choreograph.py to dance_choreograph.cpython-310.pyc
byte-compiling /home/group1/create3_examples_ws/install/create3_examples_py/lib/python3.10/site-packages/create3_examples_py/dance/__init__.py to __init__.cpython-310.pyc
byte-compiling /home/group1/create3_examples_ws/install/create3_examples_py/lib/python3.10/site-packages/create3_examples_py/dance/create3_dance.py to create3_dance.cpython-310.pyc
byte-compiling /home/group1/create3_examples_ws/install/create3_examples_py/lib/python3.10/site-packages/create3_examples_py/__init__.py to __init__.cpython-310.pyc
running install_data
creating /home/group1/create3_examples_ws/install/create3_examples_py/share/ament_index
creating /home/group1/create3_examples_ws/install/create3_examples_py/share/ament_index/resource_index
creating /home/group1/create3_examples_ws/install/create3_examples_py/share/ament_index/resource_index/packages
copying resource/create3_examples_py -> /home/group1/create3_examples_ws/install/create3_examples_py/share/ament_index/resource_index/packages
copying package.xml -> /home/group1/create3_examples_ws/install/create3_examples_py/share/create3_examples_py
running install_egg_info
Copying ../../../build/create3_examples_py/create3_examples_py.egg-info to /home/group1/create3_examples_ws/install/create3_examples_py/lib/python3.10/site-packages/create3_examples_py-0.0.1-py3.10.egg-info
running install_scripts
Installing create3_dance script to /home/group1/create3_examples_ws/install/create3_examples_py/lib/create3_examples_py
writing list of installed files to '/home/group1/create3_examples_ws/build/create3_examples_py/install.log'
