[13.056s] Invoking command in '/home/group1/create3_examples_ws/src/py_pubsub': PYTHONPATH=/home/group1/create3_examples_ws/build/py_pubsub/prefix_override:/home/group1/create3_examples_ws/install/py_pubsub/lib/python3.10/site-packages:${PYTHONPATH} /usr/bin/python3 -W ignore:setup.py install is deprecated setup.py egg_info --egg-base ../../build/py_pubsub build --build-base /home/group1/create3_examples_ws/build/py_pubsub/build install --record /home/group1/create3_examples_ws/build/py_pubsub/install.log --single-version-externally-managed install_data
[18.384s] running egg_info
[18.398s] writing ../../build/py_pubsub/py_pubsub.egg-info/PKG-INFO
[18.403s] writing dependency_links to ../../build/py_pubsub/py_pubsub.egg-info/dependency_links.txt
[18.406s] writing entry points to ../../build/py_pubsub/py_pubsub.egg-info/entry_points.txt
[18.409s] writing requirements to ../../build/py_pubsub/py_pubsub.egg-info/requires.txt
[18.413s] writing top-level names to ../../build/py_pubsub/py_pubsub.egg-info/top_level.txt
[18.448s] reading manifest file '../../build/py_pubsub/py_pubsub.egg-info/SOURCES.txt'
[18.470s] writing manifest file '../../build/py_pubsub/py_pubsub.egg-info/SOURCES.txt'
[18.472s] running build
[18.474s] running build_py
[18.477s] copying py_pubsub/pubserial.py -> /home/group1/create3_examples_ws/build/py_pubsub/build/lib/py_pubsub
[18.482s] copying py_pubsub/subscriber_member_function.py -> /home/group1/create3_examples_ws/build/py_pubsub/build/lib/py_pubsub
[18.490s] running install
[18.495s] running install_lib
[18.510s] copying /home/group1/create3_examples_ws/build/py_pubsub/build/lib/py_pubsub/pubserial.py -> /home/group1/create3_examples_ws/install/py_pubsub/lib/python3.10/site-packages/py_pubsub
[18.515s] copying /home/group1/create3_examples_ws/build/py_pubsub/build/lib/py_pubsub/subscriber_member_function.py -> /home/group1/create3_examples_ws/install/py_pubsub/lib/python3.10/site-packages/py_pubsub
[18.527s] byte-compiling /home/group1/create3_examples_ws/install/py_pubsub/lib/python3.10/site-packages/py_pubsub/pubserial.py to pubserial.cpython-310.pyc
[18.536s] byte-compiling /home/group1/create3_examples_ws/install/py_pubsub/lib/python3.10/site-packages/py_pubsub/subscriber_member_function.py to subscriber_member_function.cpython-310.pyc
[18.545s] running install_data
[18.548s] running install_egg_info
[18.575s] removing '/home/group1/create3_examples_ws/install/py_pubsub/lib/python3.10/site-packages/py_pubsub-0.0.0-py3.10.egg-info' (and everything under it)
[18.587s] Copying ../../build/py_pubsub/py_pubsub.egg-info to /home/group1/create3_examples_ws/install/py_pubsub/lib/python3.10/site-packages/py_pubsub-0.0.0-py3.10.egg-info
[18.612s] running install_scripts
[18.973s] Installing listener script to /home/group1/create3_examples_ws/install/py_pubsub/lib/py_pubsub
[18.976s] Installing talker script to /home/group1/create3_examples_ws/install/py_pubsub/lib/py_pubsub
[18.983s] writing list of installed files to '/home/group1/create3_examples_ws/build/py_pubsub/install.log'
[19.336s] Invoked command in '/home/group1/create3_examples_ws/src/py_pubsub' returned '0': PYTHONPATH=/home/group1/create3_examples_ws/build/py_pubsub/prefix_override:/home/group1/create3_examples_ws/install/py_pubsub/lib/python3.10/site-packages:${PYTHONPATH} /usr/bin/python3 -W ignore:setup.py install is deprecated setup.py egg_info --egg-base ../../build/py_pubsub build --build-base /home/group1/create3_examples_ws/build/py_pubsub/build install --record /home/group1/create3_examples_ws/build/py_pubsub/install.log --single-version-externally-managed install_data
