[18.011s] Invoking command in '/home/group1/create3_examples_ws/src/py_pubsub': PYTHONPATH=/home/group1/create3_examples_ws/build/py_pubsub/prefix_override:/home/group1/create3_examples_ws/install/py_pubsub/lib/python3.10/site-packages:${PYTHONPATH} /usr/bin/python3 -W ignore:setup.py install is deprecated setup.py egg_info --egg-base ../../build/py_pubsub build --build-base /home/group1/create3_examples_ws/build/py_pubsub/build install --record /home/group1/create3_examples_ws/build/py_pubsub/install.log --single-version-externally-managed install_data
[26.451s] running egg_info
[26.464s] writing ../../build/py_pubsub/py_pubsub.egg-info/PKG-INFO
[26.470s] writing dependency_links to ../../build/py_pubsub/py_pubsub.egg-info/dependency_links.txt
[26.475s] writing entry points to ../../build/py_pubsub/py_pubsub.egg-info/entry_points.txt
[26.479s] writing requirements to ../../build/py_pubsub/py_pubsub.egg-info/requires.txt
[26.483s] writing top-level names to ../../build/py_pubsub/py_pubsub.egg-info/top_level.txt
[26.521s] reading manifest file '../../build/py_pubsub/py_pubsub.egg-info/SOURCES.txt'
[26.542s] writing manifest file '../../build/py_pubsub/py_pubsub.egg-info/SOURCES.txt'
[26.549s] running build
[26.552s] running build_py
[26.556s] copying py_pubsub/pubserial.py -> /home/group1/create3_examples_ws/build/py_pubsub/build/lib/py_pubsub
[26.569s] running install
[26.575s] running install_lib
[26.599s] copying /home/group1/create3_examples_ws/build/py_pubsub/build/lib/py_pubsub/pubserial.py -> /home/group1/create3_examples_ws/install/py_pubsub/lib/python3.10/site-packages/py_pubsub
[26.621s] byte-compiling /home/group1/create3_examples_ws/install/py_pubsub/lib/python3.10/site-packages/py_pubsub/pubserial.py to pubserial.cpython-310.pyc
[26.632s] running install_data
[26.642s] running install_egg_info
[26.690s] removing '/home/group1/create3_examples_ws/install/py_pubsub/lib/python3.10/site-packages/py_pubsub-0.0.0-py3.10.egg-info' (and everything under it)
[26.698s] Copying ../../build/py_pubsub/py_pubsub.egg-info to /home/group1/create3_examples_ws/install/py_pubsub/lib/python3.10/site-packages/py_pubsub-0.0.0-py3.10.egg-info
[26.730s] running install_scripts
[27.289s] Installing listener script to /home/group1/create3_examples_ws/install/py_pubsub/lib/py_pubsub
[27.303s] Installing talker script to /home/group1/create3_examples_ws/install/py_pubsub/lib/py_pubsub
[27.305s] writing list of installed files to '/home/group1/create3_examples_ws/build/py_pubsub/install.log'
[27.774s] Invoked command in '/home/group1/create3_examples_ws/src/py_pubsub' returned '0': PYTHONPATH=/home/group1/create3_examples_ws/build/py_pubsub/prefix_override:/home/group1/create3_examples_ws/install/py_pubsub/lib/python3.10/site-packages:${PYTHONPATH} /usr/bin/python3 -W ignore:setup.py install is deprecated setup.py egg_info --egg-base ../../build/py_pubsub build --build-base /home/group1/create3_examples_ws/build/py_pubsub/build install --record /home/group1/create3_examples_ws/build/py_pubsub/install.log --single-version-externally-managed install_data
