[0.301s] Invoking command in '/home/group1/create3_examples_ws/build/create3_examples_msgs': CMAKE_PREFIX_PATH=/opt/ros/humble /usr/bin/cmake /home/group1/create3_examples_ws/src/create3_examples/create3_examples_msgs -DCMAKE_INSTALL_PREFIX=/home/group1/create3_examples_ws/install/create3_examples_msgs
[3.440s] -- The C compiler identification is GNU 11.4.0
[5.529s] -- The CXX compiler identification is GNU 11.4.0
[5.691s] -- Detecting C compiler ABI info
[7.162s] -- Detecting C compiler ABI info - done
[7.345s] -- Check for working C compiler: /usr/bin/cc - skipped
[7.348s] -- Detecting C compile features
[7.357s] -- Detecting C compile features - done
[7.424s] -- Detecting CXX compiler ABI info
[8.989s] -- Detecting CXX compiler ABI info - done
[9.153s] -- Check for working CXX compiler: /usr/bin/c++ - skipped
[9.158s] -- Detecting CXX compile features
[9.167s] -- Detecting CXX compile features - done
[9.336s] -- Found ament_cmake: 1.3.8 (/opt/ros/humble/share/ament_cmake/cmake)
[12.725s] -- Found Python3: /usr/bin/python3 (found version "3.10.12") found components: Interpreter 
[15.387s] -- Found rosidl_default_generators: 1.2.0 (/opt/ros/humble/share/rosidl_default_generators/cmake)
[15.511s] -- Using all available rosidl_typesupport_c: rosidl_typesupport_fastrtps_c;rosidl_typesupport_introspection_c
[15.814s] -- Found rosidl_adapter: 3.1.5 (/opt/ros/humble/share/rosidl_adapter/cmake)
[17.395s] -- Using all available rosidl_typesupport_cpp: rosidl_typesupport_fastrtps_cpp;rosidl_typesupport_introspection_cpp
[18.594s] -- Found action_msgs: 1.2.1 (/opt/ros/humble/share/action_msgs/cmake)
[25.752s] -- Found ament_cmake_cppcheck: 0.12.10 (/opt/ros/humble/share/ament_cmake_cppcheck/cmake)
[25.842s] -- Found ament_cmake_cpplint: 0.12.10 (/opt/ros/humble/share/ament_cmake_cpplint/cmake)
[25.935s] -- Found ament_cmake_uncrustify: 0.12.10 (/opt/ros/humble/share/ament_cmake_uncrustify/cmake)
[26.035s] -- Found ament_cmake_ros: 0.10.0 (/opt/ros/humble/share/ament_cmake_ros/cmake)
[29.941s] -- Using all available rosidl_typesupport_c: rosidl_typesupport_fastrtps_c;rosidl_typesupport_introspection_c
[34.830s] -- Using all available rosidl_typesupport_cpp: rosidl_typesupport_fastrtps_cpp;rosidl_typesupport_introspection_cpp
[35.287s] -- Found PythonInterp: /usr/bin/python3 (found suitable version "3.10.12", minimum required is "3.6") 
[35.368s] -- Found python_cmake_module: 0.10.0 (/opt/ros/humble/share/python_cmake_module/cmake)
[35.885s] -- Found PythonLibs: /usr/lib/aarch64-linux-gnu/libpython3.10.so (found suitable version "3.10.12", minimum required is "3.5") 
[35.888s] -- Using PYTHON_EXECUTABLE: /usr/bin/python3
[35.891s] -- Using PYTHON_INCLUDE_DIRS: /usr/include/python3.10
[35.894s] -- Using PYTHON_LIBRARIES: /usr/lib/aarch64-linux-gnu/libpython3.10.so
[36.315s] -- Found PythonExtra: .so  
[37.233s] -- Found ament_cmake_flake8: 0.12.10 (/opt/ros/humble/share/ament_cmake_flake8/cmake)
[37.326s] -- Found ament_cmake_pep257: 0.12.10 (/opt/ros/humble/share/ament_cmake_pep257/cmake)
[37.587s] -- Configuring done
[38.554s] -- Generating done
[38.638s] -- Build files have been written to: /home/group1/create3_examples_ws/build/create3_examples_msgs
[38.823s] Invoked command in '/home/group1/create3_examples_ws/build/create3_examples_msgs' returned '0': CMAKE_PREFIX_PATH=/opt/ros/humble /usr/bin/cmake /home/group1/create3_examples_ws/src/create3_examples/create3_examples_msgs -DCMAKE_INSTALL_PREFIX=/home/group1/create3_examples_ws/install/create3_examples_msgs
[38.834s] Invoking command in '/home/group1/create3_examples_ws/build/create3_examples_msgs': CMAKE_PREFIX_PATH=/opt/ros/humble /usr/bin/cmake --build /home/group1/create3_examples_ws/build/create3_examples_msgs -- -j4 -l4
[39.475s] [  3%] [34m[1mGenerating C code for ROS interfaces[0m
[39.682s] [  6%] [34m[1mGenerating C++ code for ROS interfaces[0m
[39.849s] [  6%] Built target ament_cmake_python_copy_create3_examples_msgs
[46.294s] running egg_info
[46.307s] creating create3_examples_msgs.egg-info
[46.310s] writing create3_examples_msgs.egg-info/PKG-INFO
[46.314s] writing dependency_links to create3_examples_msgs.egg-info/dependency_links.txt
[46.318s] writing top-level names to create3_examples_msgs.egg-info/top_level.txt
[46.322s] writing manifest file 'create3_examples_msgs.egg-info/SOURCES.txt'
[46.356s] reading manifest file 'create3_examples_msgs.egg-info/SOURCES.txt'
[46.368s] writing manifest file 'create3_examples_msgs.egg-info/SOURCES.txt'
[46.915s] [  6%] Built target ament_cmake_python_build_create3_examples_msgs_egg
[51.614s] [  6%] Built target create3_examples_msgs__cpp
[51.793s] [  9%] [34m[1mGenerating C++ type support dispatch for ROS interfaces[0m
[51.867s] [ 12%] [34m[1mGenerating C++ type support for eProsima Fast-RTPS[0m
[51.871s] [ 16%] [34m[1mGenerating C++ introspection for ROS interfaces[0m
[52.250s] [ 19%] [32mBuilding C object CMakeFiles/create3_examples_msgs__rosidl_generator_c.dir/rosidl_generator_c/create3_examples_msgs/action/detail/coverage__functions.c.o[0m
[57.348s] [ 22%] [32m[1mLinking C shared library libcreate3_examples_msgs__rosidl_generator_c.so[0m
[58.867s] [ 22%] Built target create3_examples_msgs__rosidl_generator_c
[59.227s] [ 25%] [34m[1mGenerating C type support for eProsima Fast-RTPS[0m
[64.205s] [ 29%] [32mBuilding CXX object CMakeFiles/create3_examples_msgs__rosidl_typesupport_cpp.dir/rosidl_typesupport_cpp/create3_examples_msgs/action/coverage__type_support.cpp.o[0m
[64.228s] [ 32%] [32mBuilding CXX object CMakeFiles/create3_examples_msgs__rosidl_typesupport_introspection_cpp.dir/rosidl_typesupport_introspection_cpp/create3_examples_msgs/action/detail/coverage__type_support.cpp.o[0m
[67.197s] [ 35%] [32mBuilding CXX object CMakeFiles/create3_examples_msgs__rosidl_typesupport_fastrtps_cpp.dir/rosidl_typesupport_fastrtps_cpp/create3_examples_msgs/action/detail/dds_fastrtps/coverage__type_support.cpp.o[0m
[82.909s] [ 38%] [32m[1mLinking CXX shared library libcreate3_examples_msgs__rosidl_typesupport_cpp.so[0m
[83.393s] [ 41%] [32mBuilding CXX object CMakeFiles/create3_examples_msgs__rosidl_typesupport_fastrtps_c.dir/rosidl_typesupport_fastrtps_c/create3_examples_msgs/action/detail/coverage__type_support_c.cpp.o[0m
[85.029s] [ 41%] Built target create3_examples_msgs__rosidl_typesupport_cpp
[87.786s] [ 45%] [32m[1mLinking CXX shared library libcreate3_examples_msgs__rosidl_typesupport_introspection_cpp.so[0m
[88.090s] [ 48%] [32m[1mLinking CXX shared library libcreate3_examples_msgs__rosidl_typesupport_fastrtps_cpp.so[0m
[89.602s] [ 48%] Built target create3_examples_msgs__rosidl_typesupport_introspection_cpp
[89.993s] [ 48%] Built target create3_examples_msgs__rosidl_typesupport_fastrtps_cpp
[94.746s] [ 51%] [32m[1mLinking CXX shared library libcreate3_examples_msgs__rosidl_typesupport_fastrtps_c.so[0m
[96.155s] [ 51%] Built target create3_examples_msgs__rosidl_typesupport_fastrtps_c
[96.345s] [ 54%] [34m[1mGenerating C type support dispatch for ROS interfaces[0m
[104.287s] [ 58%] [32mBuilding CXX object CMakeFiles/create3_examples_msgs__rosidl_typesupport_c.dir/rosidl_typesupport_c/create3_examples_msgs/action/coverage__type_support.cpp.o[0m
[105.439s] [ 61%] [32m[1mLinking CXX shared library libcreate3_examples_msgs__rosidl_typesupport_c.so[0m
[106.150s] [ 61%] Built target create3_examples_msgs__rosidl_typesupport_c
[106.373s] [ 64%] [34m[1mGenerating C introspection for ROS interfaces[0m
[115.467s] [ 67%] [32mBuilding C object CMakeFiles/create3_examples_msgs__rosidl_typesupport_introspection_c.dir/rosidl_typesupport_introspection_c/create3_examples_msgs/action/detail/coverage__type_support.c.o[0m
[117.381s] [ 70%] [32m[1mLinking C shared library libcreate3_examples_msgs__rosidl_typesupport_introspection_c.so[0m
[117.963s] [ 70%] Built target create3_examples_msgs__rosidl_typesupport_introspection_c
[118.307s] [ 70%] Built target create3_examples_msgs
[118.716s] [ 74%] [34m[1mGenerating Python code for ROS interfaces[0m
[138.083s] [ 74%] Built target create3_examples_msgs__py
[138.435s] [ 77%] [32mBuilding C object CMakeFiles/create3_examples_msgs__rosidl_generator_py.dir/rosidl_generator_py/create3_examples_msgs/action/_coverage_s.c.o[0m
[141.960s] [ 80%] [32m[1mLinking C shared library rosidl_generator_py/create3_examples_msgs/libcreate3_examples_msgs__rosidl_generator_py.so[0m
[142.802s] [ 80%] Built target create3_examples_msgs__rosidl_generator_py
[143.161s] [ 83%] [32mBuilding C object CMakeFiles/create3_examples_msgs__rosidl_typesupport_fastrtps_c__pyext.dir/rosidl_generator_py/create3_examples_msgs/_create3_examples_msgs_s.ep.rosidl_typesupport_fastrtps_c.c.o[0m
[146.056s] [ 87%] [32m[1mLinking C shared library rosidl_generator_py/create3_examples_msgs/create3_examples_msgs_s__rosidl_typesupport_fastrtps_c.cpython-310-aarch64-linux-gnu.so[0m
[146.917s] [ 87%] Built target create3_examples_msgs__rosidl_typesupport_fastrtps_c__pyext
[147.264s] [ 90%] [32mBuilding C object CMakeFiles/create3_examples_msgs__rosidl_typesupport_c__pyext.dir/rosidl_generator_py/create3_examples_msgs/_create3_examples_msgs_s.ep.rosidl_typesupport_c.c.o[0m
[150.145s] [ 93%] [32m[1mLinking C shared library rosidl_generator_py/create3_examples_msgs/create3_examples_msgs_s__rosidl_typesupport_c.cpython-310-aarch64-linux-gnu.so[0m
[151.020s] [ 93%] Built target create3_examples_msgs__rosidl_typesupport_c__pyext
[151.381s] [ 96%] [32mBuilding C object CMakeFiles/create3_examples_msgs__rosidl_typesupport_introspection_c__pyext.dir/rosidl_generator_py/create3_examples_msgs/_create3_examples_msgs_s.ep.rosidl_typesupport_introspection_c.c.o[0m
[154.299s] [100%] [32m[1mLinking C shared library rosidl_generator_py/create3_examples_msgs/create3_examples_msgs_s__rosidl_typesupport_introspection_c.cpython-310-aarch64-linux-gnu.so[0m
[155.155s] [100%] Built target create3_examples_msgs__rosidl_typesupport_introspection_c__pyext
[155.404s] Invoked command in '/home/group1/create3_examples_ws/build/create3_examples_msgs' returned '0': CMAKE_PREFIX_PATH=/opt/ros/humble /usr/bin/cmake --build /home/group1/create3_examples_ws/build/create3_examples_msgs -- -j4 -l4
[156.904s] Invoking command in '/home/group1/create3_examples_ws/build/create3_examples_msgs': CMAKE_PREFIX_PATH=/opt/ros/humble /usr/bin/cmake --install /home/group1/create3_examples_ws/build/create3_examples_msgs
[157.055s] -- Install configuration: ""
[157.078s] -- Installing: /home/group1/create3_examples_ws/install/create3_examples_msgs/share/ament_index/resource_index/rosidl_interfaces/create3_examples_msgs
[157.088s] -- Installing: /home/group1/create3_examples_ws/install/create3_examples_msgs/include/create3_examples_msgs/create3_examples_msgs
[157.091s] -- Installing: /home/group1/create3_examples_ws/install/create3_examples_msgs/include/create3_examples_msgs/create3_examples_msgs/action
[157.093s] -- Installing: /home/group1/create3_examples_ws/install/create3_examples_msgs/include/create3_examples_msgs/create3_examples_msgs/action/coverage.h
[157.096s] -- Installing: /home/group1/create3_examples_ws/install/create3_examples_msgs/include/create3_examples_msgs/create3_examples_msgs/action/detail
[157.100s] -- Installing: /home/group1/create3_examples_ws/install/create3_examples_msgs/include/create3_examples_msgs/create3_examples_msgs/action/detail/coverage__functions.c
[157.111s] -- Installing: /home/group1/create3_examples_ws/install/create3_examples_msgs/include/create3_examples_msgs/create3_examples_msgs/action/detail/coverage__struct.h
[157.118s] -- Installing: /home/group1/create3_examples_ws/install/create3_examples_msgs/include/create3_examples_msgs/create3_examples_msgs/action/detail/coverage__functions.h
[157.125s] -- Installing: /home/group1/create3_examples_ws/install/create3_examples_msgs/include/create3_examples_msgs/create3_examples_msgs/action/detail/coverage__type_support.h
[157.131s] -- Installing: /home/group1/create3_examples_ws/install/create3_examples_msgs/include/create3_examples_msgs/create3_examples_msgs/msg
[157.134s] -- Installing: /home/group1/create3_examples_ws/install/create3_examples_msgs/include/create3_examples_msgs/create3_examples_msgs/msg/rosidl_generator_c__visibility_control.h
[157.146s] -- Installing: /home/group1/create3_examples_ws/install/create3_examples_msgs/share/create3_examples_msgs/environment/library_path.sh
[157.154s] -- Installing: /home/group1/create3_examples_ws/install/create3_examples_msgs/share/create3_examples_msgs/environment/library_path.dsv
[157.179s] -- Installing: /home/group1/create3_examples_ws/install/create3_examples_msgs/lib/libcreate3_examples_msgs__rosidl_generator_c.so
[157.184s] -- Set runtime path of "/home/group1/create3_examples_ws/install/create3_examples_msgs/lib/libcreate3_examples_msgs__rosidl_generator_c.so" to ""
[157.186s] -- Up-to-date: /home/group1/create3_examples_ws/install/create3_examples_msgs/include/create3_examples_msgs/create3_examples_msgs
[157.187s] -- Up-to-date: /home/group1/create3_examples_ws/install/create3_examples_msgs/include/create3_examples_msgs/create3_examples_msgs/action
[157.190s] -- Up-to-date: /home/group1/create3_examples_ws/install/create3_examples_msgs/include/create3_examples_msgs/create3_examples_msgs/action/detail
[157.193s] -- Installing: /home/group1/create3_examples_ws/install/create3_examples_msgs/include/create3_examples_msgs/create3_examples_msgs/action/detail/coverage__rosidl_typesupport_fastrtps_c.h
[157.194s] -- Up-to-date: /home/group1/create3_examples_ws/install/create3_examples_msgs/include/create3_examples_msgs/create3_examples_msgs/msg
[157.196s] -- Installing: /home/group1/create3_examples_ws/install/create3_examples_msgs/include/create3_examples_msgs/create3_examples_msgs/msg/rosidl_typesupport_fastrtps_c__visibility_control.h
[157.216s] -- Installing: /home/group1/create3_examples_ws/install/create3_examples_msgs/lib/libcreate3_examples_msgs__rosidl_typesupport_fastrtps_c.so
[157.227s] -- Set runtime path of "/home/group1/create3_examples_ws/install/create3_examples_msgs/lib/libcreate3_examples_msgs__rosidl_typesupport_fastrtps_c.so" to ""
[157.230s] -- Up-to-date: /home/group1/create3_examples_ws/install/create3_examples_msgs/include/create3_examples_msgs/create3_examples_msgs
[157.233s] -- Up-to-date: /home/group1/create3_examples_ws/install/create3_examples_msgs/include/create3_examples_msgs/create3_examples_msgs/action
[157.235s] -- Up-to-date: /home/group1/create3_examples_ws/install/create3_examples_msgs/include/create3_examples_msgs/create3_examples_msgs/action/detail
[157.236s] -- Installing: /home/group1/create3_examples_ws/install/create3_examples_msgs/include/create3_examples_msgs/create3_examples_msgs/action/detail/coverage__rosidl_typesupport_introspection_c.h
[157.241s] -- Installing: /home/group1/create3_examples_ws/install/create3_examples_msgs/include/create3_examples_msgs/create3_examples_msgs/action/detail/coverage__type_support.c
[157.243s] -- Up-to-date: /home/group1/create3_examples_ws/install/create3_examples_msgs/include/create3_examples_msgs/create3_examples_msgs/msg
[157.244s] -- Installing: /home/group1/create3_examples_ws/install/create3_examples_msgs/include/create3_examples_msgs/create3_examples_msgs/msg/rosidl_typesupport_introspection_c__visibility_control.h
[157.261s] -- Installing: /home/group1/create3_examples_ws/install/create3_examples_msgs/lib/libcreate3_examples_msgs__rosidl_typesupport_introspection_c.so
[157.271s] -- Set runtime path of "/home/group1/create3_examples_ws/install/create3_examples_msgs/lib/libcreate3_examples_msgs__rosidl_typesupport_introspection_c.so" to ""
[157.289s] -- Installing: /home/group1/create3_examples_ws/install/create3_examples_msgs/lib/libcreate3_examples_msgs__rosidl_typesupport_c.so
[157.293s] -- Set runtime path of "/home/group1/create3_examples_ws/install/create3_examples_msgs/lib/libcreate3_examples_msgs__rosidl_typesupport_c.so" to ""
[157.295s] -- Up-to-date: /home/group1/create3_examples_ws/install/create3_examples_msgs/include/create3_examples_msgs/create3_examples_msgs
[157.297s] -- Up-to-date: /home/group1/create3_examples_ws/install/create3_examples_msgs/include/create3_examples_msgs/create3_examples_msgs/action
[157.299s] -- Up-to-date: /home/group1/create3_examples_ws/install/create3_examples_msgs/include/create3_examples_msgs/create3_examples_msgs/action/detail
[157.301s] -- Installing: /home/group1/create3_examples_ws/install/create3_examples_msgs/include/create3_examples_msgs/create3_examples_msgs/action/detail/coverage__traits.hpp
[157.303s] -- Installing: /home/group1/create3_examples_ws/install/create3_examples_msgs/include/create3_examples_msgs/create3_examples_msgs/action/detail/coverage__struct.hpp
[157.306s] -- Installing: /home/group1/create3_examples_ws/install/create3_examples_msgs/include/create3_examples_msgs/create3_examples_msgs/action/detail/coverage__builder.hpp
[157.315s] -- Installing: /home/group1/create3_examples_ws/install/create3_examples_msgs/include/create3_examples_msgs/create3_examples_msgs/action/coverage.hpp
[157.322s] -- Up-to-date: /home/group1/create3_examples_ws/install/create3_examples_msgs/include/create3_examples_msgs/create3_examples_msgs
[157.330s] -- Up-to-date: /home/group1/create3_examples_ws/install/create3_examples_msgs/include/create3_examples_msgs/create3_examples_msgs/action
[157.333s] -- Up-to-date: /home/group1/create3_examples_ws/install/create3_examples_msgs/include/create3_examples_msgs/create3_examples_msgs/action/detail
[157.336s] -- Installing: /home/group1/create3_examples_ws/install/create3_examples_msgs/include/create3_examples_msgs/create3_examples_msgs/action/detail/coverage__rosidl_typesupport_fastrtps_cpp.hpp
[157.346s] -- Installing: /home/group1/create3_examples_ws/install/create3_examples_msgs/include/create3_examples_msgs/create3_examples_msgs/action/detail/dds_fastrtps
[157.357s] -- Up-to-date: /home/group1/create3_examples_ws/install/create3_examples_msgs/include/create3_examples_msgs/create3_examples_msgs/msg
[157.378s] -- Installing: /home/group1/create3_examples_ws/install/create3_examples_msgs/include/create3_examples_msgs/create3_examples_msgs/msg/rosidl_typesupport_fastrtps_cpp__visibility_control.h
[157.391s] -- Installing: /home/group1/create3_examples_ws/install/create3_examples_msgs/lib/libcreate3_examples_msgs__rosidl_typesupport_fastrtps_cpp.so
[157.393s] -- Set runtime path of "/home/group1/create3_examples_ws/install/create3_examples_msgs/lib/libcreate3_examples_msgs__rosidl_typesupport_fastrtps_cpp.so" to ""
[157.395s] -- Up-to-date: /home/group1/create3_examples_ws/install/create3_examples_msgs/include/create3_examples_msgs/create3_examples_msgs
[157.397s] -- Up-to-date: /home/group1/create3_examples_ws/install/create3_examples_msgs/include/create3_examples_msgs/create3_examples_msgs/action
[157.399s] -- Up-to-date: /home/group1/create3_examples_ws/install/create3_examples_msgs/include/create3_examples_msgs/create3_examples_msgs/action/detail
[157.402s] -- Installing: /home/group1/create3_examples_ws/install/create3_examples_msgs/include/create3_examples_msgs/create3_examples_msgs/action/detail/coverage__type_support.cpp
[157.405s] -- Installing: /home/group1/create3_examples_ws/install/create3_examples_msgs/include/create3_examples_msgs/create3_examples_msgs/action/detail/coverage__rosidl_typesupport_introspection_cpp.hpp
[157.426s] -- Installing: /home/group1/create3_examples_ws/install/create3_examples_msgs/lib/libcreate3_examples_msgs__rosidl_typesupport_introspection_cpp.so
[157.445s] -- Set runtime path of "/home/group1/create3_examples_ws/install/create3_examples_msgs/lib/libcreate3_examples_msgs__rosidl_typesupport_introspection_cpp.so" to ""
[157.447s] -- Installing: /home/group1/create3_examples_ws/install/create3_examples_msgs/lib/libcreate3_examples_msgs__rosidl_typesupport_cpp.so
[157.449s] -- Set runtime path of "/home/group1/create3_examples_ws/install/create3_examples_msgs/lib/libcreate3_examples_msgs__rosidl_typesupport_cpp.so" to ""
[157.453s] -- Installing: /home/group1/create3_examples_ws/install/create3_examples_msgs/share/create3_examples_msgs/environment/pythonpath.sh
[157.455s] -- Installing: /home/group1/create3_examples_ws/install/create3_examples_msgs/share/create3_examples_msgs/environment/pythonpath.dsv
[157.463s] -- Installing: /home/group1/create3_examples_ws/install/create3_examples_msgs/local/lib/python3.10/dist-packages/create3_examples_msgs-0.0.1-py3.10.egg-info
[157.469s] -- Installing: /home/group1/create3_examples_ws/install/create3_examples_msgs/local/lib/python3.10/dist-packages/create3_examples_msgs-0.0.1-py3.10.egg-info/dependency_links.txt
[157.476s] -- Installing: /home/group1/create3_examples_ws/install/create3_examples_msgs/local/lib/python3.10/dist-packages/create3_examples_msgs-0.0.1-py3.10.egg-info/top_level.txt
[157.483s] -- Installing: /home/group1/create3_examples_ws/install/create3_examples_msgs/local/lib/python3.10/dist-packages/create3_examples_msgs-0.0.1-py3.10.egg-info/SOURCES.txt
[157.490s] -- Installing: /home/group1/create3_examples_ws/install/create3_examples_msgs/local/lib/python3.10/dist-packages/create3_examples_msgs-0.0.1-py3.10.egg-info/PKG-INFO
[157.497s] -- Installing: /home/group1/create3_examples_ws/install/create3_examples_msgs/local/lib/python3.10/dist-packages/create3_examples_msgs
[157.500s] -- Installing: /home/group1/create3_examples_ws/install/create3_examples_msgs/local/lib/python3.10/dist-packages/create3_examples_msgs/_create3_examples_msgs_s.ep.rosidl_typesupport_c.c
[157.507s] -- Installing: /home/group1/create3_examples_ws/install/create3_examples_msgs/local/lib/python3.10/dist-packages/create3_examples_msgs/action
[157.511s] -- Installing: /home/group1/create3_examples_ws/install/create3_examples_msgs/local/lib/python3.10/dist-packages/create3_examples_msgs/action/_coverage_s.c
[157.518s] -- Installing: /home/group1/create3_examples_ws/install/create3_examples_msgs/local/lib/python3.10/dist-packages/create3_examples_msgs/action/__init__.py
[157.523s] -- Installing: /home/group1/create3_examples_ws/install/create3_examples_msgs/local/lib/python3.10/dist-packages/create3_examples_msgs/action/_coverage.py
[157.530s] -- Installing: /home/group1/create3_examples_ws/install/create3_examples_msgs/local/lib/python3.10/dist-packages/create3_examples_msgs/_create3_examples_msgs_s.ep.rosidl_typesupport_introspection_c.c
[157.540s] -- Installing: /home/group1/create3_examples_ws/install/create3_examples_msgs/local/lib/python3.10/dist-packages/create3_examples_msgs/create3_examples_msgs_s__rosidl_typesupport_c.cpython-310-aarch64-linux-gnu.so
[157.550s] -- Installing: /home/group1/create3_examples_ws/install/create3_examples_msgs/local/lib/python3.10/dist-packages/create3_examples_msgs/libcreate3_examples_msgs__rosidl_generator_py.so
[157.558s] -- Installing: /home/group1/create3_examples_ws/install/create3_examples_msgs/local/lib/python3.10/dist-packages/create3_examples_msgs/create3_examples_msgs_s__rosidl_typesupport_introspection_c.cpython-310-aarch64-linux-gnu.so
[157.565s] -- Installing: /home/group1/create3_examples_ws/install/create3_examples_msgs/local/lib/python3.10/dist-packages/create3_examples_msgs/create3_examples_msgs_s__rosidl_typesupport_fastrtps_c.cpython-310-aarch64-linux-gnu.so
[157.573s] -- Installing: /home/group1/create3_examples_ws/install/create3_examples_msgs/local/lib/python3.10/dist-packages/create3_examples_msgs/__init__.py
[157.578s] -- Installing: /home/group1/create3_examples_ws/install/create3_examples_msgs/local/lib/python3.10/dist-packages/create3_examples_msgs/_create3_examples_msgs_s.ep.rosidl_typesupport_fastrtps_c.c
[158.367s] Listing '/home/group1/create3_examples_ws/install/create3_examples_msgs/local/lib/python3.10/dist-packages/create3_examples_msgs'...
[158.371s] Compiling '/home/group1/create3_examples_ws/install/create3_examples_msgs/local/lib/python3.10/dist-packages/create3_examples_msgs/__init__.py'...
[158.375s] Listing '/home/group1/create3_examples_ws/install/create3_examples_msgs/local/lib/python3.10/dist-packages/create3_examples_msgs/action'...
[158.377s] Compiling '/home/group1/create3_examples_ws/install/create3_examples_msgs/local/lib/python3.10/dist-packages/create3_examples_msgs/action/__init__.py'...
[158.379s] Compiling '/home/group1/create3_examples_ws/install/create3_examples_msgs/local/lib/python3.10/dist-packages/create3_examples_msgs/action/_coverage.py'...
[158.469s] -- Installing: /home/group1/create3_examples_ws/install/create3_examples_msgs/local/lib/python3.10/dist-packages/create3_examples_msgs/create3_examples_msgs_s__rosidl_typesupport_fastrtps_c.cpython-310-aarch64-linux-gnu.so
[158.483s] -- Set runtime path of "/home/group1/create3_examples_ws/install/create3_examples_msgs/local/lib/python3.10/dist-packages/create3_examples_msgs/create3_examples_msgs_s__rosidl_typesupport_fastrtps_c.cpython-310-aarch64-linux-gnu.so" to ""
[158.490s] -- Installing: /home/group1/create3_examples_ws/install/create3_examples_msgs/local/lib/python3.10/dist-packages/create3_examples_msgs/create3_examples_msgs_s__rosidl_typesupport_introspection_c.cpython-310-aarch64-linux-gnu.so
[158.504s] -- Set runtime path of "/home/group1/create3_examples_ws/install/create3_examples_msgs/local/lib/python3.10/dist-packages/create3_examples_msgs/create3_examples_msgs_s__rosidl_typesupport_introspection_c.cpython-310-aarch64-linux-gnu.so" to ""
[158.511s] -- Installing: /home/group1/create3_examples_ws/install/create3_examples_msgs/local/lib/python3.10/dist-packages/create3_examples_msgs/create3_examples_msgs_s__rosidl_typesupport_c.cpython-310-aarch64-linux-gnu.so
[158.524s] -- Set runtime path of "/home/group1/create3_examples_ws/install/create3_examples_msgs/local/lib/python3.10/dist-packages/create3_examples_msgs/create3_examples_msgs_s__rosidl_typesupport_c.cpython-310-aarch64-linux-gnu.so" to ""
[158.542s] -- Installing: /home/group1/create3_examples_ws/install/create3_examples_msgs/lib/libcreate3_examples_msgs__rosidl_generator_py.so
[158.544s] -- Set runtime path of "/home/group1/create3_examples_ws/install/create3_examples_msgs/lib/libcreate3_examples_msgs__rosidl_generator_py.so" to ""
[158.549s] -- Installing: /home/group1/create3_examples_ws/install/create3_examples_msgs/share/create3_examples_msgs/action/Coverage.idl
[158.551s] -- Installing: /home/group1/create3_examples_ws/install/create3_examples_msgs/share/create3_examples_msgs/action/Coverage.action
[158.558s] -- Installing: /home/group1/create3_examples_ws/install/create3_examples_msgs/share/ament_index/resource_index/package_run_dependencies/create3_examples_msgs
[158.568s] -- Installing: /home/group1/create3_examples_ws/install/create3_examples_msgs/share/ament_index/resource_index/parent_prefix_path/create3_examples_msgs
[158.580s] -- Installing: /home/group1/create3_examples_ws/install/create3_examples_msgs/share/create3_examples_msgs/environment/ament_prefix_path.sh
[158.587s] -- Installing: /home/group1/create3_examples_ws/install/create3_examples_msgs/share/create3_examples_msgs/environment/ament_prefix_path.dsv
[158.594s] -- Installing: /home/group1/create3_examples_ws/install/create3_examples_msgs/share/create3_examples_msgs/environment/path.sh
[158.601s] -- Installing: /home/group1/create3_examples_ws/install/create3_examples_msgs/share/create3_examples_msgs/environment/path.dsv
[158.608s] -- Installing: /home/group1/create3_examples_ws/install/create3_examples_msgs/share/create3_examples_msgs/local_setup.bash
[158.614s] -- Installing: /home/group1/create3_examples_ws/install/create3_examples_msgs/share/create3_examples_msgs/local_setup.sh
[158.626s] -- Installing: /home/group1/create3_examples_ws/install/create3_examples_msgs/share/create3_examples_msgs/local_setup.zsh
[158.633s] -- Installing: /home/group1/create3_examples_ws/install/create3_examples_msgs/share/create3_examples_msgs/local_setup.dsv
[158.636s] -- Installing: /home/group1/create3_examples_ws/install/create3_examples_msgs/share/create3_examples_msgs/package.dsv
[158.646s] -- Installing: /home/group1/create3_examples_ws/install/create3_examples_msgs/share/ament_index/resource_index/packages/create3_examples_msgs
[158.659s] -- Installing: /home/group1/create3_examples_ws/install/create3_examples_msgs/share/create3_examples_msgs/cmake/export_create3_examples_msgs__rosidl_generator_cExport.cmake
[158.670s] -- Installing: /home/group1/create3_examples_ws/install/create3_examples_msgs/share/create3_examples_msgs/cmake/export_create3_examples_msgs__rosidl_generator_cExport-noconfig.cmake
[158.682s] -- Installing: /home/group1/create3_examples_ws/install/create3_examples_msgs/share/create3_examples_msgs/cmake/export_create3_examples_msgs__rosidl_typesupport_fastrtps_cExport.cmake
[158.691s] -- Installing: /home/group1/create3_examples_ws/install/create3_examples_msgs/share/create3_examples_msgs/cmake/export_create3_examples_msgs__rosidl_typesupport_fastrtps_cExport-noconfig.cmake
[158.699s] -- Installing: /home/group1/create3_examples_ws/install/create3_examples_msgs/share/create3_examples_msgs/cmake/create3_examples_msgs__rosidl_typesupport_introspection_cExport.cmake
[158.708s] -- Installing: /home/group1/create3_examples_ws/install/create3_examples_msgs/share/create3_examples_msgs/cmake/create3_examples_msgs__rosidl_typesupport_introspection_cExport-noconfig.cmake
[158.717s] -- Installing: /home/group1/create3_examples_ws/install/create3_examples_msgs/share/create3_examples_msgs/cmake/create3_examples_msgs__rosidl_typesupport_cExport.cmake
[158.726s] -- Installing: /home/group1/create3_examples_ws/install/create3_examples_msgs/share/create3_examples_msgs/cmake/create3_examples_msgs__rosidl_typesupport_cExport-noconfig.cmake
[158.734s] -- Installing: /home/group1/create3_examples_ws/install/create3_examples_msgs/share/create3_examples_msgs/cmake/export_create3_examples_msgs__rosidl_generator_cppExport.cmake
[158.742s] -- Installing: /home/group1/create3_examples_ws/install/create3_examples_msgs/share/create3_examples_msgs/cmake/export_create3_examples_msgs__rosidl_typesupport_fastrtps_cppExport.cmake
[158.751s] -- Installing: /home/group1/create3_examples_ws/install/create3_examples_msgs/share/create3_examples_msgs/cmake/export_create3_examples_msgs__rosidl_typesupport_fastrtps_cppExport-noconfig.cmake
[158.760s] -- Installing: /home/group1/create3_examples_ws/install/create3_examples_msgs/share/create3_examples_msgs/cmake/create3_examples_msgs__rosidl_typesupport_introspection_cppExport.cmake
[158.769s] -- Installing: /home/group1/create3_examples_ws/install/create3_examples_msgs/share/create3_examples_msgs/cmake/create3_examples_msgs__rosidl_typesupport_introspection_cppExport-noconfig.cmake
[158.778s] -- Installing: /home/group1/create3_examples_ws/install/create3_examples_msgs/share/create3_examples_msgs/cmake/create3_examples_msgs__rosidl_typesupport_cppExport.cmake
[158.786s] -- Installing: /home/group1/create3_examples_ws/install/create3_examples_msgs/share/create3_examples_msgs/cmake/create3_examples_msgs__rosidl_typesupport_cppExport-noconfig.cmake
[158.794s] -- Installing: /home/group1/create3_examples_ws/install/create3_examples_msgs/share/create3_examples_msgs/cmake/export_create3_examples_msgs__rosidl_generator_pyExport.cmake
[158.803s] -- Installing: /home/group1/create3_examples_ws/install/create3_examples_msgs/share/create3_examples_msgs/cmake/export_create3_examples_msgs__rosidl_generator_pyExport-noconfig.cmake
[158.812s] -- Installing: /home/group1/create3_examples_ws/install/create3_examples_msgs/share/create3_examples_msgs/cmake/rosidl_cmake-extras.cmake
[158.820s] -- Installing: /home/group1/create3_examples_ws/install/create3_examples_msgs/share/create3_examples_msgs/cmake/ament_cmake_export_dependencies-extras.cmake
[158.830s] -- Installing: /home/group1/create3_examples_ws/install/create3_examples_msgs/share/create3_examples_msgs/cmake/ament_cmake_export_include_directories-extras.cmake
[158.839s] -- Installing: /home/group1/create3_examples_ws/install/create3_examples_msgs/share/create3_examples_msgs/cmake/ament_cmake_export_libraries-extras.cmake
[158.848s] -- Installing: /home/group1/create3_examples_ws/install/create3_examples_msgs/share/create3_examples_msgs/cmake/ament_cmake_export_targets-extras.cmake
[158.858s] -- Installing: /home/group1/create3_examples_ws/install/create3_examples_msgs/share/create3_examples_msgs/cmake/rosidl_cmake_export_typesupport_targets-extras.cmake
[158.866s] -- Installing: /home/group1/create3_examples_ws/install/create3_examples_msgs/share/create3_examples_msgs/cmake/rosidl_cmake_export_typesupport_libraries-extras.cmake
[158.879s] -- Installing: /home/group1/create3_examples_ws/install/create3_examples_msgs/share/create3_examples_msgs/cmake/create3_examples_msgsConfig.cmake
[158.882s] -- Installing: /home/group1/create3_examples_ws/install/create3_examples_msgs/share/create3_examples_msgs/cmake/create3_examples_msgsConfig-version.cmake
[158.890s] -- Installing: /home/group1/create3_examples_ws/install/create3_examples_msgs/share/create3_examples_msgs/package.xml
[158.940s] Invoked command in '/home/group1/create3_examples_ws/build/create3_examples_msgs' returned '0': CMAKE_PREFIX_PATH=/opt/ros/humble /usr/bin/cmake --install /home/group1/create3_examples_ws/build/create3_examples_msgs
