[21.049s] Invoking command in '/home/group1/create3_examples_ws/src/py_pubsub': PYTHONPATH=/home/group1/create3_examples_ws/build/py_pubsub/prefix_override:/home/group1/create3_examples_ws/install/py_pubsub/lib/python3.10/site-packages:${PYTHONPATH} /usr/bin/python3 -W ignore:setup.py install is deprecated setup.py egg_info --egg-base ../../build/py_pubsub build --build-base /home/group1/create3_examples_ws/build/py_pubsub/build install --record /home/group1/create3_examples_ws/build/py_pubsub/install.log --single-version-externally-managed install_data
[27.617s] running egg_info
[27.641s] writing ../../build/py_pubsub/py_pubsub.egg-info/PKG-INFO
[27.645s] writing dependency_links to ../../build/py_pubsub/py_pubsub.egg-info/dependency_links.txt
[27.651s] writing entry points to ../../build/py_pubsub/py_pubsub.egg-info/entry_points.txt
[27.654s] writing requirements to ../../build/py_pubsub/py_pubsub.egg-info/requires.txt
[27.658s] writing top-level names to ../../build/py_pubsub/py_pubsub.egg-info/top_level.txt
[27.694s] reading manifest file '../../build/py_pubsub/py_pubsub.egg-info/SOURCES.txt'
[27.715s] writing manifest file '../../build/py_pubsub/py_pubsub.egg-info/SOURCES.txt'
[27.723s] running build
[27.725s] running build_py
[27.731s] copying py_pubsub/pubserial.py -> /home/group1/create3_examples_ws/build/py_pubsub/build/lib/py_pubsub
[27.743s] running install
[27.749s] running install_lib
[27.768s] copying /home/group1/create3_examples_ws/build/py_pubsub/build/lib/py_pubsub/pubserial.py -> /home/group1/create3_examples_ws/install/py_pubsub/lib/python3.10/site-packages/py_pubsub
[27.787s] byte-compiling /home/group1/create3_examples_ws/install/py_pubsub/lib/python3.10/site-packages/py_pubsub/pubserial.py to pubserial.cpython-310.pyc
[27.800s] running install_data
[27.805s] running install_egg_info
[27.840s] removing '/home/group1/create3_examples_ws/install/py_pubsub/lib/python3.10/site-packages/py_pubsub-0.0.0-py3.10.egg-info' (and everything under it)
[27.851s] Copying ../../build/py_pubsub/py_pubsub.egg-info to /home/group1/create3_examples_ws/install/py_pubsub/lib/python3.10/site-packages/py_pubsub-0.0.0-py3.10.egg-info
[27.882s] running install_scripts
[28.304s] Installing listener script to /home/group1/create3_examples_ws/install/py_pubsub/lib/py_pubsub
[28.318s] Installing talker script to /home/group1/create3_examples_ws/install/py_pubsub/lib/py_pubsub
[28.328s] writing list of installed files to '/home/group1/create3_examples_ws/build/py_pubsub/install.log'
[28.774s] Invoked command in '/home/group1/create3_examples_ws/src/py_pubsub' returned '0': PYTHONPATH=/home/group1/create3_examples_ws/build/py_pubsub/prefix_override:/home/group1/create3_examples_ws/install/py_pubsub/lib/python3.10/site-packages:${PYTHONPATH} /usr/bin/python3 -W ignore:setup.py install is deprecated setup.py egg_info --egg-base ../../build/py_pubsub build --build-base /home/group1/create3_examples_ws/build/py_pubsub/build install --record /home/group1/create3_examples_ws/build/py_pubsub/install.log --single-version-externally-managed install_data
