[7.192s] Invoking command in '/home/group1/create3_examples_ws/build/create3_lidar_slam': AMENT_PREFIX_PATH=/home/group1/create3_examples_ws/install/irobot_create_msgs:${AMENT_PREFIX_PATH} CMAKE_PREFIX_PATH=/home/group1/create3_examples_ws/install/irobot_create_msgs:/opt/ros/humble LD_LIBRARY_PATH=/home/group1/create3_examples_ws/install/irobot_create_msgs/lib:${LD_LIBRARY_PATH} PYTHONPATH=/home/group1/create3_examples_ws/install/irobot_create_msgs/local/lib/python3.10/dist-packages:${PYTHONPATH} /usr/bin/cmake --build /home/group1/create3_examples_ws/build/create3_lidar_slam -- -j4 -l4
[8.912s] Invoked command in '/home/group1/create3_examples_ws/build/create3_lidar_slam' returned '0': AMENT_PREFIX_PATH=/home/group1/create3_examples_ws/install/irobot_create_msgs:${AMENT_PREFIX_PATH} CMAKE_PREFIX_PATH=/home/group1/create3_examples_ws/install/irobot_create_msgs:/opt/ros/humble LD_LIBRARY_PATH=/home/group1/create3_examples_ws/install/irobot_create_msgs/lib:${LD_LIBRARY_PATH} PYTHONPATH=/home/group1/create3_examples_ws/install/irobot_create_msgs/local/lib/python3.10/dist-packages:${PYTHONPATH} /usr/bin/cmake --build /home/group1/create3_examples_ws/build/create3_lidar_slam -- -j4 -l4
[9.641s] Invoking command in '/home/group1/create3_examples_ws/build/create3_lidar_slam': AMENT_PREFIX_PATH=/home/group1/create3_examples_ws/install/irobot_create_msgs:${AMENT_PREFIX_PATH} CMAKE_PREFIX_PATH=/home/group1/create3_examples_ws/install/irobot_create_msgs:/opt/ros/humble LD_LIBRARY_PATH=/home/group1/create3_examples_ws/install/irobot_create_msgs/lib:${LD_LIBRARY_PATH} PYTHONPATH=/home/group1/create3_examples_ws/install/irobot_create_msgs/local/lib/python3.10/dist-packages:${PYTHONPATH} /usr/bin/cmake --install /home/group1/create3_examples_ws/build/create3_lidar_slam
[10.012s] -- Install configuration: ""
[10.038s] -- Up-to-date: /home/group1/create3_examples_ws/install/create3_lidar_slam/share/create3_lidar_slam/launch
[10.083s] -- Up-to-date: /home/group1/create3_examples_ws/install/create3_lidar_slam/share/create3_lidar_slam/launch/rviz_launch.py
[10.095s] -- Up-to-date: /home/group1/create3_examples_ws/install/create3_lidar_slam/share/create3_lidar_slam/launch/sensors_launch.py
[10.097s] -- Up-to-date: /home/group1/create3_examples_ws/install/create3_lidar_slam/share/create3_lidar_slam/launch/slam_toolbox_launch.py
[10.103s] -- Up-to-date: /home/group1/create3_examples_ws/install/create3_lidar_slam/share/create3_lidar_slam/config
[10.113s] -- Up-to-date: /home/group1/create3_examples_ws/install/create3_lidar_slam/share/create3_lidar_slam/config/mapper_params_online_async.yaml
[10.123s] -- Up-to-date: /home/group1/create3_examples_ws/install/create3_lidar_slam/share/create3_lidar_slam/config/rplidar_node.yaml
[10.125s] -- Up-to-date: /home/group1/create3_examples_ws/install/create3_lidar_slam/share/create3_lidar_slam/rviz
[10.152s] -- Up-to-date: /home/group1/create3_examples_ws/install/create3_lidar_slam/share/create3_lidar_slam/rviz/create3_lidar_slam.rviz
[10.177s] -- Up-to-date: /home/group1/create3_examples_ws/install/create3_lidar_slam/share/ament_index/resource_index/package_run_dependencies/create3_lidar_slam
[10.181s] -- Up-to-date: /home/group1/create3_examples_ws/install/create3_lidar_slam/share/ament_index/resource_index/parent_prefix_path/create3_lidar_slam
[10.185s] -- Up-to-date: /home/group1/create3_examples_ws/install/create3_lidar_slam/share/create3_lidar_slam/environment/ament_prefix_path.sh
[10.196s] -- Up-to-date: /home/group1/create3_examples_ws/install/create3_lidar_slam/share/create3_lidar_slam/environment/ament_prefix_path.dsv
[10.197s] -- Up-to-date: /home/group1/create3_examples_ws/install/create3_lidar_slam/share/create3_lidar_slam/environment/path.sh
[10.216s] -- Up-to-date: /home/group1/create3_examples_ws/install/create3_lidar_slam/share/create3_lidar_slam/environment/path.dsv
[10.218s] -- Up-to-date: /home/group1/create3_examples_ws/install/create3_lidar_slam/share/create3_lidar_slam/local_setup.bash
[10.221s] -- Up-to-date: /home/group1/create3_examples_ws/install/create3_lidar_slam/share/create3_lidar_slam/local_setup.sh
[10.237s] -- Up-to-date: /home/group1/create3_examples_ws/install/create3_lidar_slam/share/create3_lidar_slam/local_setup.zsh
[10.239s] -- Up-to-date: /home/group1/create3_examples_ws/install/create3_lidar_slam/share/create3_lidar_slam/local_setup.dsv
[10.249s] -- Installing: /home/group1/create3_examples_ws/install/create3_lidar_slam/share/create3_lidar_slam/package.dsv
[10.272s] -- Up-to-date: /home/group1/create3_examples_ws/install/create3_lidar_slam/share/ament_index/resource_index/packages/create3_lidar_slam
[10.274s] -- Up-to-date: /home/group1/create3_examples_ws/install/create3_lidar_slam/share/create3_lidar_slam/cmake/create3_lidar_slamConfig.cmake
[10.276s] -- Up-to-date: /home/group1/create3_examples_ws/install/create3_lidar_slam/share/create3_lidar_slam/cmake/create3_lidar_slamConfig-version.cmake
[10.323s] -- Up-to-date: /home/group1/create3_examples_ws/install/create3_lidar_slam/share/create3_lidar_slam/package.xml
[10.356s] Invoked command in '/home/group1/create3_examples_ws/build/create3_lidar_slam' returned '0': AMENT_PREFIX_PATH=/home/group1/create3_examples_ws/install/irobot_create_msgs:${AMENT_PREFIX_PATH} CMAKE_PREFIX_PATH=/home/group1/create3_examples_ws/install/irobot_create_msgs:/opt/ros/humble LD_LIBRARY_PATH=/home/group1/create3_examples_ws/install/irobot_create_msgs/lib:${LD_LIBRARY_PATH} PYTHONPATH=/home/group1/create3_examples_ws/install/irobot_create_msgs/local/lib/python3.10/dist-packages:${PYTHONPATH} /usr/bin/cmake --install /home/group1/create3_examples_ws/build/create3_lidar_slam
