[0.373s] Invoking command in '/home/group1/create3_examples_ws/build/create3_examples_msgs': CMAKE_PREFIX_PATH=/opt/ros/humble /usr/bin/cmake --build /home/group1/create3_examples_ws/build/create3_examples_msgs -- -j4 -l4
[1.804s] [35m[1mConsolidate compiler generated dependencies of target create3_examples_msgs__rosidl_generator_c[0m
[2.053s] [  3%] Built target create3_examples_msgs__cpp
[2.311s] [ 12%] Built target create3_examples_msgs__rosidl_generator_c
[2.459s] [35m[1mConsolidate compiler generated dependencies of target create3_examples_msgs__rosidl_typesupport_cpp[0m
[2.547s] [35m[1mConsolidate compiler generated dependencies of target create3_examples_msgs__rosidl_typesupport_fastrtps_cpp[0m
[2.569s] [ 12%] Built target ament_cmake_python_copy_create3_examples_msgs
[2.921s] [35m[1mConsolidate compiler generated dependencies of target create3_examples_msgs__rosidl_typesupport_introspection_cpp[0m
[3.247s] [35m[1mConsolidate compiler generated dependencies of target create3_examples_msgs__rosidl_typesupport_fastrtps_c[0m
[3.450s] [ 22%] Built target create3_examples_msgs__rosidl_typesupport_fastrtps_cpp
[3.566s] [ 41%] Built target create3_examples_msgs__rosidl_typesupport_introspection_cpp
[3.597s] [ 41%] Built target create3_examples_msgs__rosidl_typesupport_cpp
[3.976s] [35m[1mConsolidate compiler generated dependencies of target create3_examples_msgs__rosidl_typesupport_c[0m
[3.993s] [35m[1mConsolidate compiler generated dependencies of target create3_examples_msgs__rosidl_typesupport_introspection_c[0m
[4.293s] [ 51%] Built target create3_examples_msgs__rosidl_typesupport_fastrtps_c
[4.683s] [ 61%] Built target create3_examples_msgs__rosidl_typesupport_introspection_c
[4.831s] [ 70%] Built target create3_examples_msgs__rosidl_typesupport_c
[5.657s] [ 70%] Built target create3_examples_msgs
[6.522s] [ 74%] Built target create3_examples_msgs__py
[6.967s] [35m[1mConsolidate compiler generated dependencies of target create3_examples_msgs__rosidl_generator_py[0m
[7.658s] [ 80%] Built target create3_examples_msgs__rosidl_generator_py
[7.992s] [35m[1mConsolidate compiler generated dependencies of target create3_examples_msgs__rosidl_typesupport_c__pyext[0m
[8.069s] [35m[1mConsolidate compiler generated dependencies of target create3_examples_msgs__rosidl_typesupport_fastrtps_c__pyext[0m
[8.182s] [35m[1mConsolidate compiler generated dependencies of target create3_examples_msgs__rosidl_typesupport_introspection_c__pyext[0m
[8.591s] [ 87%] Built target create3_examples_msgs__rosidl_typesupport_fastrtps_c__pyext
[8.848s] [ 93%] Built target create3_examples_msgs__rosidl_typesupport_c__pyext
[9.039s] [100%] Built target create3_examples_msgs__rosidl_typesupport_introspection_c__pyext
[12.594s] running egg_info
[12.627s] writing create3_examples_msgs.egg-info/PKG-INFO
[12.640s] writing dependency_links to create3_examples_msgs.egg-info/dependency_links.txt
[12.649s] writing top-level names to create3_examples_msgs.egg-info/top_level.txt
[12.767s] reading manifest file 'create3_examples_msgs.egg-info/SOURCES.txt'
[12.793s] writing manifest file 'create3_examples_msgs.egg-info/SOURCES.txt'
[13.691s] [100%] Built target ament_cmake_python_build_create3_examples_msgs_egg
[13.895s] Invoked command in '/home/group1/create3_examples_ws/build/create3_examples_msgs' returned '0': CMAKE_PREFIX_PATH=/opt/ros/humble /usr/bin/cmake --build /home/group1/create3_examples_ws/build/create3_examples_msgs -- -j4 -l4
[15.388s] Invoking command in '/home/group1/create3_examples_ws/build/create3_examples_msgs': CMAKE_PREFIX_PATH=/opt/ros/humble /usr/bin/cmake --install /home/group1/create3_examples_ws/build/create3_examples_msgs
[15.570s] -- Install configuration: ""
[15.587s] -- Up-to-date: /home/group1/create3_examples_ws/install/create3_examples_msgs/share/ament_index/resource_index/rosidl_interfaces/create3_examples_msgs
[15.595s] -- Up-to-date: /home/group1/create3_examples_ws/install/create3_examples_msgs/include/create3_examples_msgs/create3_examples_msgs
[15.602s] -- Up-to-date: /home/group1/create3_examples_ws/install/create3_examples_msgs/include/create3_examples_msgs/create3_examples_msgs/action
[15.609s] -- Up-to-date: /home/group1/create3_examples_ws/install/create3_examples_msgs/include/create3_examples_msgs/create3_examples_msgs/action/coverage.h
[15.618s] -- Up-to-date: /home/group1/create3_examples_ws/install/create3_examples_msgs/include/create3_examples_msgs/create3_examples_msgs/action/detail
[15.626s] -- Up-to-date: /home/group1/create3_examples_ws/install/create3_examples_msgs/include/create3_examples_msgs/create3_examples_msgs/action/detail/coverage__functions.c
[15.631s] -- Up-to-date: /home/group1/create3_examples_ws/install/create3_examples_msgs/include/create3_examples_msgs/create3_examples_msgs/action/detail/coverage__struct.h
[15.637s] -- Up-to-date: /home/group1/create3_examples_ws/install/create3_examples_msgs/include/create3_examples_msgs/create3_examples_msgs/action/detail/coverage__functions.h
[15.643s] -- Up-to-date: /home/group1/create3_examples_ws/install/create3_examples_msgs/include/create3_examples_msgs/create3_examples_msgs/action/detail/coverage__type_support.h
[15.646s] -- Up-to-date: /home/group1/create3_examples_ws/install/create3_examples_msgs/include/create3_examples_msgs/create3_examples_msgs/msg
[15.652s] -- Up-to-date: /home/group1/create3_examples_ws/install/create3_examples_msgs/include/create3_examples_msgs/create3_examples_msgs/msg/rosidl_generator_c__visibility_control.h
[15.660s] -- Up-to-date: /home/group1/create3_examples_ws/install/create3_examples_msgs/share/create3_examples_msgs/environment/library_path.sh
[15.666s] -- Up-to-date: /home/group1/create3_examples_ws/install/create3_examples_msgs/share/create3_examples_msgs/environment/library_path.dsv
[15.682s] -- Up-to-date: /home/group1/create3_examples_ws/install/create3_examples_msgs/lib/libcreate3_examples_msgs__rosidl_generator_c.so
[15.692s] -- Up-to-date: /home/group1/create3_examples_ws/install/create3_examples_msgs/include/create3_examples_msgs/create3_examples_msgs
[15.697s] -- Up-to-date: /home/group1/create3_examples_ws/install/create3_examples_msgs/include/create3_examples_msgs/create3_examples_msgs/action
[15.703s] -- Up-to-date: /home/group1/create3_examples_ws/install/create3_examples_msgs/include/create3_examples_msgs/create3_examples_msgs/action/detail
[15.709s] -- Up-to-date: /home/group1/create3_examples_ws/install/create3_examples_msgs/include/create3_examples_msgs/create3_examples_msgs/action/detail/coverage__rosidl_typesupport_fastrtps_c.h
[15.718s] -- Up-to-date: /home/group1/create3_examples_ws/install/create3_examples_msgs/include/create3_examples_msgs/create3_examples_msgs/msg
[15.726s] -- Up-to-date: /home/group1/create3_examples_ws/install/create3_examples_msgs/include/create3_examples_msgs/create3_examples_msgs/msg/rosidl_typesupport_fastrtps_c__visibility_control.h
[15.741s] -- Up-to-date: /home/group1/create3_examples_ws/install/create3_examples_msgs/lib/libcreate3_examples_msgs__rosidl_typesupport_fastrtps_c.so
[15.750s] -- Up-to-date: /home/group1/create3_examples_ws/install/create3_examples_msgs/include/create3_examples_msgs/create3_examples_msgs
[15.755s] -- Up-to-date: /home/group1/create3_examples_ws/install/create3_examples_msgs/include/create3_examples_msgs/create3_examples_msgs/action
[15.761s] -- Up-to-date: /home/group1/create3_examples_ws/install/create3_examples_msgs/include/create3_examples_msgs/create3_examples_msgs/action/detail
[15.767s] -- Up-to-date: /home/group1/create3_examples_ws/install/create3_examples_msgs/include/create3_examples_msgs/create3_examples_msgs/action/detail/coverage__rosidl_typesupport_introspection_c.h
[15.773s] -- Up-to-date: /home/group1/create3_examples_ws/install/create3_examples_msgs/include/create3_examples_msgs/create3_examples_msgs/action/detail/coverage__type_support.c
[15.778s] -- Up-to-date: /home/group1/create3_examples_ws/install/create3_examples_msgs/include/create3_examples_msgs/create3_examples_msgs/msg
[15.784s] -- Up-to-date: /home/group1/create3_examples_ws/install/create3_examples_msgs/include/create3_examples_msgs/create3_examples_msgs/msg/rosidl_typesupport_introspection_c__visibility_control.h
[15.799s] -- Up-to-date: /home/group1/create3_examples_ws/install/create3_examples_msgs/lib/libcreate3_examples_msgs__rosidl_typesupport_introspection_c.so
[15.821s] -- Up-to-date: /home/group1/create3_examples_ws/install/create3_examples_msgs/lib/libcreate3_examples_msgs__rosidl_typesupport_c.so
[15.831s] -- Up-to-date: /home/group1/create3_examples_ws/install/create3_examples_msgs/include/create3_examples_msgs/create3_examples_msgs
[15.836s] -- Up-to-date: /home/group1/create3_examples_ws/install/create3_examples_msgs/include/create3_examples_msgs/create3_examples_msgs/action
[15.842s] -- Up-to-date: /home/group1/create3_examples_ws/install/create3_examples_msgs/include/create3_examples_msgs/create3_examples_msgs/action/detail
[15.848s] -- Up-to-date: /home/group1/create3_examples_ws/install/create3_examples_msgs/include/create3_examples_msgs/create3_examples_msgs/action/detail/coverage__traits.hpp
[15.853s] -- Up-to-date: /home/group1/create3_examples_ws/install/create3_examples_msgs/include/create3_examples_msgs/create3_examples_msgs/action/detail/coverage__struct.hpp
[15.858s] -- Up-to-date: /home/group1/create3_examples_ws/install/create3_examples_msgs/include/create3_examples_msgs/create3_examples_msgs/action/detail/coverage__builder.hpp
[15.864s] -- Up-to-date: /home/group1/create3_examples_ws/install/create3_examples_msgs/include/create3_examples_msgs/create3_examples_msgs/action/coverage.hpp
[15.869s] -- Up-to-date: /home/group1/create3_examples_ws/install/create3_examples_msgs/include/create3_examples_msgs/create3_examples_msgs
[15.875s] -- Up-to-date: /home/group1/create3_examples_ws/install/create3_examples_msgs/include/create3_examples_msgs/create3_examples_msgs/action
[15.880s] -- Up-to-date: /home/group1/create3_examples_ws/install/create3_examples_msgs/include/create3_examples_msgs/create3_examples_msgs/action/detail
[15.886s] -- Up-to-date: /home/group1/create3_examples_ws/install/create3_examples_msgs/include/create3_examples_msgs/create3_examples_msgs/action/detail/coverage__rosidl_typesupport_fastrtps_cpp.hpp
[15.891s] -- Up-to-date: /home/group1/create3_examples_ws/install/create3_examples_msgs/include/create3_examples_msgs/create3_examples_msgs/action/detail/dds_fastrtps
[15.897s] -- Up-to-date: /home/group1/create3_examples_ws/install/create3_examples_msgs/include/create3_examples_msgs/create3_examples_msgs/msg
[15.903s] -- Up-to-date: /home/group1/create3_examples_ws/install/create3_examples_msgs/include/create3_examples_msgs/create3_examples_msgs/msg/rosidl_typesupport_fastrtps_cpp__visibility_control.h
[15.921s] -- Up-to-date: /home/group1/create3_examples_ws/install/create3_examples_msgs/lib/libcreate3_examples_msgs__rosidl_typesupport_fastrtps_cpp.so
[15.931s] -- Up-to-date: /home/group1/create3_examples_ws/install/create3_examples_msgs/include/create3_examples_msgs/create3_examples_msgs
[15.937s] -- Up-to-date: /home/group1/create3_examples_ws/install/create3_examples_msgs/include/create3_examples_msgs/create3_examples_msgs/action
[15.942s] -- Up-to-date: /home/group1/create3_examples_ws/install/create3_examples_msgs/include/create3_examples_msgs/create3_examples_msgs/action/detail
[15.949s] -- Up-to-date: /home/group1/create3_examples_ws/install/create3_examples_msgs/include/create3_examples_msgs/create3_examples_msgs/action/detail/coverage__type_support.cpp
[15.954s] -- Up-to-date: /home/group1/create3_examples_ws/install/create3_examples_msgs/include/create3_examples_msgs/create3_examples_msgs/action/detail/coverage__rosidl_typesupport_introspection_cpp.hpp
[15.969s] -- Up-to-date: /home/group1/create3_examples_ws/install/create3_examples_msgs/lib/libcreate3_examples_msgs__rosidl_typesupport_introspection_cpp.so
[15.989s] -- Up-to-date: /home/group1/create3_examples_ws/install/create3_examples_msgs/lib/libcreate3_examples_msgs__rosidl_typesupport_cpp.so
[15.999s] -- Up-to-date: /home/group1/create3_examples_ws/install/create3_examples_msgs/share/create3_examples_msgs/environment/pythonpath.sh
[16.006s] -- Up-to-date: /home/group1/create3_examples_ws/install/create3_examples_msgs/share/create3_examples_msgs/environment/pythonpath.dsv
[16.020s] -- Up-to-date: /home/group1/create3_examples_ws/install/create3_examples_msgs/local/lib/python3.10/dist-packages/create3_examples_msgs-0.0.1-py3.10.egg-info
[16.028s] -- Installing: /home/group1/create3_examples_ws/install/create3_examples_msgs/local/lib/python3.10/dist-packages/create3_examples_msgs-0.0.1-py3.10.egg-info/dependency_links.txt
[16.038s] -- Installing: /home/group1/create3_examples_ws/install/create3_examples_msgs/local/lib/python3.10/dist-packages/create3_examples_msgs-0.0.1-py3.10.egg-info/top_level.txt
[16.049s] -- Installing: /home/group1/create3_examples_ws/install/create3_examples_msgs/local/lib/python3.10/dist-packages/create3_examples_msgs-0.0.1-py3.10.egg-info/SOURCES.txt
[16.059s] -- Installing: /home/group1/create3_examples_ws/install/create3_examples_msgs/local/lib/python3.10/dist-packages/create3_examples_msgs-0.0.1-py3.10.egg-info/PKG-INFO
[16.070s] -- Up-to-date: /home/group1/create3_examples_ws/install/create3_examples_msgs/local/lib/python3.10/dist-packages/create3_examples_msgs
[16.075s] -- Up-to-date: /home/group1/create3_examples_ws/install/create3_examples_msgs/local/lib/python3.10/dist-packages/create3_examples_msgs/_create3_examples_msgs_s.ep.rosidl_typesupport_c.c
[16.081s] -- Up-to-date: /home/group1/create3_examples_ws/install/create3_examples_msgs/local/lib/python3.10/dist-packages/create3_examples_msgs/action
[16.085s] -- Up-to-date: /home/group1/create3_examples_ws/install/create3_examples_msgs/local/lib/python3.10/dist-packages/create3_examples_msgs/action/_coverage_s.c
[16.089s] -- Up-to-date: /home/group1/create3_examples_ws/install/create3_examples_msgs/local/lib/python3.10/dist-packages/create3_examples_msgs/action/__init__.py
[16.091s] -- Up-to-date: /home/group1/create3_examples_ws/install/create3_examples_msgs/local/lib/python3.10/dist-packages/create3_examples_msgs/action/_coverage.py
[16.093s] -- Up-to-date: /home/group1/create3_examples_ws/install/create3_examples_msgs/local/lib/python3.10/dist-packages/create3_examples_msgs/_create3_examples_msgs_s.ep.rosidl_typesupport_introspection_c.c
[16.095s] -- Up-to-date: /home/group1/create3_examples_ws/install/create3_examples_msgs/local/lib/python3.10/dist-packages/create3_examples_msgs/create3_examples_msgs_s__rosidl_typesupport_c.cpython-310-aarch64-linux-gnu.so
[16.098s] -- Up-to-date: /home/group1/create3_examples_ws/install/create3_examples_msgs/local/lib/python3.10/dist-packages/create3_examples_msgs/libcreate3_examples_msgs__rosidl_generator_py.so
[16.102s] -- Up-to-date: /home/group1/create3_examples_ws/install/create3_examples_msgs/local/lib/python3.10/dist-packages/create3_examples_msgs/create3_examples_msgs_s__rosidl_typesupport_introspection_c.cpython-310-aarch64-linux-gnu.so
[16.108s] -- Up-to-date: /home/group1/create3_examples_ws/install/create3_examples_msgs/local/lib/python3.10/dist-packages/create3_examples_msgs/create3_examples_msgs_s__rosidl_typesupport_fastrtps_c.cpython-310-aarch64-linux-gnu.so
[16.115s] -- Up-to-date: /home/group1/create3_examples_ws/install/create3_examples_msgs/local/lib/python3.10/dist-packages/create3_examples_msgs/__init__.py
[16.130s] -- Up-to-date: /home/group1/create3_examples_ws/install/create3_examples_msgs/local/lib/python3.10/dist-packages/create3_examples_msgs/_create3_examples_msgs_s.ep.rosidl_typesupport_fastrtps_c.c
[16.831s] Listing '/home/group1/create3_examples_ws/install/create3_examples_msgs/local/lib/python3.10/dist-packages/create3_examples_msgs'...
[16.834s] Listing '/home/group1/create3_examples_ws/install/create3_examples_msgs/local/lib/python3.10/dist-packages/create3_examples_msgs/action'...
[16.958s] -- Up-to-date: /home/group1/create3_examples_ws/install/create3_examples_msgs/local/lib/python3.10/dist-packages/create3_examples_msgs/create3_examples_msgs_s__rosidl_typesupport_fastrtps_c.cpython-310-aarch64-linux-gnu.so
[16.979s] -- Up-to-date: /home/group1/create3_examples_ws/install/create3_examples_msgs/local/lib/python3.10/dist-packages/create3_examples_msgs/create3_examples_msgs_s__rosidl_typesupport_introspection_c.cpython-310-aarch64-linux-gnu.so
[16.999s] -- Up-to-date: /home/group1/create3_examples_ws/install/create3_examples_msgs/local/lib/python3.10/dist-packages/create3_examples_msgs/create3_examples_msgs_s__rosidl_typesupport_c.cpython-310-aarch64-linux-gnu.so
[17.021s] -- Up-to-date: /home/group1/create3_examples_ws/install/create3_examples_msgs/lib/libcreate3_examples_msgs__rosidl_generator_py.so
[17.038s] -- Up-to-date: /home/group1/create3_examples_ws/install/create3_examples_msgs/share/create3_examples_msgs/action/Coverage.idl
[17.044s] -- Up-to-date: /home/group1/create3_examples_ws/install/create3_examples_msgs/share/create3_examples_msgs/action/Coverage.action
[17.053s] -- Up-to-date: /home/group1/create3_examples_ws/install/create3_examples_msgs/share/ament_index/resource_index/package_run_dependencies/create3_examples_msgs
[17.063s] -- Up-to-date: /home/group1/create3_examples_ws/install/create3_examples_msgs/share/ament_index/resource_index/parent_prefix_path/create3_examples_msgs
[17.070s] -- Up-to-date: /home/group1/create3_examples_ws/install/create3_examples_msgs/share/create3_examples_msgs/environment/ament_prefix_path.sh
[17.076s] -- Up-to-date: /home/group1/create3_examples_ws/install/create3_examples_msgs/share/create3_examples_msgs/environment/ament_prefix_path.dsv
[17.082s] -- Up-to-date: /home/group1/create3_examples_ws/install/create3_examples_msgs/share/create3_examples_msgs/environment/path.sh
[17.088s] -- Up-to-date: /home/group1/create3_examples_ws/install/create3_examples_msgs/share/create3_examples_msgs/environment/path.dsv
[17.094s] -- Up-to-date: /home/group1/create3_examples_ws/install/create3_examples_msgs/share/create3_examples_msgs/local_setup.bash
[17.101s] -- Up-to-date: /home/group1/create3_examples_ws/install/create3_examples_msgs/share/create3_examples_msgs/local_setup.sh
[17.107s] -- Up-to-date: /home/group1/create3_examples_ws/install/create3_examples_msgs/share/create3_examples_msgs/local_setup.zsh
[17.114s] -- Up-to-date: /home/group1/create3_examples_ws/install/create3_examples_msgs/share/create3_examples_msgs/local_setup.dsv
[17.120s] -- Installing: /home/group1/create3_examples_ws/install/create3_examples_msgs/share/create3_examples_msgs/package.dsv
[17.133s] -- Up-to-date: /home/group1/create3_examples_ws/install/create3_examples_msgs/share/ament_index/resource_index/packages/create3_examples_msgs
[17.151s] -- Up-to-date: /home/group1/create3_examples_ws/install/create3_examples_msgs/share/create3_examples_msgs/cmake/export_create3_examples_msgs__rosidl_generator_cExport.cmake
[17.161s] -- Up-to-date: /home/group1/create3_examples_ws/install/create3_examples_msgs/share/create3_examples_msgs/cmake/export_create3_examples_msgs__rosidl_generator_cExport-noconfig.cmake
[17.172s] -- Up-to-date: /home/group1/create3_examples_ws/install/create3_examples_msgs/share/create3_examples_msgs/cmake/export_create3_examples_msgs__rosidl_typesupport_fastrtps_cExport.cmake
[17.179s] -- Up-to-date: /home/group1/create3_examples_ws/install/create3_examples_msgs/share/create3_examples_msgs/cmake/export_create3_examples_msgs__rosidl_typesupport_fastrtps_cExport-noconfig.cmake
[17.191s] -- Up-to-date: /home/group1/create3_examples_ws/install/create3_examples_msgs/share/create3_examples_msgs/cmake/create3_examples_msgs__rosidl_typesupport_introspection_cExport.cmake
[17.197s] -- Up-to-date: /home/group1/create3_examples_ws/install/create3_examples_msgs/share/create3_examples_msgs/cmake/create3_examples_msgs__rosidl_typesupport_introspection_cExport-noconfig.cmake
[17.209s] -- Up-to-date: /home/group1/create3_examples_ws/install/create3_examples_msgs/share/create3_examples_msgs/cmake/create3_examples_msgs__rosidl_typesupport_cExport.cmake
[17.216s] -- Up-to-date: /home/group1/create3_examples_ws/install/create3_examples_msgs/share/create3_examples_msgs/cmake/create3_examples_msgs__rosidl_typesupport_cExport-noconfig.cmake
[17.233s] -- Up-to-date: /home/group1/create3_examples_ws/install/create3_examples_msgs/share/create3_examples_msgs/cmake/export_create3_examples_msgs__rosidl_generator_cppExport.cmake
[17.246s] -- Up-to-date: /home/group1/create3_examples_ws/install/create3_examples_msgs/share/create3_examples_msgs/cmake/export_create3_examples_msgs__rosidl_typesupport_fastrtps_cppExport.cmake
[17.253s] -- Up-to-date: /home/group1/create3_examples_ws/install/create3_examples_msgs/share/create3_examples_msgs/cmake/export_create3_examples_msgs__rosidl_typesupport_fastrtps_cppExport-noconfig.cmake
[17.267s] -- Up-to-date: /home/group1/create3_examples_ws/install/create3_examples_msgs/share/create3_examples_msgs/cmake/create3_examples_msgs__rosidl_typesupport_introspection_cppExport.cmake
[17.274s] -- Up-to-date: /home/group1/create3_examples_ws/install/create3_examples_msgs/share/create3_examples_msgs/cmake/create3_examples_msgs__rosidl_typesupport_introspection_cppExport-noconfig.cmake
[17.286s] -- Up-to-date: /home/group1/create3_examples_ws/install/create3_examples_msgs/share/create3_examples_msgs/cmake/create3_examples_msgs__rosidl_typesupport_cppExport.cmake
[17.294s] -- Up-to-date: /home/group1/create3_examples_ws/install/create3_examples_msgs/share/create3_examples_msgs/cmake/create3_examples_msgs__rosidl_typesupport_cppExport-noconfig.cmake
[17.305s] -- Up-to-date: /home/group1/create3_examples_ws/install/create3_examples_msgs/share/create3_examples_msgs/cmake/export_create3_examples_msgs__rosidl_generator_pyExport.cmake
[17.312s] -- Up-to-date: /home/group1/create3_examples_ws/install/create3_examples_msgs/share/create3_examples_msgs/cmake/export_create3_examples_msgs__rosidl_generator_pyExport-noconfig.cmake
[17.319s] -- Up-to-date: /home/group1/create3_examples_ws/install/create3_examples_msgs/share/create3_examples_msgs/cmake/rosidl_cmake-extras.cmake
[17.326s] -- Up-to-date: /home/group1/create3_examples_ws/install/create3_examples_msgs/share/create3_examples_msgs/cmake/ament_cmake_export_dependencies-extras.cmake
[17.333s] -- Up-to-date: /home/group1/create3_examples_ws/install/create3_examples_msgs/share/create3_examples_msgs/cmake/ament_cmake_export_include_directories-extras.cmake
[17.340s] -- Up-to-date: /home/group1/create3_examples_ws/install/create3_examples_msgs/share/create3_examples_msgs/cmake/ament_cmake_export_libraries-extras.cmake
[17.346s] -- Up-to-date: /home/group1/create3_examples_ws/install/create3_examples_msgs/share/create3_examples_msgs/cmake/ament_cmake_export_targets-extras.cmake
[17.353s] -- Up-to-date: /home/group1/create3_examples_ws/install/create3_examples_msgs/share/create3_examples_msgs/cmake/rosidl_cmake_export_typesupport_targets-extras.cmake
[17.362s] -- Up-to-date: /home/group1/create3_examples_ws/install/create3_examples_msgs/share/create3_examples_msgs/cmake/rosidl_cmake_export_typesupport_libraries-extras.cmake
[17.369s] -- Up-to-date: /home/group1/create3_examples_ws/install/create3_examples_msgs/share/create3_examples_msgs/cmake/create3_examples_msgsConfig.cmake
[17.374s] -- Up-to-date: /home/group1/create3_examples_ws/install/create3_examples_msgs/share/create3_examples_msgs/cmake/create3_examples_msgsConfig-version.cmake
[17.380s] -- Up-to-date: /home/group1/create3_examples_ws/install/create3_examples_msgs/share/create3_examples_msgs/package.xml
[17.423s] Invoked command in '/home/group1/create3_examples_ws/build/create3_examples_msgs' returned '0': CMAKE_PREFIX_PATH=/opt/ros/humble /usr/bin/cmake --install /home/group1/create3_examples_ws/build/create3_examples_msgs
