[59.545s] Invoking command in '/home/group1/create3_examples_ws/src/py_pubsub': PYTHONPATH=/home/group1/create3_examples_ws/build/py_pubsub/prefix_override:/home/group1/create3_examples_ws/install/py_pubsub/lib/python3.10/site-packages:${PYTHONPATH} /usr/bin/python3 -W ignore:setup.py install is deprecated setup.py egg_info --egg-base ../../build/py_pubsub build --build-base /home/group1/create3_examples_ws/build/py_pubsub/build install --record /home/group1/create3_examples_ws/build/py_pubsub/install.log --single-version-externally-managed install_data
[78.338s] running egg_info
[78.363s] writing ../../build/py_pubsub/py_pubsub.egg-info/PKG-INFO
[78.369s] writing dependency_links to ../../build/py_pubsub/py_pubsub.egg-info/dependency_links.txt
[78.372s] writing entry points to ../../build/py_pubsub/py_pubsub.egg-info/entry_points.txt
[78.380s] writing requirements to ../../build/py_pubsub/py_pubsub.egg-info/requires.txt
[78.383s] writing top-level names to ../../build/py_pubsub/py_pubsub.egg-info/top_level.txt
[78.426s] reading manifest file '../../build/py_pubsub/py_pubsub.egg-info/SOURCES.txt'
[78.448s] writing manifest file '../../build/py_pubsub/py_pubsub.egg-info/SOURCES.txt'
[78.450s] running build
[78.452s] running build_py
[78.476s] copying py_pubsub/pubserial.py -> /home/group1/create3_examples_ws/build/py_pubsub/build/lib/py_pubsub
[78.486s] running install
[78.505s] running install_lib
[78.530s] copying /home/group1/create3_examples_ws/build/py_pubsub/build/lib/py_pubsub/pubserial.py -> /home/group1/create3_examples_ws/install/py_pubsub/lib/python3.10/site-packages/py_pubsub
[78.549s] byte-compiling /home/group1/create3_examples_ws/install/py_pubsub/lib/python3.10/site-packages/py_pubsub/pubserial.py to pubserial.cpython-310.pyc
[78.570s] running install_data
[78.582s] running install_egg_info
[78.626s] removing '/home/group1/create3_examples_ws/install/py_pubsub/lib/python3.10/site-packages/py_pubsub-0.0.0-py3.10.egg-info' (and everything under it)
[78.634s] Copying ../../build/py_pubsub/py_pubsub.egg-info to /home/group1/create3_examples_ws/install/py_pubsub/lib/python3.10/site-packages/py_pubsub-0.0.0-py3.10.egg-info
[78.664s] running install_scripts
[79.588s] Installing listener script to /home/group1/create3_examples_ws/install/py_pubsub/lib/py_pubsub
[79.598s] Installing talker script to /home/group1/create3_examples_ws/install/py_pubsub/lib/py_pubsub
[79.608s] writing list of installed files to '/home/group1/create3_examples_ws/build/py_pubsub/install.log'
[80.960s] Invoked command in '/home/group1/create3_examples_ws/src/py_pubsub' returned '0': PYTHONPATH=/home/group1/create3_examples_ws/build/py_pubsub/prefix_override:/home/group1/create3_examples_ws/install/py_pubsub/lib/python3.10/site-packages:${PYTHONPATH} /usr/bin/python3 -W ignore:setup.py install is deprecated setup.py egg_info --egg-base ../../build/py_pubsub build --build-base /home/group1/create3_examples_ws/build/py_pubsub/build install --record /home/group1/create3_examples_ws/build/py_pubsub/install.log --single-version-externally-managed install_data
