[24.722s] Invoking command in '/home/group1/create3_examples_ws/src/py_pubsub': PYTHONPATH=/home/group1/create3_examples_ws/build/py_pubsub/prefix_override:/home/group1/create3_examples_ws/install/py_pubsub/lib/python3.10/site-packages:${PYTHONPATH} /usr/bin/python3 -W ignore:setup.py install is deprecated setup.py egg_info --egg-base ../../build/py_pubsub build --build-base /home/group1/create3_examples_ws/build/py_pubsub/build install --record /home/group1/create3_examples_ws/build/py_pubsub/install.log --single-version-externally-managed install_data
[31.143s] running egg_info
[31.166s] writing ../../build/py_pubsub/py_pubsub.egg-info/PKG-INFO
[31.172s] writing dependency_links to ../../build/py_pubsub/py_pubsub.egg-info/dependency_links.txt
[31.178s] writing entry points to ../../build/py_pubsub/py_pubsub.egg-info/entry_points.txt
[31.182s] writing requirements to ../../build/py_pubsub/py_pubsub.egg-info/requires.txt
[31.185s] writing top-level names to ../../build/py_pubsub/py_pubsub.egg-info/top_level.txt
[31.219s] reading manifest file '../../build/py_pubsub/py_pubsub.egg-info/SOURCES.txt'
[31.241s] writing manifest file '../../build/py_pubsub/py_pubsub.egg-info/SOURCES.txt'
[31.243s] running build
[31.245s] running build_py
[31.256s] copying py_pubsub/pubserial.py -> /home/group1/create3_examples_ws/build/py_pubsub/build/lib/py_pubsub
[31.263s] copying py_pubsub/subscriber_member_function.py -> /home/group1/create3_examples_ws/build/py_pubsub/build/lib/py_pubsub
[31.272s] running install
[31.277s] running install_lib
[31.296s] copying /home/group1/create3_examples_ws/build/py_pubsub/build/lib/py_pubsub/pubserial.py -> /home/group1/create3_examples_ws/install/py_pubsub/lib/python3.10/site-packages/py_pubsub
[31.301s] copying /home/group1/create3_examples_ws/build/py_pubsub/build/lib/py_pubsub/subscriber_member_function.py -> /home/group1/create3_examples_ws/install/py_pubsub/lib/python3.10/site-packages/py_pubsub
[31.319s] byte-compiling /home/group1/create3_examples_ws/install/py_pubsub/lib/python3.10/site-packages/py_pubsub/pubserial.py to pubserial.cpython-310.pyc
[31.330s] byte-compiling /home/group1/create3_examples_ws/install/py_pubsub/lib/python3.10/site-packages/py_pubsub/subscriber_member_function.py to subscriber_member_function.cpython-310.pyc
[31.339s] running install_data
[31.351s] running install_egg_info
[31.383s] removing '/home/group1/create3_examples_ws/install/py_pubsub/lib/python3.10/site-packages/py_pubsub-0.0.0-py3.10.egg-info' (and everything under it)
[31.391s] Copying ../../build/py_pubsub/py_pubsub.egg-info to /home/group1/create3_examples_ws/install/py_pubsub/lib/python3.10/site-packages/py_pubsub-0.0.0-py3.10.egg-info
[31.419s] running install_scripts
[31.812s] Installing listener script to /home/group1/create3_examples_ws/install/py_pubsub/lib/py_pubsub
[32.317s] Installing talker script to /home/group1/create3_examples_ws/install/py_pubsub/lib/py_pubsub
[32.370s] writing list of installed files to '/home/group1/create3_examples_ws/build/py_pubsub/install.log'
[32.807s] Invoked command in '/home/group1/create3_examples_ws/src/py_pubsub' returned '0': PYTHONPATH=/home/group1/create3_examples_ws/build/py_pubsub/prefix_override:/home/group1/create3_examples_ws/install/py_pubsub/lib/python3.10/site-packages:${PYTHONPATH} /usr/bin/python3 -W ignore:setup.py install is deprecated setup.py egg_info --egg-base ../../build/py_pubsub build --build-base /home/group1/create3_examples_ws/build/py_pubsub/build install --record /home/group1/create3_examples_ws/build/py_pubsub/install.log --single-version-externally-managed install_data
