[0.432s] Invoking command in '/home/group1/create3_examples_ws/build/create3_coverage': AMENT_PREFIX_PATH=/home/group1/create3_examples_ws/install/irobot_create_msgs:/home/group1/create3_examples_ws/install/create3_examples_msgs:${AMENT_PREFIX_PATH} CMAKE_PREFIX_PATH=/home/group1/create3_examples_ws/install/irobot_create_msgs:/home/group1/create3_examples_ws/install/create3_examples_msgs:/opt/ros/humble LD_LIBRARY_PATH=/home/group1/create3_examples_ws/install/irobot_create_msgs/lib:/home/group1/create3_examples_ws/install/create3_examples_msgs/lib:${LD_LIBRARY_PATH} PYTHONPATH=/home/group1/create3_examples_ws/install/irobot_create_msgs/local/lib/python3.10/dist-packages:/home/group1/create3_examples_ws/install/create3_examples_msgs/local/lib/python3.10/dist-packages:${PYTHONPATH} /usr/bin/cmake /home/group1/create3_examples_ws/src/create3_examples/create3_coverage -DCMAKE_INSTALL_PREFIX=/home/group1/create3_examples_ws/install/create3_coverage
[8.179s] -- The C compiler identification is GNU 11.4.0
[8.214s] -- The CXX compiler identification is GNU 11.4.0
[8.216s] -- Detecting C compiler ABI info
[8.218s] -- Detecting C compiler ABI info - done
[8.220s] -- Check for working C compiler: /usr/bin/cc - skipped
[8.222s] -- Detecting C compile features
[8.225s] -- Detecting C compile features - done
[8.227s] -- Detecting CXX compiler ABI info
[8.229s] -- Detecting CXX compiler ABI info - done
[8.231s] -- Check for working CXX compiler: /usr/bin/c++ - skipped
[8.236s] -- Detecting CXX compile features
[8.241s] -- Detecting CXX compile features - done
[8.243s] -- Found ament_cmake: 1.3.8 (/opt/ros/humble/share/ament_cmake/cmake)
[10.044s] -- Found Python3: /usr/bin/python3 (found version "3.10.12") found components: Interpreter 
[13.372s] -- Found create3_examples_msgs: 0.0.1 (/home/group1/create3_examples_ws/install/create3_examples_msgs/share/create3_examples_msgs/cmake)
[15.806s] -- Found rosidl_generator_c: 3.1.5 (/opt/ros/humble/share/rosidl_generator_c/cmake)
[16.085s] -- Found rosidl_adapter: 3.1.5 (/opt/ros/humble/share/rosidl_adapter/cmake)
[16.469s] -- Found rosidl_generator_cpp: 3.1.5 (/opt/ros/humble/share/rosidl_generator_cpp/cmake)
[17.024s] -- Using all available rosidl_typesupport_c: rosidl_typesupport_fastrtps_c;rosidl_typesupport_introspection_c
[17.813s] -- Using all available rosidl_typesupport_cpp: rosidl_typesupport_fastrtps_cpp;rosidl_typesupport_introspection_cpp
[22.551s] -- Found geometry_msgs: 4.2.3 (/opt/ros/humble/share/geometry_msgs/cmake)
[25.021s] -- Found irobot_create_msgs: 2.1.0 (/home/group1/create3_examples_ws/install/irobot_create_msgs/share/irobot_create_msgs/cmake)
[27.774s] -- Found nav_msgs: 4.2.3 (/opt/ros/humble/share/nav_msgs/cmake)
[29.527s] -- Found rclcpp: 16.0.8 (/opt/ros/humble/share/rclcpp/cmake)
[31.488s] -- Found rmw_implementation_cmake: 6.1.1 (/opt/ros/humble/share/rmw_implementation_cmake/cmake)
[31.609s] -- Found rmw_fastrtps_cpp: 6.2.6 (/opt/ros/humble/share/rmw_fastrtps_cpp/cmake)
[34.415s] -- Found OpenSSL: /usr/lib/aarch64-linux-gnu/libcrypto.so (found version "3.0.2")  
[35.509s] -- Found FastRTPS: /opt/ros/humble/include  
[37.367s] -- Using RMW implementation 'rmw_fastrtps_cpp' as default
[37.760s] -- Looking for pthread.h
[39.107s] -- Looking for pthread.h - found
[39.113s] -- Performing Test CMAKE_HAVE_LIBC_PTHREAD
[40.493s] -- Performing Test CMAKE_HAVE_LIBC_PTHREAD - Success
[40.507s] -- Found Threads: TRUE  
[43.471s] -- Found rclcpp_action: 16.0.8 (/opt/ros/humble/share/rclcpp_action/cmake)
[44.212s] -- Found tf2_geometry_msgs: 0.25.6 (/opt/ros/humble/share/tf2_geometry_msgs/cmake)
[45.009s] -- Found eigen3_cmake_module: 0.1.1 (/opt/ros/humble/share/eigen3_cmake_module/cmake)
[45.037s] -- Found Eigen3: TRUE (found version "3.4.0") 
[45.040s] -- Ensuring Eigen3 include directory is part of orocos-kdl CMake target
[51.362s] -- Found ament_lint_auto: 0.12.10 (/opt/ros/humble/share/ament_lint_auto/cmake)
[53.411s] -- Added test 'cppcheck' to perform static code analysis on C / C++ code
[53.415s] -- Configured cppcheck include dirs: /home/group1/create3_examples_ws/src/create3_examples/create3_coverage/include
[53.417s] -- Configured cppcheck exclude dirs and/or files: 
[53.457s] -- Added test 'lint_cmake' to check CMake code style
[53.554s] -- Added test 'uncrustify' to check C / C++ code style
[53.555s] -- Configured uncrustify additional arguments: 
[53.574s] -- Added test 'xmllint' to check XML markup files
[53.666s] -- Configuring done
[54.230s] -- Generating done
[54.274s] -- Build files have been written to: /home/group1/create3_examples_ws/build/create3_coverage
[54.443s] Invoked command in '/home/group1/create3_examples_ws/build/create3_coverage' returned '0': AMENT_PREFIX_PATH=/home/group1/create3_examples_ws/install/irobot_create_msgs:/home/group1/create3_examples_ws/install/create3_examples_msgs:${AMENT_PREFIX_PATH} CMAKE_PREFIX_PATH=/home/group1/create3_examples_ws/install/irobot_create_msgs:/home/group1/create3_examples_ws/install/create3_examples_msgs:/opt/ros/humble LD_LIBRARY_PATH=/home/group1/create3_examples_ws/install/irobot_create_msgs/lib:/home/group1/create3_examples_ws/install/create3_examples_msgs/lib:${LD_LIBRARY_PATH} PYTHONPATH=/home/group1/create3_examples_ws/install/irobot_create_msgs/local/lib/python3.10/dist-packages:/home/group1/create3_examples_ws/install/create3_examples_msgs/local/lib/python3.10/dist-packages:${PYTHONPATH} /usr/bin/cmake /home/group1/create3_examples_ws/src/create3_examples/create3_coverage -DCMAKE_INSTALL_PREFIX=/home/group1/create3_examples_ws/install/create3_coverage
[54.483s] Invoking command in '/home/group1/create3_examples_ws/build/create3_coverage': AMENT_PREFIX_PATH=/home/group1/create3_examples_ws/install/irobot_create_msgs:/home/group1/create3_examples_ws/install/create3_examples_msgs:${AMENT_PREFIX_PATH} CMAKE_PREFIX_PATH=/home/group1/create3_examples_ws/install/irobot_create_msgs:/home/group1/create3_examples_ws/install/create3_examples_msgs:/opt/ros/humble LD_LIBRARY_PATH=/home/group1/create3_examples_ws/install/irobot_create_msgs/lib:/home/group1/create3_examples_ws/install/create3_examples_msgs/lib:${LD_LIBRARY_PATH} PYTHONPATH=/home/group1/create3_examples_ws/install/irobot_create_msgs/local/lib/python3.10/dist-packages:/home/group1/create3_examples_ws/install/create3_examples_msgs/local/lib/python3.10/dist-packages:${PYTHONPATH} /usr/bin/cmake --build /home/group1/create3_examples_ws/build/create3_coverage -- -j4 -l4
[55.418s] [  8%] [32mBuilding CXX object CMakeFiles/create3_coverage_core.dir/src/behaviors/dock-behavior.cpp.o[0m
[55.421s] [ 16%] [32mBuilding CXX object CMakeFiles/create3_coverage_core.dir/src/behaviors/drive-straight-behavior.cpp.o[0m
[55.455s] [ 25%] [32mBuilding CXX object CMakeFiles/create3_coverage_core.dir/src/behaviors/rotate-behavior.cpp.o[0m
[55.464s] [ 33%] [32mBuilding CXX object CMakeFiles/create3_coverage_core.dir/src/behaviors/reflex-behavior.cpp.o[0m
