[3.227s] DEBUG:colcon:Command line arguments: ['/usr/bin/colcon', 'build', '--packages-up-to', 'py_pubsub']
[3.228s] DEBUG:colcon:Parsed command line arguments: Namespace(log_base=None, log_level=None, verb_name='build', build_base='build', install_base='install', merge_install=False, symlink_install=False, test_result_base=None, continue_on_error=False, executor='parallel', parallel_workers=4, event_handlers=None, ignore_user_meta=False, metas=['./colcon.meta'], base_paths=['.'], packages_ignore=None, packages_ignore_regex=None, paths=None, packages_up_to=['py_pubsub'], packages_up_to_regex=None, packages_above=None, packages_above_and_dependencies=None, packages_above_depth=None, packages_select_by_dep=None, packages_skip_by_dep=None, packages_skip_up_to=None, packages_select_build_failed=False, packages_skip_build_finished=False, packages_select_test_failures=False, packages_skip_test_passed=False, packages_select=None, packages_skip=None, packages_select_regex=None, packages_skip_regex=None, packages_start=None, packages_end=None, allow_overriding=[], cmake_args=None, cmake_target=None, cmake_target_skip_unavailable=False, cmake_clean_cache=False, cmake_clean_first=False, cmake_force_configure=False, ament_cmake_args=None, catkin_cmake_args=None, catkin_skip_building_tests=False, verb_parser=<colcon_defaults.argument_parser.defaults.DefaultArgumentsDecorator object at 0xffff84ab3be0>, verb_extension=<colcon_core.verb.build.BuildVerb object at 0xffff849fc820>, main=<bound method BuildVerb.main of <colcon_core.verb.build.BuildVerb object at 0xffff849fc820>>)
[11.812s] Level 1:colcon.colcon_core.package_discovery:discover_packages(colcon_meta) check parameters
[11.814s] Level 1:colcon.colcon_core.package_discovery:discover_packages(recursive) check parameters
[11.815s] Level 1:colcon.colcon_core.package_discovery:discover_packages(ignore) check parameters
[11.815s] Level 1:colcon.colcon_core.package_discovery:discover_packages(path) check parameters
[11.816s] Level 1:colcon.colcon_core.package_discovery:discover_packages(colcon_meta) discover
[11.817s] Level 1:colcon.colcon_core.package_discovery:discover_packages(recursive) discover
[11.818s] INFO:colcon.colcon_core.package_discovery:Crawling recursively for packages in '/home/group1/create3_examples_ws'
[11.821s] Level 1:colcon.colcon_core.package_identification:_identify(.) by extensions ['ignore', 'ignore_ament_install']
[11.823s] Level 1:colcon.colcon_core.package_identification:_identify(.) by extension 'ignore'
[11.824s] Level 1:colcon.colcon_core.package_identification:_identify(.) by extension 'ignore_ament_install'
[11.826s] Level 1:colcon.colcon_core.package_identification:_identify(.) by extensions ['colcon_pkg']
[11.827s] Level 1:colcon.colcon_core.package_identification:_identify(.) by extension 'colcon_pkg'
[11.829s] Level 1:colcon.colcon_core.package_identification:_identify(.) by extensions ['colcon_meta']
[11.830s] Level 1:colcon.colcon_core.package_identification:_identify(.) by extension 'colcon_meta'
[11.831s] Level 1:colcon.colcon_core.package_identification:_identify(.) by extensions ['ros']
[11.832s] Level 1:colcon.colcon_core.package_identification:_identify(.) by extension 'ros'
[12.115s] Level 1:colcon.colcon_core.package_identification:_identify(.) by extensions ['cmake', 'python']
[12.116s] Level 1:colcon.colcon_core.package_identification:_identify(.) by extension 'cmake'
[12.117s] Level 1:colcon.colcon_core.package_identification:_identify(.) by extension 'python'
[12.119s] Level 1:colcon.colcon_core.package_identification:_identify(.) by extensions ['python_setup_py']
[12.120s] Level 1:colcon.colcon_core.package_identification:_identify(.) by extension 'python_setup_py'
[12.123s] Level 1:colcon.colcon_core.package_identification:_identify(build) by extensions ['ignore', 'ignore_ament_install']
[12.127s] Level 1:colcon.colcon_core.package_identification:_identify(build) by extension 'ignore'
[12.128s] Level 1:colcon.colcon_core.package_identification:_identify(build) ignored
[12.131s] Level 1:colcon.colcon_core.package_identification:_identify(install) by extensions ['ignore', 'ignore_ament_install']
[12.134s] Level 1:colcon.colcon_core.package_identification:_identify(install) by extension 'ignore'
[12.135s] Level 1:colcon.colcon_core.package_identification:_identify(install) ignored
[12.138s] Level 1:colcon.colcon_core.package_identification:_identify(log) by extensions ['ignore', 'ignore_ament_install']
[12.140s] Level 1:colcon.colcon_core.package_identification:_identify(log) by extension 'ignore'
[12.141s] Level 1:colcon.colcon_core.package_identification:_identify(log) ignored
[12.144s] Level 1:colcon.colcon_core.package_identification:_identify(src) by extensions ['ignore', 'ignore_ament_install']
[12.145s] Level 1:colcon.colcon_core.package_identification:_identify(src) by extension 'ignore'
[12.147s] Level 1:colcon.colcon_core.package_identification:_identify(src) by extension 'ignore_ament_install'
[12.149s] Level 1:colcon.colcon_core.package_identification:_identify(src) by extensions ['colcon_pkg']
[12.150s] Level 1:colcon.colcon_core.package_identification:_identify(src) by extension 'colcon_pkg'
[12.151s] Level 1:colcon.colcon_core.package_identification:_identify(src) by extensions ['colcon_meta']
[12.152s] Level 1:colcon.colcon_core.package_identification:_identify(src) by extension 'colcon_meta'
[12.153s] Level 1:colcon.colcon_core.package_identification:_identify(src) by extensions ['ros']
[12.154s] Level 1:colcon.colcon_core.package_identification:_identify(src) by extension 'ros'
[12.156s] Level 1:colcon.colcon_core.package_identification:_identify(src) by extensions ['cmake', 'python']
[12.157s] Level 1:colcon.colcon_core.package_identification:_identify(src) by extension 'cmake'
[12.159s] Level 1:colcon.colcon_core.package_identification:_identify(src) by extension 'python'
[12.160s] Level 1:colcon.colcon_core.package_identification:_identify(src) by extensions ['python_setup_py']
[12.161s] Level 1:colcon.colcon_core.package_identification:_identify(src) by extension 'python_setup_py'
[12.166s] Level 1:colcon.colcon_core.package_identification:_identify(src/create3_examples) by extensions ['ignore', 'ignore_ament_install']
[12.168s] Level 1:colcon.colcon_core.package_identification:_identify(src/create3_examples) by extension 'ignore'
[12.169s] Level 1:colcon.colcon_core.package_identification:_identify(src/create3_examples) by extension 'ignore_ament_install'
[12.171s] Level 1:colcon.colcon_core.package_identification:_identify(src/create3_examples) by extensions ['colcon_pkg']
[12.173s] Level 1:colcon.colcon_core.package_identification:_identify(src/create3_examples) by extension 'colcon_pkg'
[12.174s] Level 1:colcon.colcon_core.package_identification:_identify(src/create3_examples) by extensions ['colcon_meta']
[12.175s] Level 1:colcon.colcon_core.package_identification:_identify(src/create3_examples) by extension 'colcon_meta'
[12.177s] Level 1:colcon.colcon_core.package_identification:_identify(src/create3_examples) by extensions ['ros']
[12.178s] Level 1:colcon.colcon_core.package_identification:_identify(src/create3_examples) by extension 'ros'
[12.180s] Level 1:colcon.colcon_core.package_identification:_identify(src/create3_examples) by extensions ['cmake', 'python']
[12.181s] Level 1:colcon.colcon_core.package_identification:_identify(src/create3_examples) by extension 'cmake'
[12.183s] Level 1:colcon.colcon_core.package_identification:_identify(src/create3_examples) by extension 'python'
[12.184s] Level 1:colcon.colcon_core.package_identification:_identify(src/create3_examples) by extensions ['python_setup_py']
[12.185s] Level 1:colcon.colcon_core.package_identification:_identify(src/create3_examples) by extension 'python_setup_py'
[12.190s] Level 1:colcon.colcon_core.package_identification:_identify(src/create3_examples/create3_coverage) by extensions ['ignore', 'ignore_ament_install']
[12.193s] Level 1:colcon.colcon_core.package_identification:_identify(src/create3_examples/create3_coverage) by extension 'ignore'
[12.194s] Level 1:colcon.colcon_core.package_identification:_identify(src/create3_examples/create3_coverage) by extension 'ignore_ament_install'
[12.196s] Level 1:colcon.colcon_core.package_identification:_identify(src/create3_examples/create3_coverage) by extensions ['colcon_pkg']
[12.197s] Level 1:colcon.colcon_core.package_identification:_identify(src/create3_examples/create3_coverage) by extension 'colcon_pkg'
[12.199s] Level 1:colcon.colcon_core.package_identification:_identify(src/create3_examples/create3_coverage) by extensions ['colcon_meta']
[12.200s] Level 1:colcon.colcon_core.package_identification:_identify(src/create3_examples/create3_coverage) by extension 'colcon_meta'
[12.202s] Level 1:colcon.colcon_core.package_identification:_identify(src/create3_examples/create3_coverage) by extensions ['ros']
[12.203s] Level 1:colcon.colcon_core.package_identification:_identify(src/create3_examples/create3_coverage) by extension 'ros'
[12.270s] DEBUG:colcon.colcon_core.package_identification:Package 'src/create3_examples/create3_coverage' with type 'ros.ament_cmake' and name 'create3_coverage'
[12.275s] Level 1:colcon.colcon_core.package_identification:_identify(src/create3_examples/create3_examples_msgs) by extensions ['ignore', 'ignore_ament_install']
[12.277s] Level 1:colcon.colcon_core.package_identification:_identify(src/create3_examples/create3_examples_msgs) by extension 'ignore'
[12.278s] Level 1:colcon.colcon_core.package_identification:_identify(src/create3_examples/create3_examples_msgs) by extension 'ignore_ament_install'
[12.280s] Level 1:colcon.colcon_core.package_identification:_identify(src/create3_examples/create3_examples_msgs) by extensions ['colcon_pkg']
[12.282s] Level 1:colcon.colcon_core.package_identification:_identify(src/create3_examples/create3_examples_msgs) by extension 'colcon_pkg'
[12.283s] Level 1:colcon.colcon_core.package_identification:_identify(src/create3_examples/create3_examples_msgs) by extensions ['colcon_meta']
[12.284s] Level 1:colcon.colcon_core.package_identification:_identify(src/create3_examples/create3_examples_msgs) by extension 'colcon_meta'
[12.286s] Level 1:colcon.colcon_core.package_identification:_identify(src/create3_examples/create3_examples_msgs) by extensions ['ros']
[12.287s] Level 1:colcon.colcon_core.package_identification:_identify(src/create3_examples/create3_examples_msgs) by extension 'ros'
[12.301s] DEBUG:colcon.colcon_core.package_identification:Package 'src/create3_examples/create3_examples_msgs' with type 'ros.ament_cmake' and name 'create3_examples_msgs'
[12.305s] Level 1:colcon.colcon_core.package_identification:_identify(src/create3_examples/create3_examples_py) by extensions ['ignore', 'ignore_ament_install']
[12.307s] Level 1:colcon.colcon_core.package_identification:_identify(src/create3_examples/create3_examples_py) by extension 'ignore'
[12.309s] Level 1:colcon.colcon_core.package_identification:_identify(src/create3_examples/create3_examples_py) by extension 'ignore_ament_install'
[12.311s] Level 1:colcon.colcon_core.package_identification:_identify(src/create3_examples/create3_examples_py) by extensions ['colcon_pkg']
[12.312s] Level 1:colcon.colcon_core.package_identification:_identify(src/create3_examples/create3_examples_py) by extension 'colcon_pkg'
[12.314s] Level 1:colcon.colcon_core.package_identification:_identify(src/create3_examples/create3_examples_py) by extensions ['colcon_meta']
[12.315s] Level 1:colcon.colcon_core.package_identification:_identify(src/create3_examples/create3_examples_py) by extension 'colcon_meta'
[12.316s] Level 1:colcon.colcon_core.package_identification:_identify(src/create3_examples/create3_examples_py) by extensions ['ros']
[12.317s] Level 1:colcon.colcon_core.package_identification:_identify(src/create3_examples/create3_examples_py) by extension 'ros'
[12.336s] DEBUG:colcon.colcon_core.package_identification:Package 'src/create3_examples/create3_examples_py' with type 'ros.ament_python' and name 'create3_examples_py'
[12.341s] Level 1:colcon.colcon_core.package_identification:_identify(src/create3_examples/create3_lidar_slam) by extensions ['ignore', 'ignore_ament_install']
[12.342s] Level 1:colcon.colcon_core.package_identification:_identify(src/create3_examples/create3_lidar_slam) by extension 'ignore'
[12.344s] Level 1:colcon.colcon_core.package_identification:_identify(src/create3_examples/create3_lidar_slam) by extension 'ignore_ament_install'
[12.346s] Level 1:colcon.colcon_core.package_identification:_identify(src/create3_examples/create3_lidar_slam) by extensions ['colcon_pkg']
[12.347s] Level 1:colcon.colcon_core.package_identification:_identify(src/create3_examples/create3_lidar_slam) by extension 'colcon_pkg'
[12.348s] Level 1:colcon.colcon_core.package_identification:_identify(src/create3_examples/create3_lidar_slam) by extensions ['colcon_meta']
[12.349s] Level 1:colcon.colcon_core.package_identification:_identify(src/create3_examples/create3_lidar_slam) by extension 'colcon_meta'
[12.351s] Level 1:colcon.colcon_core.package_identification:_identify(src/create3_examples/create3_lidar_slam) by extensions ['ros']
[12.352s] Level 1:colcon.colcon_core.package_identification:_identify(src/create3_examples/create3_lidar_slam) by extension 'ros'
[12.366s] DEBUG:colcon.colcon_core.package_identification:Package 'src/create3_examples/create3_lidar_slam' with type 'ros.ament_cmake' and name 'create3_lidar_slam'
[12.371s] Level 1:colcon.colcon_core.package_identification:_identify(src/create3_examples/create3_republisher) by extensions ['ignore', 'ignore_ament_install']
[12.373s] Level 1:colcon.colcon_core.package_identification:_identify(src/create3_examples/create3_republisher) by extension 'ignore'
[12.374s] Level 1:colcon.colcon_core.package_identification:_identify(src/create3_examples/create3_republisher) by extension 'ignore_ament_install'
[12.376s] Level 1:colcon.colcon_core.package_identification:_identify(src/create3_examples/create3_republisher) by extensions ['colcon_pkg']
[12.377s] Level 1:colcon.colcon_core.package_identification:_identify(src/create3_examples/create3_republisher) by extension 'colcon_pkg'
[12.379s] Level 1:colcon.colcon_core.package_identification:_identify(src/create3_examples/create3_republisher) by extensions ['colcon_meta']
[12.380s] Level 1:colcon.colcon_core.package_identification:_identify(src/create3_examples/create3_republisher) by extension 'colcon_meta'
[12.382s] Level 1:colcon.colcon_core.package_identification:_identify(src/create3_examples/create3_republisher) by extensions ['ros']
[12.383s] Level 1:colcon.colcon_core.package_identification:_identify(src/create3_examples/create3_republisher) by extension 'ros'
[12.403s] DEBUG:colcon.colcon_core.package_identification:Package 'src/create3_examples/create3_republisher' with type 'ros.ament_cmake' and name 'create3_republisher'
[12.408s] Level 1:colcon.colcon_core.package_identification:_identify(src/create3_examples/create3_teleop) by extensions ['ignore', 'ignore_ament_install']
[12.410s] Level 1:colcon.colcon_core.package_identification:_identify(src/create3_examples/create3_teleop) by extension 'ignore'
[12.412s] Level 1:colcon.colcon_core.package_identification:_identify(src/create3_examples/create3_teleop) by extension 'ignore_ament_install'
[12.414s] Level 1:colcon.colcon_core.package_identification:_identify(src/create3_examples/create3_teleop) by extensions ['colcon_pkg']
[12.415s] Level 1:colcon.colcon_core.package_identification:_identify(src/create3_examples/create3_teleop) by extension 'colcon_pkg'
[12.416s] Level 1:colcon.colcon_core.package_identification:_identify(src/create3_examples/create3_teleop) by extensions ['colcon_meta']
[12.417s] Level 1:colcon.colcon_core.package_identification:_identify(src/create3_examples/create3_teleop) by extension 'colcon_meta'
[12.419s] Level 1:colcon.colcon_core.package_identification:_identify(src/create3_examples/create3_teleop) by extensions ['ros']
[12.420s] Level 1:colcon.colcon_core.package_identification:_identify(src/create3_examples/create3_teleop) by extension 'ros'
[12.432s] DEBUG:colcon.colcon_core.package_identification:Package 'src/create3_examples/create3_teleop' with type 'ros.ament_python' and name 'create3_teleop'
[12.437s] Level 1:colcon.colcon_core.package_identification:_identify(src/irobot_create_msgs) by extensions ['ignore', 'ignore_ament_install']
[12.438s] Level 1:colcon.colcon_core.package_identification:_identify(src/irobot_create_msgs) by extension 'ignore'
[12.440s] Level 1:colcon.colcon_core.package_identification:_identify(src/irobot_create_msgs) by extension 'ignore_ament_install'
[12.442s] Level 1:colcon.colcon_core.package_identification:_identify(src/irobot_create_msgs) by extensions ['colcon_pkg']
[12.443s] Level 1:colcon.colcon_core.package_identification:_identify(src/irobot_create_msgs) by extension 'colcon_pkg'
[12.445s] Level 1:colcon.colcon_core.package_identification:_identify(src/irobot_create_msgs) by extensions ['colcon_meta']
[12.446s] Level 1:colcon.colcon_core.package_identification:_identify(src/irobot_create_msgs) by extension 'colcon_meta'
[12.448s] Level 1:colcon.colcon_core.package_identification:_identify(src/irobot_create_msgs) by extensions ['ros']
[12.449s] Level 1:colcon.colcon_core.package_identification:_identify(src/irobot_create_msgs) by extension 'ros'
[12.464s] DEBUG:colcon.colcon_core.package_identification:Package 'src/irobot_create_msgs' with type 'ros.ament_cmake' and name 'irobot_create_msgs'
[12.467s] Level 1:colcon.colcon_core.package_identification:_identify(src/py_pubsub) by extensions ['ignore', 'ignore_ament_install']
[12.469s] Level 1:colcon.colcon_core.package_identification:_identify(src/py_pubsub) by extension 'ignore'
[12.471s] Level 1:colcon.colcon_core.package_identification:_identify(src/py_pubsub) by extension 'ignore_ament_install'
[12.473s] Level 1:colcon.colcon_core.package_identification:_identify(src/py_pubsub) by extensions ['colcon_pkg']
[12.474s] Level 1:colcon.colcon_core.package_identification:_identify(src/py_pubsub) by extension 'colcon_pkg'
[12.475s] Level 1:colcon.colcon_core.package_identification:_identify(src/py_pubsub) by extensions ['colcon_meta']
[12.476s] Level 1:colcon.colcon_core.package_identification:_identify(src/py_pubsub) by extension 'colcon_meta'
[12.478s] Level 1:colcon.colcon_core.package_identification:_identify(src/py_pubsub) by extensions ['ros']
[12.479s] Level 1:colcon.colcon_core.package_identification:_identify(src/py_pubsub) by extension 'ros'
[12.493s] DEBUG:colcon.colcon_core.package_identification:Package 'src/py_pubsub' with type 'ros.ament_python' and name 'py_pubsub'
[12.494s] Level 1:colcon.colcon_core.package_discovery:discover_packages(recursive) using defaults
[12.495s] Level 1:colcon.colcon_core.package_discovery:discover_packages(ignore) discover
[12.496s] Level 1:colcon.colcon_core.package_discovery:discover_packages(ignore) using defaults
[12.496s] Level 1:colcon.colcon_core.package_discovery:discover_packages(path) discover
[12.497s] Level 1:colcon.colcon_core.package_discovery:discover_packages(path) using defaults
[13.373s] INFO:colcon.colcon_core.package_selection:Skipping package 'create3_republisher' in 'src/create3_examples/create3_republisher'
[13.374s] INFO:colcon.colcon_core.package_selection:Skipping package 'create3_lidar_slam' in 'src/create3_examples/create3_lidar_slam'
[13.375s] INFO:colcon.colcon_core.package_selection:Skipping package 'create3_examples_py' in 'src/create3_examples/create3_examples_py'
[13.376s] INFO:colcon.colcon_core.package_selection:Skipping package 'create3_coverage' in 'src/create3_examples/create3_coverage'
[13.377s] INFO:colcon.colcon_core.package_selection:Skipping package 'irobot_create_msgs' in 'src/irobot_create_msgs'
[13.378s] INFO:colcon.colcon_core.package_selection:Skipping package 'create3_teleop' in 'src/create3_examples/create3_teleop'
[13.379s] INFO:colcon.colcon_core.package_selection:Skipping package 'create3_examples_msgs' in 'src/create3_examples/create3_examples_msgs'
[13.405s] Level 1:colcon.colcon_core.package_discovery:discover_packages(prefix_path) check parameters
[13.406s] Level 1:colcon.colcon_core.package_discovery:discover_packages(prefix_path) discover
[13.798s] DEBUG:colcon.colcon_installed_package_information.package_discovery:Found 6 installed packages in /home/group1/create3_examples_ws/install
[13.961s] DEBUG:colcon.colcon_installed_package_information.package_discovery:Found 280 installed packages in /opt/ros/humble
[14.138s] Level 1:colcon.colcon_core.package_discovery:discover_packages(prefix_path) using defaults
[15.752s] Level 5:colcon.colcon_core.verb:set package 'py_pubsub' build argument 'cmake_args' from command line to 'None'
[15.753s] Level 5:colcon.colcon_core.verb:set package 'py_pubsub' build argument 'cmake_target' from command line to 'None'
[15.754s] Level 5:colcon.colcon_core.verb:set package 'py_pubsub' build argument 'cmake_target_skip_unavailable' from command line to 'False'
[15.755s] Level 5:colcon.colcon_core.verb:set package 'py_pubsub' build argument 'cmake_clean_cache' from command line to 'False'
[15.755s] Level 5:colcon.colcon_core.verb:set package 'py_pubsub' build argument 'cmake_clean_first' from command line to 'False'
[15.756s] Level 5:colcon.colcon_core.verb:set package 'py_pubsub' build argument 'cmake_force_configure' from command line to 'False'
[15.757s] Level 5:colcon.colcon_core.verb:set package 'py_pubsub' build argument 'ament_cmake_args' from command line to 'None'
[15.757s] Level 5:colcon.colcon_core.verb:set package 'py_pubsub' build argument 'catkin_cmake_args' from command line to 'None'
[15.758s] Level 5:colcon.colcon_core.verb:set package 'py_pubsub' build argument 'catkin_skip_building_tests' from command line to 'False'
[15.759s] DEBUG:colcon.colcon_core.verb:Building package 'py_pubsub' with the following arguments: {'ament_cmake_args': None, 'build_base': '/home/group1/create3_examples_ws/build/py_pubsub', 'catkin_cmake_args': None, 'catkin_skip_building_tests': False, 'cmake_args': None, 'cmake_clean_cache': False, 'cmake_clean_first': False, 'cmake_force_configure': False, 'cmake_target': None, 'cmake_target_skip_unavailable': False, 'install_base': '/home/group1/create3_examples_ws/install/py_pubsub', 'merge_install': False, 'path': '/home/group1/create3_examples_ws/src/py_pubsub', 'symlink_install': False, 'test_result_base': None}
[15.761s] INFO:colcon.colcon_core.executor:Executing jobs using 'parallel' executor
[15.778s] DEBUG:colcon.colcon_parallel_executor.executor.parallel:run_until_complete
[15.783s] INFO:colcon.colcon_ros.task.ament_python.build:Building ROS package in '/home/group1/create3_examples_ws/src/py_pubsub' with build type 'ament_python'
[15.790s] Level 1:colcon.colcon_core.shell:create_environment_hook('py_pubsub', 'ament_prefix_path')
[15.860s] INFO:colcon.colcon_core.plugin_system:Skipping extension 'colcon_core.shell.bat': Not used on non-Windows systems
[15.865s] INFO:colcon.colcon_core.shell:Creating environment hook '/home/group1/create3_examples_ws/install/py_pubsub/share/py_pubsub/hook/ament_prefix_path.ps1'
[15.885s] INFO:colcon.colcon_core.shell:Creating environment descriptor '/home/group1/create3_examples_ws/install/py_pubsub/share/py_pubsub/hook/ament_prefix_path.dsv'
[15.896s] INFO:colcon.colcon_core.shell:Creating environment hook '/home/group1/create3_examples_ws/install/py_pubsub/share/py_pubsub/hook/ament_prefix_path.sh'
[15.913s] INFO:colcon.colcon_core.shell:Skip shell extension 'powershell' for command environment: Not usable outside of PowerShell
[15.915s] DEBUG:colcon.colcon_core.shell:Skip shell extension 'dsv' for command environment
[24.394s] INFO:colcon.colcon_core.task.python.build:Building Python package in '/home/group1/create3_examples_ws/src/py_pubsub'
[24.400s] INFO:colcon.colcon_core.shell:Skip shell extension 'powershell' for command environment: Not usable outside of PowerShell
[24.401s] DEBUG:colcon.colcon_core.shell:Skip shell extension 'dsv' for command environment
[36.839s] DEBUG:colcon.colcon_core.event_handler.log_command:Invoking command in '/home/group1/create3_examples_ws/src/py_pubsub': PYTHONPATH=/home/group1/create3_examples_ws/build/py_pubsub/prefix_override:/home/group1/create3_examples_ws/install/py_pubsub/lib/python3.10/site-packages:${PYTHONPATH} /usr/bin/python3 -W ignore:setup.py install is deprecated setup.py egg_info --egg-base ../../build/py_pubsub build --build-base /home/group1/create3_examples_ws/build/py_pubsub/build install --record /home/group1/create3_examples_ws/build/py_pubsub/install.log --single-version-externally-managed install_data
[44.563s] DEBUG:colcon.colcon_core.event_handler.log_command:Invoked command in '/home/group1/create3_examples_ws/src/py_pubsub' returned '0': PYTHONPATH=/home/group1/create3_examples_ws/build/py_pubsub/prefix_override:/home/group1/create3_examples_ws/install/py_pubsub/lib/python3.10/site-packages:${PYTHONPATH} /usr/bin/python3 -W ignore:setup.py install is deprecated setup.py egg_info --egg-base ../../build/py_pubsub build --build-base /home/group1/create3_examples_ws/build/py_pubsub/build install --record /home/group1/create3_examples_ws/build/py_pubsub/install.log --single-version-externally-managed install_data
[44.664s] Level 1:colcon.colcon_core.environment:checking '/home/group1/create3_examples_ws/install/py_pubsub' for CMake module files
[44.676s] Level 1:colcon.colcon_core.environment:checking '/home/group1/create3_examples_ws/install/py_pubsub' for CMake config files
[44.697s] Level 1:colcon.colcon_core.environment:checking '/home/group1/create3_examples_ws/install/py_pubsub/lib'
[44.701s] Level 1:colcon.colcon_core.environment:checking '/home/group1/create3_examples_ws/install/py_pubsub/bin'
[44.703s] Level 1:colcon.colcon_core.environment:checking '/home/group1/create3_examples_ws/install/py_pubsub/lib/pkgconfig/py_pubsub.pc'
[44.709s] Level 1:colcon.colcon_core.environment:checking '/home/group1/create3_examples_ws/install/py_pubsub/lib/python3.10/site-packages'
[44.711s] Level 1:colcon.colcon_core.shell:create_environment_hook('py_pubsub', 'pythonpath')
[44.715s] INFO:colcon.colcon_core.shell:Creating environment hook '/home/group1/create3_examples_ws/install/py_pubsub/share/py_pubsub/hook/pythonpath.ps1'
[44.730s] INFO:colcon.colcon_core.shell:Creating environment descriptor '/home/group1/create3_examples_ws/install/py_pubsub/share/py_pubsub/hook/pythonpath.dsv'
[44.742s] INFO:colcon.colcon_core.shell:Creating environment hook '/home/group1/create3_examples_ws/install/py_pubsub/share/py_pubsub/hook/pythonpath.sh'
[44.757s] Level 1:colcon.colcon_core.environment:checking '/home/group1/create3_examples_ws/install/py_pubsub/bin'
[44.759s] Level 1:colcon.colcon_core.environment:create_environment_scripts_only(py_pubsub)
[44.765s] INFO:colcon.colcon_core.shell:Creating package script '/home/group1/create3_examples_ws/install/py_pubsub/share/py_pubsub/package.ps1'
[44.783s] INFO:colcon.colcon_core.shell:Creating package descriptor '/home/group1/create3_examples_ws/install/py_pubsub/share/py_pubsub/package.dsv'
[44.796s] INFO:colcon.colcon_core.shell:Creating package script '/home/group1/create3_examples_ws/install/py_pubsub/share/py_pubsub/package.sh'
[44.813s] INFO:colcon.colcon_core.shell:Creating package script '/home/group1/create3_examples_ws/install/py_pubsub/share/py_pubsub/package.bash'
[44.832s] INFO:colcon.colcon_core.shell:Creating package script '/home/group1/create3_examples_ws/install/py_pubsub/share/py_pubsub/package.zsh'
[44.848s] Level 1:colcon.colcon_core.environment:create_file_with_runtime_dependencies(/home/group1/create3_examples_ws/install/py_pubsub/share/colcon-core/packages/py_pubsub)
[44.854s] DEBUG:colcon.colcon_parallel_executor.executor.parallel:closing loop
[44.858s] DEBUG:colcon.colcon_parallel_executor.executor.parallel:loop closed
[44.861s] DEBUG:colcon.colcon_parallel_executor.executor.parallel:run_until_complete finished with '0'
[44.863s] DEBUG:colcon.colcon_core.event_reactor:joining thread
[45.161s] INFO:colcon.colcon_core.plugin_system:Skipping extension 'colcon_notification.desktop_notification.terminal_notifier': Not used on non-Darwin systems
[45.165s] INFO:colcon.colcon_core.plugin_system:Skipping extension 'colcon_notification.desktop_notification.win32': Not used on non-Windows systems
[45.166s] INFO:colcon.colcon_notification.desktop_notification:Sending desktop notification using 'notify2'
[45.332s] DEBUG:colcon.colcon_notification.desktop_notification.notify2:Failed to initialize notify2: org.freedesktop.DBus.Error.ServiceUnknown: The name org.freedesktop.Notifications was not provided by any .service files
[45.334s] DEBUG:colcon.colcon_core.event_reactor:joined thread
[45.340s] INFO:colcon.colcon_core.shell:Creating prefix script '/home/group1/create3_examples_ws/install/local_setup.ps1'
[45.379s] INFO:colcon.colcon_core.shell:Creating prefix util module '/home/group1/create3_examples_ws/install/_local_setup_util_ps1.py'
[45.417s] INFO:colcon.colcon_core.shell:Creating prefix chain script '/home/group1/create3_examples_ws/install/setup.ps1'
[45.451s] INFO:colcon.colcon_core.shell:Creating prefix script '/home/group1/create3_examples_ws/install/local_setup.sh'
[45.466s] INFO:colcon.colcon_core.shell:Creating prefix util module '/home/group1/create3_examples_ws/install/_local_setup_util_sh.py'
[45.477s] INFO:colcon.colcon_core.shell:Creating prefix chain script '/home/group1/create3_examples_ws/install/setup.sh'
[45.512s] INFO:colcon.colcon_core.shell:Creating prefix script '/home/group1/create3_examples_ws/install/local_setup.bash'
[45.527s] INFO:colcon.colcon_core.shell:Creating prefix chain script '/home/group1/create3_examples_ws/install/setup.bash'
[45.561s] INFO:colcon.colcon_core.shell:Creating prefix script '/home/group1/create3_examples_ws/install/local_setup.zsh'
[45.575s] INFO:colcon.colcon_core.shell:Creating prefix chain script '/home/group1/create3_examples_ws/install/setup.zsh'
